#
# There is insufficient memory for the Java Runtime Environment to continue.
# Native memory allocation (malloc) failed to allocate 73936 bytes for Chunk::new
# Possible reasons:
#   The system is out of physical RAM or swap space
#   The process is running with CompressedOops enabled, and the Java Heap may be blocking the growth of the native heap
# Possible solutions:
#   Reduce memory load on the system
#   Increase physical memory or swap space
#   Check if swap backing store is full
#   Decrease Java heap size (-Xmx/-Xms)
#   Decrease number of Java threads
#   Decrease Java thread stack sizes (-Xss)
#   Set larger code cache with -XX:ReservedCodeCacheSize=
#   JVM is running with Zero Based Compressed Oops mode in which the Java heap is
#     placed in the first 32GB address space. The Java Heap base address is the
#     maximum limit for the native heap growth. Please use -XX:HeapBaseMinAddress
#     to set the Java Heap base and to place the Java Heap above 32GB virtual address.
# This output file may be truncated or incomplete.
#
#  Out of Memory Error (./open/src/hotspot/share/memory/arena.cpp:195), pid=31960, tid=38572
#
# JRE version: OpenJDK Runtime Environment (15.0.2+7) (build 15.0.2+7-27)
# Java VM: OpenJDK 64-Bit Server VM (15.0.2+7-27, mixed mode, tiered, compressed oops, g1 gc, windows-amd64)
# No core dump will be written. Minidumps are not enabled by default on client versions of Windows
#

---------------  S U M M A R Y ------------

Command Line: -Dfile.encoding=Cp1252 -XX:+ShowCodeDetailsInExceptionMessages Board

Host: Intel(R) Core(TM) i5-9300H CPU @ 2.40GHz, 8 cores, 15G,  Windows 10 , 64 bit Build 18362 (10.0.18362.1500)
Time: Wed May 12 22:30:30 2021 Est (heure d?été) elapsed time: 228.533429 seconds (0d 0h 3m 48s)

---------------  T H R E A D  ---------------

Current thread (0x000001f682de44a0):  JavaThread "C2 CompilerThread0" daemon [_thread_in_native, id=38572, stack(0x0000006e9e300000,0x0000006e9e400000)]


Current CompileTask:
C2: 228533 1094       4       jdk.internal.org.objectweb.asm.Symbol::<init> (38 bytes)

Stack: [0x0000006e9e300000,0x0000006e9e400000]
Native frames: (J=compiled Java code, j=interpreted, Vv=VM code, C=native code)
V  [jvm.dll+0x62ae9a]
V  [jvm.dll+0x7817a9]
V  [jvm.dll+0x782f03]
V  [jvm.dll+0x783563]
V  [jvm.dll+0x216325]
V  [jvm.dll+0x97f3a]
V  [jvm.dll+0x9861c]
V  [jvm.dll+0x32e305]
V  [jvm.dll+0x2f768a]
V  [jvm.dll+0x2f6a4a]
V  [jvm.dll+0x1ea705]
V  [jvm.dll+0x1e996e]
V  [jvm.dll+0x178567]
V  [jvm.dll+0x1f9225]
V  [jvm.dll+0x1f72cc]
V  [jvm.dll+0x74495d]
V  [jvm.dll+0x73d75a]
V  [jvm.dll+0x629c56]
C  [ucrtbase.dll+0x210b2]
C  [KERNEL32.DLL+0x17c24]
C  [ntdll.dll+0x6d721]


---------------  P R O C E S S  ---------------

Threads class SMR info:
_java_thread_list=0x000001f68388db50, length=15, elements={
0x000001f682db3010, 0x000001f682db3ac0, 0x000001f682dd2920, 0x000001f682dd7300,
0x000001f682dd7db0, 0x000001f682de44a0, 0x000001f682de6fa0, 0x000001f682dfc170,
0x000001f682f50390, 0x000001f682f66450, 0x000001f6834fb230, 0x000001f683501a80,
0x000001f683504ba0, 0x000001f683541ce0, 0x000001f6e1681d10
}

Java Threads: ( => current thread )
  0x000001f682db3010 JavaThread "Reference Handler" daemon [_thread_blocked, id=23172, stack(0x0000006e9de00000,0x0000006e9df00000)]
  0x000001f682db3ac0 JavaThread "Finalizer" daemon [_thread_blocked, id=20388, stack(0x0000006e9df00000,0x0000006e9e000000)]
  0x000001f682dd2920 JavaThread "Signal Dispatcher" daemon [_thread_blocked, id=34140, stack(0x0000006e9e000000,0x0000006e9e100000)]
  0x000001f682dd7300 JavaThread "Attach Listener" daemon [_thread_blocked, id=6524, stack(0x0000006e9e100000,0x0000006e9e200000)]
  0x000001f682dd7db0 JavaThread "Service Thread" daemon [_thread_blocked, id=38656, stack(0x0000006e9e200000,0x0000006e9e300000)]
=>0x000001f682de44a0 JavaThread "C2 CompilerThread0" daemon [_thread_in_native, id=38572, stack(0x0000006e9e300000,0x0000006e9e400000)]
  0x000001f682de6fa0 JavaThread "C1 CompilerThread0" daemon [_thread_blocked, id=42720, stack(0x0000006e9e400000,0x0000006e9e500000)]
  0x000001f682dfc170 JavaThread "Sweeper thread" daemon [_thread_blocked, id=38272, stack(0x0000006e9e500000,0x0000006e9e600000)]
  0x000001f682f50390 JavaThread "Notification Thread" daemon [_thread_blocked, id=29800, stack(0x0000006e9e600000,0x0000006e9e700000)]
  0x000001f682f66450 JavaThread "Common-Cleaner" daemon [_thread_blocked, id=19812, stack(0x0000006e9e800000,0x0000006e9e900000)]
  0x000001f6834fb230 JavaThread "Java2D Disposer" daemon [_thread_blocked, id=39116, stack(0x0000006e9e900000,0x0000006e9ea00000)]
  0x000001f683501a80 JavaThread "AWT-Shutdown" [_thread_blocked, id=39648, stack(0x0000006e9ea00000,0x0000006e9eb00000)]
  0x000001f683504ba0 JavaThread "AWT-Windows" daemon [_thread_in_native, id=44044, stack(0x0000006e9eb00000,0x0000006e9ec00000)]
  0x000001f683541ce0 JavaThread "AWT-EventQueue-0" [_thread_blocked, id=35624, stack(0x0000006e9ec00000,0x0000006e9ed00000)]
  0x000001f6e1681d10 JavaThread "DestroyJavaVM" [_thread_blocked, id=36104, stack(0x0000006e9d700000,0x0000006e9d800000)]

Other Threads:
  0x000001f682d7b710 VMThread "VM Thread" [stack: 0x0000006e9dd00000,0x0000006e9de00000] [id=43284]
  0x000001f682f50860 WatcherThread [stack: 0x0000006e9e700000,0x0000006e9e800000] [id=35368]
  0x000001f6e16d41b0 GCTaskThread "GC Thread#0" [stack: 0x0000006e9d800000,0x0000006e9d900000] [id=10364]
  0x000001f6e16e69c0 ConcurrentGCThread "G1 Main Marker" [stack: 0x0000006e9d900000,0x0000006e9da00000] [id=26576]
  0x000001f6e16e7630 ConcurrentGCThread "G1 Conc#0" [stack: 0x0000006e9da00000,0x0000006e9db00000] [id=39416]
  0x000001f6823b24d0 ConcurrentGCThread "G1 Refine#0" [stack: 0x0000006e9db00000,0x0000006e9dc00000] [id=22840]
  0x000001f6823b2ee0 ConcurrentGCThread "G1 Young RemSet Sampling" [stack: 0x0000006e9dc00000,0x0000006e9dd00000] [id=34004]

Threads with active compile tasks:
C2 CompilerThread0   228563 1094       4       jdk.internal.org.objectweb.asm.Symbol::<init> (38 bytes)

VM state: not at safepoint (normal execution)

VM Mutex/Monitor currently owned by a thread: None

Heap address: 0x0000000702600000, size: 4058 MB, Compressed Oops mode: Zero based, Oop shift amount: 3
CDS disabled.
Compressed class space mapped at: 0x0000000800000000-0x0000000840000000, size: 1073741824
Narrow klass base: 0x0000000800000000, Narrow klass shift: 0, Narrow klass range: 0x40000000

GC Precious Log:
 CPUs: 8 total, 8 available
 Memory: 16228M
 Large Page Support: Disabled
 NUMA Support: Disabled
 Compressed Oops: Enabled (Zero based)
 Heap Region Size: 2M
 Heap Min Capacity: 8M
 Heap Initial Capacity: 254M
 Heap Max Capacity: 4058M
 Pre-touch: Disabled
 Parallel Workers: 8
 Concurrent Workers: 2
 Concurrent Refinement Workers: 8
 Periodic GC: Disabled

Heap:
 garbage-first heap   total 260096K, used 12288K [0x0000000702600000, 0x0000000800000000)
  region size 2048K, 6 young (12288K), 0 survivors (0K)
 Metaspace       used 13052K, capacity 13224K, committed 13440K, reserved 1060864K
  class space    used 1239K, capacity 1311K, committed 1408K, reserved 1048576K

Heap Regions: E=young(eden), S=young(survivor), O=old, HS=humongous(starts), HC=humongous(continues), CS=collection set, F=free, OA=open archive, CA=closed archive, TAMS=top-at-mark-start (previous, next)
|   0|0x0000000702600000, 0x0000000702800000, 0x0000000702800000|100%|HS|  |TAMS 0x0000000702600000, 0x0000000702600000| Complete 
|   1|0x0000000702800000, 0x0000000702800000, 0x0000000702a00000|  0%| F|  |TAMS 0x0000000702800000, 0x0000000702800000| Untracked 
|   2|0x0000000702a00000, 0x0000000702a00000, 0x0000000702c00000|  0%| F|  |TAMS 0x0000000702a00000, 0x0000000702a00000| Untracked 
|   3|0x0000000702c00000, 0x0000000702c00000, 0x0000000702e00000|  0%| F|  |TAMS 0x0000000702c00000, 0x0000000702c00000| Untracked 
|   4|0x0000000702e00000, 0x0000000702e00000, 0x0000000703000000|  0%| F|  |TAMS 0x0000000702e00000, 0x0000000702e00000| Untracked 
|   5|0x0000000703000000, 0x0000000703000000, 0x0000000703200000|  0%| F|  |TAMS 0x0000000703000000, 0x0000000703000000| Untracked 
|   6|0x0000000703200000, 0x0000000703200000, 0x0000000703400000|  0%| F|  |TAMS 0x0000000703200000, 0x0000000703200000| Untracked 
|   7|0x0000000703400000, 0x0000000703400000, 0x0000000703600000|  0%| F|  |TAMS 0x0000000703400000, 0x0000000703400000| Untracked 
|   8|0x0000000703600000, 0x0000000703600000, 0x0000000703800000|  0%| F|  |TAMS 0x0000000703600000, 0x0000000703600000| Untracked 
|   9|0x0000000703800000, 0x0000000703800000, 0x0000000703a00000|  0%| F|  |TAMS 0x0000000703800000, 0x0000000703800000| Untracked 
|  10|0x0000000703a00000, 0x0000000703a00000, 0x0000000703c00000|  0%| F|  |TAMS 0x0000000703a00000, 0x0000000703a00000| Untracked 
|  11|0x0000000703c00000, 0x0000000703c00000, 0x0000000703e00000|  0%| F|  |TAMS 0x0000000703c00000, 0x0000000703c00000| Untracked 
|  12|0x0000000703e00000, 0x0000000703e00000, 0x0000000704000000|  0%| F|  |TAMS 0x0000000703e00000, 0x0000000703e00000| Untracked 
|  13|0x0000000704000000, 0x0000000704000000, 0x0000000704200000|  0%| F|  |TAMS 0x0000000704000000, 0x0000000704000000| Untracked 
|  14|0x0000000704200000, 0x0000000704200000, 0x0000000704400000|  0%| F|  |TAMS 0x0000000704200000, 0x0000000704200000| Untracked 
|  15|0x0000000704400000, 0x0000000704400000, 0x0000000704600000|  0%| F|  |TAMS 0x0000000704400000, 0x0000000704400000| Untracked 
|  16|0x0000000704600000, 0x0000000704600000, 0x0000000704800000|  0%| F|  |TAMS 0x0000000704600000, 0x0000000704600000| Untracked 
|  17|0x0000000704800000, 0x0000000704800000, 0x0000000704a00000|  0%| F|  |TAMS 0x0000000704800000, 0x0000000704800000| Untracked 
|  18|0x0000000704a00000, 0x0000000704a00000, 0x0000000704c00000|  0%| F|  |TAMS 0x0000000704a00000, 0x0000000704a00000| Untracked 
|  19|0x0000000704c00000, 0x0000000704c00000, 0x0000000704e00000|  0%| F|  |TAMS 0x0000000704c00000, 0x0000000704c00000| Untracked 
|  20|0x0000000704e00000, 0x0000000704e00000, 0x0000000705000000|  0%| F|  |TAMS 0x0000000704e00000, 0x0000000704e00000| Untracked 
|  21|0x0000000705000000, 0x0000000705000000, 0x0000000705200000|  0%| F|  |TAMS 0x0000000705000000, 0x0000000705000000| Untracked 
|  22|0x0000000705200000, 0x0000000705200000, 0x0000000705400000|  0%| F|  |TAMS 0x0000000705200000, 0x0000000705200000| Untracked 
|  23|0x0000000705400000, 0x0000000705400000, 0x0000000705600000|  0%| F|  |TAMS 0x0000000705400000, 0x0000000705400000| Untracked 
|  24|0x0000000705600000, 0x0000000705600000, 0x0000000705800000|  0%| F|  |TAMS 0x0000000705600000, 0x0000000705600000| Untracked 
|  25|0x0000000705800000, 0x0000000705800000, 0x0000000705a00000|  0%| F|  |TAMS 0x0000000705800000, 0x0000000705800000| Untracked 
|  26|0x0000000705a00000, 0x0000000705a00000, 0x0000000705c00000|  0%| F|  |TAMS 0x0000000705a00000, 0x0000000705a00000| Untracked 
|  27|0x0000000705c00000, 0x0000000705c00000, 0x0000000705e00000|  0%| F|  |TAMS 0x0000000705c00000, 0x0000000705c00000| Untracked 
|  28|0x0000000705e00000, 0x0000000705e00000, 0x0000000706000000|  0%| F|  |TAMS 0x0000000705e00000, 0x0000000705e00000| Untracked 
|  29|0x0000000706000000, 0x0000000706000000, 0x0000000706200000|  0%| F|  |TAMS 0x0000000706000000, 0x0000000706000000| Untracked 
|  30|0x0000000706200000, 0x0000000706200000, 0x0000000706400000|  0%| F|  |TAMS 0x0000000706200000, 0x0000000706200000| Untracked 
|  31|0x0000000706400000, 0x0000000706400000, 0x0000000706600000|  0%| F|  |TAMS 0x0000000706400000, 0x0000000706400000| Untracked 
|  32|0x0000000706600000, 0x0000000706600000, 0x0000000706800000|  0%| F|  |TAMS 0x0000000706600000, 0x0000000706600000| Untracked 
|  33|0x0000000706800000, 0x0000000706800000, 0x0000000706a00000|  0%| F|  |TAMS 0x0000000706800000, 0x0000000706800000| Untracked 
|  34|0x0000000706a00000, 0x0000000706a00000, 0x0000000706c00000|  0%| F|  |TAMS 0x0000000706a00000, 0x0000000706a00000| Untracked 
|  35|0x0000000706c00000, 0x0000000706c00000, 0x0000000706e00000|  0%| F|  |TAMS 0x0000000706c00000, 0x0000000706c00000| Untracked 
|  36|0x0000000706e00000, 0x0000000706e00000, 0x0000000707000000|  0%| F|  |TAMS 0x0000000706e00000, 0x0000000706e00000| Untracked 
|  37|0x0000000707000000, 0x0000000707000000, 0x0000000707200000|  0%| F|  |TAMS 0x0000000707000000, 0x0000000707000000| Untracked 
|  38|0x0000000707200000, 0x0000000707200000, 0x0000000707400000|  0%| F|  |TAMS 0x0000000707200000, 0x0000000707200000| Untracked 
|  39|0x0000000707400000, 0x0000000707400000, 0x0000000707600000|  0%| F|  |TAMS 0x0000000707400000, 0x0000000707400000| Untracked 
|  40|0x0000000707600000, 0x0000000707600000, 0x0000000707800000|  0%| F|  |TAMS 0x0000000707600000, 0x0000000707600000| Untracked 
|  41|0x0000000707800000, 0x0000000707800000, 0x0000000707a00000|  0%| F|  |TAMS 0x0000000707800000, 0x0000000707800000| Untracked 
|  42|0x0000000707a00000, 0x0000000707a00000, 0x0000000707c00000|  0%| F|  |TAMS 0x0000000707a00000, 0x0000000707a00000| Untracked 
|  43|0x0000000707c00000, 0x0000000707c00000, 0x0000000707e00000|  0%| F|  |TAMS 0x0000000707c00000, 0x0000000707c00000| Untracked 
|  44|0x0000000707e00000, 0x0000000707e00000, 0x0000000708000000|  0%| F|  |TAMS 0x0000000707e00000, 0x0000000707e00000| Untracked 
|  45|0x0000000708000000, 0x0000000708000000, 0x0000000708200000|  0%| F|  |TAMS 0x0000000708000000, 0x0000000708000000| Untracked 
|  46|0x0000000708200000, 0x0000000708200000, 0x0000000708400000|  0%| F|  |TAMS 0x0000000708200000, 0x0000000708200000| Untracked 
|  47|0x0000000708400000, 0x0000000708400000, 0x0000000708600000|  0%| F|  |TAMS 0x0000000708400000, 0x0000000708400000| Untracked 
|  48|0x0000000708600000, 0x0000000708600000, 0x0000000708800000|  0%| F|  |TAMS 0x0000000708600000, 0x0000000708600000| Untracked 
|  49|0x0000000708800000, 0x0000000708800000, 0x0000000708a00000|  0%| F|  |TAMS 0x0000000708800000, 0x0000000708800000| Untracked 
|  50|0x0000000708a00000, 0x0000000708a00000, 0x0000000708c00000|  0%| F|  |TAMS 0x0000000708a00000, 0x0000000708a00000| Untracked 
|  51|0x0000000708c00000, 0x0000000708c00000, 0x0000000708e00000|  0%| F|  |TAMS 0x0000000708c00000, 0x0000000708c00000| Untracked 
|  52|0x0000000708e00000, 0x0000000708e00000, 0x0000000709000000|  0%| F|  |TAMS 0x0000000708e00000, 0x0000000708e00000| Untracked 
|  53|0x0000000709000000, 0x0000000709000000, 0x0000000709200000|  0%| F|  |TAMS 0x0000000709000000, 0x0000000709000000| Untracked 
|  54|0x0000000709200000, 0x0000000709200000, 0x0000000709400000|  0%| F|  |TAMS 0x0000000709200000, 0x0000000709200000| Untracked 
|  55|0x0000000709400000, 0x0000000709400000, 0x0000000709600000|  0%| F|  |TAMS 0x0000000709400000, 0x0000000709400000| Untracked 
|  56|0x0000000709600000, 0x0000000709600000, 0x0000000709800000|  0%| F|  |TAMS 0x0000000709600000, 0x0000000709600000| Untracked 
|  57|0x0000000709800000, 0x0000000709800000, 0x0000000709a00000|  0%| F|  |TAMS 0x0000000709800000, 0x0000000709800000| Untracked 
|  58|0x0000000709a00000, 0x0000000709a00000, 0x0000000709c00000|  0%| F|  |TAMS 0x0000000709a00000, 0x0000000709a00000| Untracked 
|  59|0x0000000709c00000, 0x0000000709c00000, 0x0000000709e00000|  0%| F|  |TAMS 0x0000000709c00000, 0x0000000709c00000| Untracked 
|  60|0x0000000709e00000, 0x0000000709e00000, 0x000000070a000000|  0%| F|  |TAMS 0x0000000709e00000, 0x0000000709e00000| Untracked 
|  61|0x000000070a000000, 0x000000070a000000, 0x000000070a200000|  0%| F|  |TAMS 0x000000070a000000, 0x000000070a000000| Untracked 
|  62|0x000000070a200000, 0x000000070a200000, 0x000000070a400000|  0%| F|  |TAMS 0x000000070a200000, 0x000000070a200000| Untracked 
|  63|0x000000070a400000, 0x000000070a400000, 0x000000070a600000|  0%| F|  |TAMS 0x000000070a400000, 0x000000070a400000| Untracked 
|  64|0x000000070a600000, 0x000000070a600000, 0x000000070a800000|  0%| F|  |TAMS 0x000000070a600000, 0x000000070a600000| Untracked 
|  65|0x000000070a800000, 0x000000070a800000, 0x000000070aa00000|  0%| F|  |TAMS 0x000000070a800000, 0x000000070a800000| Untracked 
|  66|0x000000070aa00000, 0x000000070aa00000, 0x000000070ac00000|  0%| F|  |TAMS 0x000000070aa00000, 0x000000070aa00000| Untracked 
|  67|0x000000070ac00000, 0x000000070ac00000, 0x000000070ae00000|  0%| F|  |TAMS 0x000000070ac00000, 0x000000070ac00000| Untracked 
|  68|0x000000070ae00000, 0x000000070ae00000, 0x000000070b000000|  0%| F|  |TAMS 0x000000070ae00000, 0x000000070ae00000| Untracked 
|  69|0x000000070b000000, 0x000000070b000000, 0x000000070b200000|  0%| F|  |TAMS 0x000000070b000000, 0x000000070b000000| Untracked 
|  70|0x000000070b200000, 0x000000070b200000, 0x000000070b400000|  0%| F|  |TAMS 0x000000070b200000, 0x000000070b200000| Untracked 
|  71|0x000000070b400000, 0x000000070b400000, 0x000000070b600000|  0%| F|  |TAMS 0x000000070b400000, 0x000000070b400000| Untracked 
|  72|0x000000070b600000, 0x000000070b600000, 0x000000070b800000|  0%| F|  |TAMS 0x000000070b600000, 0x000000070b600000| Untracked 
|  73|0x000000070b800000, 0x000000070b800000, 0x000000070ba00000|  0%| F|  |TAMS 0x000000070b800000, 0x000000070b800000| Untracked 
|  74|0x000000070ba00000, 0x000000070ba00000, 0x000000070bc00000|  0%| F|  |TAMS 0x000000070ba00000, 0x000000070ba00000| Untracked 
|  75|0x000000070bc00000, 0x000000070bc00000, 0x000000070be00000|  0%| F|  |TAMS 0x000000070bc00000, 0x000000070bc00000| Untracked 
|  76|0x000000070be00000, 0x000000070be00000, 0x000000070c000000|  0%| F|  |TAMS 0x000000070be00000, 0x000000070be00000| Untracked 
|  77|0x000000070c000000, 0x000000070c000000, 0x000000070c200000|  0%| F|  |TAMS 0x000000070c000000, 0x000000070c000000| Untracked 
|  78|0x000000070c200000, 0x000000070c200000, 0x000000070c400000|  0%| F|  |TAMS 0x000000070c200000, 0x000000070c200000| Untracked 
|  79|0x000000070c400000, 0x000000070c400000, 0x000000070c600000|  0%| F|  |TAMS 0x000000070c400000, 0x000000070c400000| Untracked 
|  80|0x000000070c600000, 0x000000070c600000, 0x000000070c800000|  0%| F|  |TAMS 0x000000070c600000, 0x000000070c600000| Untracked 
|  81|0x000000070c800000, 0x000000070c800000, 0x000000070ca00000|  0%| F|  |TAMS 0x000000070c800000, 0x000000070c800000| Untracked 
|  82|0x000000070ca00000, 0x000000070ca00000, 0x000000070cc00000|  0%| F|  |TAMS 0x000000070ca00000, 0x000000070ca00000| Untracked 
|  83|0x000000070cc00000, 0x000000070cc00000, 0x000000070ce00000|  0%| F|  |TAMS 0x000000070cc00000, 0x000000070cc00000| Untracked 
|  84|0x000000070ce00000, 0x000000070ce00000, 0x000000070d000000|  0%| F|  |TAMS 0x000000070ce00000, 0x000000070ce00000| Untracked 
|  85|0x000000070d000000, 0x000000070d000000, 0x000000070d200000|  0%| F|  |TAMS 0x000000070d000000, 0x000000070d000000| Untracked 
|  86|0x000000070d200000, 0x000000070d200000, 0x000000070d400000|  0%| F|  |TAMS 0x000000070d200000, 0x000000070d200000| Untracked 
|  87|0x000000070d400000, 0x000000070d400000, 0x000000070d600000|  0%| F|  |TAMS 0x000000070d400000, 0x000000070d400000| Untracked 
|  88|0x000000070d600000, 0x000000070d600000, 0x000000070d800000|  0%| F|  |TAMS 0x000000070d600000, 0x000000070d600000| Untracked 
|  89|0x000000070d800000, 0x000000070d800000, 0x000000070da00000|  0%| F|  |TAMS 0x000000070d800000, 0x000000070d800000| Untracked 
|  90|0x000000070da00000, 0x000000070da00000, 0x000000070dc00000|  0%| F|  |TAMS 0x000000070da00000, 0x000000070da00000| Untracked 
|  91|0x000000070dc00000, 0x000000070dc00000, 0x000000070de00000|  0%| F|  |TAMS 0x000000070dc00000, 0x000000070dc00000| Untracked 
|  92|0x000000070de00000, 0x000000070de00000, 0x000000070e000000|  0%| F|  |TAMS 0x000000070de00000, 0x000000070de00000| Untracked 
|  93|0x000000070e000000, 0x000000070e000000, 0x000000070e200000|  0%| F|  |TAMS 0x000000070e000000, 0x000000070e000000| Untracked 
|  94|0x000000070e200000, 0x000000070e200000, 0x000000070e400000|  0%| F|  |TAMS 0x000000070e200000, 0x000000070e200000| Untracked 
|  95|0x000000070e400000, 0x000000070e400000, 0x000000070e600000|  0%| F|  |TAMS 0x000000070e400000, 0x000000070e400000| Untracked 
|  96|0x000000070e600000, 0x000000070e600000, 0x000000070e800000|  0%| F|  |TAMS 0x000000070e600000, 0x000000070e600000| Untracked 
|  97|0x000000070e800000, 0x000000070e800000, 0x000000070ea00000|  0%| F|  |TAMS 0x000000070e800000, 0x000000070e800000| Untracked 
|  98|0x000000070ea00000, 0x000000070ea00000, 0x000000070ec00000|  0%| F|  |TAMS 0x000000070ea00000, 0x000000070ea00000| Untracked 
|  99|0x000000070ec00000, 0x000000070ec00000, 0x000000070ee00000|  0%| F|  |TAMS 0x000000070ec00000, 0x000000070ec00000| Untracked 
| 100|0x000000070ee00000, 0x000000070ee00000, 0x000000070f000000|  0%| F|  |TAMS 0x000000070ee00000, 0x000000070ee00000| Untracked 
| 101|0x000000070f000000, 0x000000070f000000, 0x000000070f200000|  0%| F|  |TAMS 0x000000070f000000, 0x000000070f000000| Untracked 
| 102|0x000000070f200000, 0x000000070f200000, 0x000000070f400000|  0%| F|  |TAMS 0x000000070f200000, 0x000000070f200000| Untracked 
| 103|0x000000070f400000, 0x000000070f400000, 0x000000070f600000|  0%| F|  |TAMS 0x000000070f400000, 0x000000070f400000| Untracked 
| 104|0x000000070f600000, 0x000000070f600000, 0x000000070f800000|  0%| F|  |TAMS 0x000000070f600000, 0x000000070f600000| Untracked 
| 105|0x000000070f800000, 0x000000070f800000, 0x000000070fa00000|  0%| F|  |TAMS 0x000000070f800000, 0x000000070f800000| Untracked 
| 106|0x000000070fa00000, 0x000000070fa00000, 0x000000070fc00000|  0%| F|  |TAMS 0x000000070fa00000, 0x000000070fa00000| Untracked 
| 107|0x000000070fc00000, 0x000000070fc00000, 0x000000070fe00000|  0%| F|  |TAMS 0x000000070fc00000, 0x000000070fc00000| Untracked 
| 108|0x000000070fe00000, 0x000000070fe00000, 0x0000000710000000|  0%| F|  |TAMS 0x000000070fe00000, 0x000000070fe00000| Untracked 
| 109|0x0000000710000000, 0x0000000710000000, 0x0000000710200000|  0%| F|  |TAMS 0x0000000710000000, 0x0000000710000000| Untracked 
| 110|0x0000000710200000, 0x0000000710200000, 0x0000000710400000|  0%| F|  |TAMS 0x0000000710200000, 0x0000000710200000| Untracked 
| 111|0x0000000710400000, 0x0000000710400000, 0x0000000710600000|  0%| F|  |TAMS 0x0000000710400000, 0x0000000710400000| Untracked 
| 112|0x0000000710600000, 0x0000000710600000, 0x0000000710800000|  0%| F|  |TAMS 0x0000000710600000, 0x0000000710600000| Untracked 
| 113|0x0000000710800000, 0x0000000710800000, 0x0000000710a00000|  0%| F|  |TAMS 0x0000000710800000, 0x0000000710800000| Untracked 
| 114|0x0000000710a00000, 0x0000000710a00000, 0x0000000710c00000|  0%| F|  |TAMS 0x0000000710a00000, 0x0000000710a00000| Untracked 
| 115|0x0000000710c00000, 0x0000000710c00000, 0x0000000710e00000|  0%| F|  |TAMS 0x0000000710c00000, 0x0000000710c00000| Untracked 
| 116|0x0000000710e00000, 0x0000000710e00000, 0x0000000711000000|  0%| F|  |TAMS 0x0000000710e00000, 0x0000000710e00000| Untracked 
| 117|0x0000000711000000, 0x0000000711000000, 0x0000000711200000|  0%| F|  |TAMS 0x0000000711000000, 0x0000000711000000| Untracked 
| 118|0x0000000711200000, 0x0000000711200000, 0x0000000711400000|  0%| F|  |TAMS 0x0000000711200000, 0x0000000711200000| Untracked 
| 119|0x0000000711400000, 0x0000000711400000, 0x0000000711600000|  0%| F|  |TAMS 0x0000000711400000, 0x0000000711400000| Untracked 
| 120|0x0000000711600000, 0x0000000711600000, 0x0000000711800000|  0%| F|  |TAMS 0x0000000711600000, 0x0000000711600000| Untracked 
| 121|0x0000000711800000, 0x00000007118e4cc8, 0x0000000711a00000| 44%| E|  |TAMS 0x0000000711800000, 0x0000000711800000| Complete 
| 122|0x0000000711a00000, 0x0000000711c00000, 0x0000000711c00000|100%| E|CS|TAMS 0x0000000711a00000, 0x0000000711a00000| Complete 
| 123|0x0000000711c00000, 0x0000000711e00000, 0x0000000711e00000|100%| E|CS|TAMS 0x0000000711c00000, 0x0000000711c00000| Complete 
| 124|0x0000000711e00000, 0x0000000712000000, 0x0000000712000000|100%| E|CS|TAMS 0x0000000711e00000, 0x0000000711e00000| Complete 
| 125|0x0000000712000000, 0x0000000712200000, 0x0000000712200000|100%| E|CS|TAMS 0x0000000712000000, 0x0000000712000000| Complete 
| 126|0x0000000712200000, 0x0000000712400000, 0x0000000712400000|100%| E|CS|TAMS 0x0000000712200000, 0x0000000712200000| Complete 

Card table byte_map: [0x000001f6f6ac0000,0x000001f6f72b0000] _byte_map_base: 0x000001f6f32ad000

Marking Bits (Prev, Next): (CMBitMap*) 0x000001f6e16d5a30, (CMBitMap*) 0x000001f6e16d5a70
 Prev Bits: [0x000001f6f7aa0000, 0x000001f6fba08000)
 Next Bits: [0x000001f6fba10000, 0x000001f6ff978000)

Polling page: 0x000001f6e1430000

Metaspace:

Usage:
  Non-class:     11.63 MB capacity,    11.54 MB (>99%) used,    85.42 KB ( <1%) free+waste,    15.19 KB ( <1%) overhead. 
      Class:      1.28 MB capacity,     1.21 MB ( 95%) used,    65.73 KB (  5%) free+waste,     5.38 KB ( <1%) overhead. 
       Both:     12.91 MB capacity,    12.75 MB ( 99%) used,   151.16 KB (  1%) free+waste,    20.56 KB ( <1%) overhead. 

Virtual space:
  Non-class space:       12.00 MB reserved,      11.75 MB ( 98%) committed 
      Class space:        1.00 GB reserved,       1.38 MB ( <1%) committed 
             Both:        1.01 GB reserved,      13.13 MB (  1%) committed 

Chunk freelists:
   Non-Class:  55.00 KB
       Class:  1.00 KB
        Both:  56.00 KB

MaxMetaspaceSize: 17179869184.00 GB
CompressedClassSpaceSize: 1.00 GB

CodeHeap 'non-profiled nmethods': size=120000Kb used=343Kb max_used=343Kb free=119656Kb
 bounds [0x000001f6ee330000, 0x000001f6ee5a0000, 0x000001f6f5860000]
CodeHeap 'profiled nmethods': size=120000Kb used=1584Kb max_used=1584Kb free=118415Kb
 bounds [0x000001f6e6e00000, 0x000001f6e7070000, 0x000001f6ee330000]
CodeHeap 'non-nmethods': size=5760Kb used=1251Kb max_used=1268Kb free=4508Kb
 bounds [0x000001f6e6860000, 0x000001f6e6ad0000, 0x000001f6e6e00000]
 total_blobs=1631 nmethods=1097 adapters=447
 compilation: enabled
              stopped_count=0, restarted_count=0
 full_count=0

Compilation events (20 events):
Event: 1.504 Thread 0x000001f682de44a0 nmethod 1069 0x000001f6ee383d10 code [0x000001f6ee383ec0, 0x000001f6ee3846f8]
Event: 1.504 Thread 0x000001f682de44a0 1084       4       java.lang.StrictMath::floorOrCeil (128 bytes)
Event: 1.505 Thread 0x000001f682de44a0 nmethod 1084 0x000001f6ee384d10 code [0x000001f6ee384ea0, 0x000001f6ee384f98]
Event: 1.506 Thread 0x000001f682de6fa0 1085   !   3       sun.awt.AWTAutoShutdown::setToolkitBusy (124 bytes)
Event: 1.507 Thread 0x000001f682de6fa0 nmethod 1085 0x000001f6e6f87910 code [0x000001f6e6f87b20, 0x000001f6e6f88108]
Event: 1.542 Thread 0x000001f682de6fa0 1086       3       java.awt.Container::getChildAt (54 bytes)
Event: 1.542 Thread 0x000001f682de6fa0 nmethod 1086 0x000001f6e6f88410 code [0x000001f6e6f885e0, 0x000001f6e6f88b18]
Event: 1.543 Thread 0x000001f682de6fa0 1087       3       java.awt.Component::getCursor_NoClientCode (30 bytes)
Event: 1.543 Thread 0x000001f682de6fa0 nmethod 1087 0x000001f6e6f88c90 code [0x000001f6e6f88e60, 0x000001f6e6f891a8]
Event: 1.543 Thread 0x000001f682de6fa0 1088       1       java.awt.event.InputEvent::isConsumed (5 bytes)
Event: 1.543 Thread 0x000001f682de6fa0 nmethod 1088 0x000001f6ee385090 code [0x000001f6ee385220, 0x000001f6ee3852d8]
Event: 1.550 Thread 0x000001f682de6fa0 1089       1       java.security.AccessControlContext::getCombiner (5 bytes)
Event: 1.550 Thread 0x000001f682de6fa0 nmethod 1089 0x000001f6ee385390 code [0x000001f6ee385520, 0x000001f6ee3855d8]
Event: 1.550 Thread 0x000001f682de6fa0 1090       1       java.security.AccessControlContext::getContext (5 bytes)
Event: 1.550 Thread 0x000001f682de6fa0 nmethod 1090 0x000001f6ee385690 code [0x000001f6ee385820, 0x000001f6ee3858d8]
Event: 2.351 Thread 0x000001f682de6fa0 1091       3       java.util.ArrayList::<init> (12 bytes)
Event: 2.351 Thread 0x000001f682de6fa0 nmethod 1091 0x000001f6e6f89310 code [0x000001f6e6f894c0, 0x000001f6e6f89758]
Event: 228.517 Thread 0x000001f682de6fa0 1092       3       java.lang.invoke.DirectMethodHandle::maybeCompile (24 bytes)
Event: 228.518 Thread 0x000001f682de6fa0 nmethod 1092 0x000001f6e6f89890 code [0x000001f6e6f89ae0, 0x000001f6e6f8a298]
Event: 228.529 Thread 0x000001f682de44a0 1094       4       jdk.internal.org.objectweb.asm.Symbol::<init> (38 bytes)

GC Heap History (0 events):
No events

Deoptimization events (20 events):
Event: 0.366 Thread 0x000001f683541ce0 DEOPT PACKING pc=0x000001f6e6f15481 sp=0x0000006e9ecfc330
Event: 0.366 Thread 0x000001f683541ce0 DEOPT UNPACKING pc=0x000001f6e68ae23f sp=0x0000006e9ecfb7a0 mode 0
Event: 0.367 Thread 0x000001f683541ce0 DEOPT PACKING pc=0x000001f6e6f15481 sp=0x0000006e9ecfc330
Event: 0.367 Thread 0x000001f683541ce0 DEOPT UNPACKING pc=0x000001f6e68ae23f sp=0x0000006e9ecfb7a0 mode 0
Event: 0.368 Thread 0x000001f683541ce0 DEOPT PACKING pc=0x000001f6e6f15481 sp=0x0000006e9ecfc330
Event: 0.368 Thread 0x000001f683541ce0 DEOPT UNPACKING pc=0x000001f6e68ae23f sp=0x0000006e9ecfb7a0 mode 0
Event: 0.388 Thread 0x000001f683541ce0 DEOPT PACKING pc=0x000001f6e6f26543 sp=0x0000006e9ecfc320
Event: 0.388 Thread 0x000001f683541ce0 DEOPT UNPACKING pc=0x000001f6e68ae23f sp=0x0000006e9ecfb808 mode 0
Event: 0.390 Thread 0x000001f683541ce0 DEOPT PACKING pc=0x000001f6e6f26543 sp=0x0000006e9ecfc320
Event: 0.390 Thread 0x000001f683541ce0 DEOPT UNPACKING pc=0x000001f6e68ae23f sp=0x0000006e9ecfb808 mode 0
Event: 0.392 Thread 0x000001f683541ce0 DEOPT PACKING pc=0x000001f6e6f26543 sp=0x0000006e9ecfc320
Event: 0.392 Thread 0x000001f683541ce0 DEOPT UNPACKING pc=0x000001f6e68ae23f sp=0x0000006e9ecfb808 mode 0
Event: 0.394 Thread 0x000001f683541ce0 DEOPT PACKING pc=0x000001f6e6f26543 sp=0x0000006e9ecfc2f0
Event: 0.394 Thread 0x000001f683541ce0 DEOPT UNPACKING pc=0x000001f6e68ae23f sp=0x0000006e9ecfb7d8 mode 0
Event: 0.397 Thread 0x000001f683541ce0 DEOPT PACKING pc=0x000001f6e6f26543 sp=0x0000006e9ecfc2f0
Event: 0.397 Thread 0x000001f683541ce0 DEOPT UNPACKING pc=0x000001f6e68ae23f sp=0x0000006e9ecfb7d8 mode 0
Event: 0.399 Thread 0x000001f683541ce0 DEOPT PACKING pc=0x000001f6e6f26543 sp=0x0000006e9ecfc2f0
Event: 0.399 Thread 0x000001f683541ce0 DEOPT UNPACKING pc=0x000001f6e68ae23f sp=0x0000006e9ecfb7d8 mode 0
Event: 1.496 Thread 0x000001f683541ce0 DEOPT PACKING pc=0x000001f6e6f19287 sp=0x0000006e9ecfcdb0
Event: 1.496 Thread 0x000001f683541ce0 DEOPT UNPACKING pc=0x000001f6e68ae23f sp=0x0000006e9ecfc2b0 mode 0

Classes unloaded (0 events):
No events

Classes redefined (0 events):
No events

Internal exceptions (13 events):
Event: 0.099 Thread 0x000001f6e1681d10 Exception <a 'java/lang/NoSuchMethodError'{0x0000000712319d68}: 'void java.lang.invoke.DirectMethodHandle$Holder.invokeSpecial(java.lang.Object, java.lang.Object, java.lang.Object)'> (0x0000000712319d68) 
thrown [./open/src/hotspot/share/interpreter/linkResolver.cpp, line 782]
Event: 0.118 Thread 0x000001f6e1681d10 Exception <a 'java/lang/ClassNotFoundException'{0x0000000712339e90}: sun/awt/resources/spi/awtProvider> (0x0000000712339e90) 
thrown [./open/src/hotspot/share/classfile/systemDictionary.cpp, line 295]
Event: 0.138 Thread 0x000001f6e1681d10 Exception <a 'java/io/FileNotFoundException'{0x0000000712395fc8}> (0x0000000712395fc8) 
thrown [./open/src/hotspot/share/prims/jni.cpp, line 578]
Event: 0.143 Thread 0x000001f6e1681d10 Exception <a 'java/io/FileNotFoundException'{0x00000007123c4ad0}> (0x00000007123c4ad0) 
thrown [./open/src/hotspot/share/prims/jni.cpp, line 578]
Event: 0.143 Thread 0x000001f6e1681d10 Exception <a 'java/lang/NoSuchMethodError'{0x00000007123c5de8}: 'java.lang.Object java.lang.invoke.DirectMethodHandle$Holder.invokeStatic(java.lang.Object)'> (0x00000007123c5de8) 
thrown [./open/src/hotspot/share/interpreter/linkResolver.cpp, line 782]
Event: 0.177 Thread 0x000001f6e1681d10 Exception <a 'java/lang/NoSuchMethodError'{0x00000007120103a8}: 'java.lang.Object java.lang.invoke.DirectMethodHandle$Holder.invokeStaticInit(java.lang.Object)'> (0x00000007120103a8) 
thrown [./open/src/hotspot/share/interpreter/linkResolver.cpp, line 782]
Event: 0.210 Thread 0x000001f6e1681d10 Exception <a 'java/lang/NoSuchMethodError'{0x00000007120f3178}: 'java.lang.Object java.lang.invoke.DirectMethodHandle$Holder.newInvokeSpecial(java.lang.Object, java.lang.Object, java.lang.Object, java.lang.Object, java.lang.Object)'> (0x00000007120f3178) 
thrown [./open/src/hotspot/share/interpreter/linkResolver.cpp, line 782]
Event: 0.211 Thread 0x000001f6e1681d10 Exception <a 'java/lang/NoSuchMethodError'{0x00000007120fec08}: 'java.lang.Object java.lang.invoke.DirectMethodHandle$Holder.invokeStatic(java.lang.Object, int, java.lang.Object, java.lang.Object, java.lang.Object, java.lang.Object)'> (0x00000007120fec08) 
thrown [./open/src/hotspot/share/interpreter/linkResolver.cpp, line 782]
Event: 0.214 Thread 0x000001f6e1681d10 Exception <a 'java/lang/NoSuchMethodError'{0x0000000712124eb0}: 'java.lang.Object java.lang.invoke.DirectMethodHandle$Holder.invokeStatic(java.lang.Object, int, java.lang.Object)'> (0x0000000712124eb0) 
thrown [./open/src/hotspot/share/interpreter/linkResolver.cpp, line 782]
Event: 0.231 Thread 0x000001f6e1681d10 Exception <a 'java/lang/ClassNotFoundException'{0x00000007121dd270}: com/sun/swing/internal/plaf/metal/resources/spi/metalProvider> (0x00000007121dd270) 
thrown [./open/src/hotspot/share/classfile/systemDictionary.cpp, line 295]
Event: 0.232 Thread 0x000001f6e1681d10 Exception <a 'java/lang/ClassNotFoundException'{0x00000007121e1270}: com/sun/swing/internal/plaf/basic/resources/spi/basicProvider> (0x00000007121e1270) 
thrown [./open/src/hotspot/share/classfile/systemDictionary.cpp, line 295]
Event: 0.277 Thread 0x000001f6e1681d10 Exception <a 'java/lang/NoSuchMethodError'{0x0000000711e943f8}: 'void java.lang.invoke.DirectMethodHandle$Holder.invokeStaticInit(java.lang.Object)'> (0x0000000711e943f8) 
thrown [./open/src/hotspot/share/interpreter/linkResolver.cpp, line 782]
Event: 228.529 Thread 0x000001f683541ce0 Exception <a 'java/lang/NoSuchMethodError'{0x00000007118a8258}: 'void java.lang.invoke.DirectMethodHandle$Holder.invokeVirtual(java.lang.Object, java.lang.Object)'> (0x00000007118a8258) 
thrown [./open/src/hotspot/share/interpreter/linkResolver.cpp, line 782]

Events (20 events):
Event: 1.168 loading class java/awt/event/MouseWheelEvent
Event: 1.168 loading class java/awt/event/MouseWheelEvent done
Event: 1.170 loading class javax/swing/event/ChangeEvent
Event: 1.170 loading class javax/swing/event/ChangeEvent done
Event: 1.410 Executing VM operation: HandshakeAllThreads
Event: 1.410 Executing VM operation: HandshakeAllThreads done
Event: 1.550 loading class java/awt/LightweightDispatcher$2
Event: 1.550 loading class java/awt/LightweightDispatcher$2 done
Event: 2.338 loading class java/awt/KeyboardFocusManager$2
Event: 2.339 loading class java/awt/KeyboardFocusManager$2 done
Event: 2.339 loading class sun/awt/SunToolkit$1
Event: 2.339 loading class sun/awt/SunToolkit$1 done
Event: 2.410 Executing VM operation: HandshakeAllThreads
Event: 2.411 Executing VM operation: HandshakeAllThreads done
Event: 228.528 loading class java/util/Collections$SynchronizedSet
Event: 228.528 loading class java/util/Collections$SynchronizedSet done
Event: 228.528 loading class java/util/WeakHashMap$KeyIterator
Event: 228.528 loading class java/util/WeakHashMap$HashIterator
Event: 228.528 loading class java/util/WeakHashMap$HashIterator done
Event: 228.528 loading class java/util/WeakHashMap$KeyIterator done


Dynamic libraries:
0x00007ff733160000 - 0x00007ff73316d000 	C:\Users\riahi\.p2\pool\plugins\org.eclipse.justj.openjdk.hotspot.jre.full.win32.x86_64_15.0.2.v20210201-0955\jre\bin\javaw.exe
0x00007ffdafba0000 - 0x00007ffdafd90000 	C:\WINDOWS\SYSTEM32\ntdll.dll
0x00007ffdae890000 - 0x00007ffdae942000 	C:\WINDOWS\System32\KERNEL32.DLL
0x00007ffdad2b0000 - 0x00007ffdad555000 	C:\WINDOWS\System32\KERNELBASE.dll
0x00007ffdad9c0000 - 0x00007ffdadaba000 	C:\WINDOWS\System32\ucrtbase.dll
0x00007ffda4eb0000 - 0x00007ffda4ec8000 	C:\Users\riahi\.p2\pool\plugins\org.eclipse.justj.openjdk.hotspot.jre.full.win32.x86_64_15.0.2.v20210201-0955\jre\bin\jli.dll
0x00007ffd9efb0000 - 0x00007ffd9efc9000 	C:\Users\riahi\.p2\pool\plugins\org.eclipse.justj.openjdk.hotspot.jre.full.win32.x86_64_15.0.2.v20210201-0955\jre\bin\VCRUNTIME140.dll
0x00007ffdaf180000 - 0x00007ffdaf314000 	C:\WINDOWS\System32\USER32.dll
0x00007ffdadc20000 - 0x00007ffdadc41000 	C:\WINDOWS\System32\win32u.dll
0x00007ffd99060000 - 0x00007ffd992e4000 	C:\WINDOWS\WinSxS\amd64_microsoft.windows.common-controls_6595b64144ccf1df_6.0.18362.1500_none_9e79be6de462295c\COMCTL32.dll
0x00007ffdae210000 - 0x00007ffdae236000 	C:\WINDOWS\System32\GDI32.dll
0x00007ffdaf010000 - 0x00007ffdaf0ae000 	C:\WINDOWS\System32\msvcrt.dll
0x00007ffdad7c0000 - 0x00007ffdad958000 	C:\WINDOWS\System32\gdi32full.dll
0x00007ffdae410000 - 0x00007ffdae746000 	C:\WINDOWS\System32\combase.dll
0x00007ffdad560000 - 0x00007ffdad5fe000 	C:\WINDOWS\System32\msvcp_win.dll
0x00007ffdaeee0000 - 0x00007ffdaefff000 	C:\WINDOWS\System32\RPCRT4.dll
0x00007ffdad600000 - 0x00007ffdad681000 	C:\WINDOWS\System32\bcryptPrimitives.dll
0x00007ffdaf3d0000 - 0x00007ffdaf3fe000 	C:\WINDOWS\System32\IMM32.DLL
0x00007ffda4ef0000 - 0x00007ffda4efc000 	C:\Users\riahi\.p2\pool\plugins\org.eclipse.justj.openjdk.hotspot.jre.full.win32.x86_64_15.0.2.v20210201-0955\jre\bin\vcruntime140_1.dll
0x00007ffd76d60000 - 0x00007ffd76df1000 	C:\Users\riahi\.p2\pool\plugins\org.eclipse.justj.openjdk.hotspot.jre.full.win32.x86_64_15.0.2.v20210201-0955\jre\bin\msvcp140.dll
0x00007ffd41250000 - 0x00007ffd41dae000 	C:\Users\riahi\.p2\pool\plugins\org.eclipse.justj.openjdk.hotspot.jre.full.win32.x86_64_15.0.2.v20210201-0955\jre\bin\server\jvm.dll
0x00007ffdae160000 - 0x00007ffdae203000 	C:\WINDOWS\System32\ADVAPI32.dll
0x00007ffdae0c0000 - 0x00007ffdae157000 	C:\WINDOWS\System32\sechost.dll
0x00007ffdaf400000 - 0x00007ffdaf408000 	C:\WINDOWS\System32\PSAPI.DLL
0x00007ffd775e0000 - 0x00007ffd775e9000 	C:\WINDOWS\SYSTEM32\WSOCK32.dll
0x00007ffda6d40000 - 0x00007ffda6d64000 	C:\WINDOWS\SYSTEM32\WINMM.dll
0x00007ffdaeb90000 - 0x00007ffdaebff000 	C:\WINDOWS\System32\WS2_32.dll
0x00007ffd9efd0000 - 0x00007ffd9efda000 	C:\WINDOWS\SYSTEM32\VERSION.dll
0x00007ffda6d10000 - 0x00007ffda6d3d000 	C:\WINDOWS\SYSTEM32\winmmbase.dll
0x00007ffdad740000 - 0x00007ffdad78a000 	C:\WINDOWS\System32\cfgmgr32.dll
0x00007ffdacab0000 - 0x00007ffdacac1000 	C:\WINDOWS\System32\kernel.appcore.dll
0x00007ffd75cc0000 - 0x00007ffd75cca000 	C:\Users\riahi\.p2\pool\plugins\org.eclipse.justj.openjdk.hotspot.jre.full.win32.x86_64_15.0.2.v20210201-0955\jre\bin\jimage.dll
0x00007ffdab360000 - 0x00007ffdab554000 	C:\WINDOWS\SYSTEM32\DBGHELP.DLL
0x00007ffd8fb40000 - 0x00007ffd8fb6a000 	C:\WINDOWS\SYSTEM32\dbgcore.DLL
0x00007ffd41220000 - 0x00007ffd41245000 	C:\Users\riahi\.p2\pool\plugins\org.eclipse.justj.openjdk.hotspot.jre.full.win32.x86_64_15.0.2.v20210201-0955\jre\bin\java.dll
0x00007ffd41200000 - 0x00007ffd41218000 	C:\Users\riahi\.p2\pool\plugins\org.eclipse.justj.openjdk.hotspot.jre.full.win32.x86_64_15.0.2.v20210201-0955\jre\bin\zip.dll
0x00007ffdaf410000 - 0x00007ffdafaf8000 	C:\WINDOWS\System32\SHELL32.dll
0x00007ffdae7d0000 - 0x00007ffdae877000 	C:\WINDOWS\System32\shcore.dll
0x00007ffdacb30000 - 0x00007ffdad2ab000 	C:\WINDOWS\System32\windows.storage.dll
0x00007ffdacad0000 - 0x00007ffdacaee000 	C:\WINDOWS\System32\profapi.dll
0x00007ffdaca60000 - 0x00007ffdacaaa000 	C:\WINDOWS\System32\powrprof.dll
0x00007ffdaca50000 - 0x00007ffdaca60000 	C:\WINDOWS\System32\UMPDC.dll
0x00007ffdafb00000 - 0x00007ffdafb52000 	C:\WINDOWS\System32\shlwapi.dll
0x00007ffdacb10000 - 0x00007ffdacb27000 	C:\WINDOWS\System32\cryptsp.dll
0x00007ffd752e0000 - 0x00007ffd7545f000 	C:\Users\riahi\.p2\pool\plugins\org.eclipse.justj.openjdk.hotspot.jre.full.win32.x86_64_15.0.2.v20210201-0955\jre\bin\awt.dll
0x00007ffdaedb0000 - 0x00007ffdaee75000 	C:\WINDOWS\System32\OLEAUT32.dll
0x00007ffda7720000 - 0x00007ffda77af000 	C:\WINDOWS\SYSTEM32\apphelp.dll
0x00007ffdaad10000 - 0x00007ffdaad3d000 	C:\WINDOWS\system32\DWMAPI.DLL
0x00007ffdaa990000 - 0x00007ffdaaa29000 	C:\WINDOWS\system32\uxtheme.dll
0x00007ffd68710000 - 0x00007ffd68866000 	C:\WINDOWS\system32\opengl32.dll
0x00007ffd734c0000 - 0x00007ffd734ec000 	C:\WINDOWS\SYSTEM32\GLU32.dll
0x00007ffdab690000 - 0x00007ffdab6b0000 	C:\WINDOWS\SYSTEM32\dxcore.dll
0x00007ffdae9f0000 - 0x00007ffdaeb25000 	C:\WINDOWS\System32\MSCTF.dll
0x00007ffdae2b0000 - 0x00007ffdae407000 	C:\WINDOWS\System32\ole32.dll
0x00007ffd75250000 - 0x00007ffd752d5000 	C:\Users\riahi\.p2\pool\plugins\org.eclipse.justj.openjdk.hotspot.jre.full.win32.x86_64_15.0.2.v20210201-0955\jre\bin\freetype.dll
0x00007ffd67080000 - 0x00007ffd67129000 	C:\Users\riahi\.p2\pool\plugins\org.eclipse.justj.openjdk.hotspot.jre.full.win32.x86_64_15.0.2.v20210201-0955\jre\bin\fontmanager.dll
0x00007ffd411e0000 - 0x00007ffd411f9000 	C:\Users\riahi\.p2\pool\plugins\org.eclipse.justj.openjdk.hotspot.jre.full.win32.x86_64_15.0.2.v20210201-0955\jre\bin\net.dll
0x00007ffda37c0000 - 0x00007ffda38ba000 	C:\WINDOWS\SYSTEM32\WINHTTP.dll
0x00007ffdac290000 - 0x00007ffdac2f7000 	C:\WINDOWS\system32\mswsock.dll
0x00007ffd411c0000 - 0x00007ffd411d2000 	C:\Users\riahi\.p2\pool\plugins\org.eclipse.justj.openjdk.hotspot.jre.full.win32.x86_64_15.0.2.v20210201-0955\jre\bin\nio.dll
0x00007ffd7d1f0000 - 0x00007ffd7d28b000 	C:\WINDOWS\System32\TextInputFramework.dll
0x00007ffda4300000 - 0x00007ffda462a000 	C:\WINDOWS\System32\CoreUIComponents.dll
0x00007ffda70e0000 - 0x00007ffda71b4000 	C:\WINDOWS\System32\CoreMessaging.dll
0x00007ffda5100000 - 0x00007ffda5252000 	C:\WINDOWS\SYSTEM32\wintypes.dll
0x00007ffdabc00000 - 0x00007ffdabc31000 	C:\WINDOWS\SYSTEM32\ntmarta.dll
0x00007ffd92c40000 - 0x00007ffd92ee7000 	C:\WINDOWS\System32\iertutil.dll

dbghelp: loaded successfully - version: 4.0.5 - missing functions: none
symbol engine: initialized successfully - sym options: 0x614 - pdb path: .;C:\Users\riahi\.p2\pool\plugins\org.eclipse.justj.openjdk.hotspot.jre.full.win32.x86_64_15.0.2.v20210201-0955\jre\bin;C:\WINDOWS\SYSTEM32;C:\WINDOWS\WinSxS\amd64_microsoft.windows.common-controls_6595b64144ccf1df_6.0.18362.1500_none_9e79be6de462295c;C:\Users\riahi\.p2\pool\plugins\org.eclipse.justj.openjdk.hotspot.jre.full.win32.x86_64_15.0.2.v20210201-0955\jre\bin\server

VM Arguments:
jvm_args: -Dfile.encoding=Cp1252 -XX:+ShowCodeDetailsInExceptionMessages 
java_command: Board
java_class_path (initial): D:\isi\d04-h21-avril-groupe6\eclipse\bin
Launcher Type: SUN_STANDARD

[Global flags]
     intx CICompilerCount                          = 4                                         {product} {ergonomic}
     uint ConcGCThreads                            = 2                                         {product} {ergonomic}
     uint G1ConcRefinementThreads                  = 8                                         {product} {ergonomic}
   size_t G1HeapRegionSize                         = 2097152                                   {product} {ergonomic}
    uintx GCDrainStackTargetSize                   = 64                                        {product} {ergonomic}
   size_t InitialHeapSize                          = 266338304                                 {product} {ergonomic}
   size_t MarkStackSize                            = 4194304                                   {product} {ergonomic}
   size_t MaxHeapSize                              = 4255121408                                {product} {ergonomic}
   size_t MaxNewSize                               = 2552233984                                {product} {ergonomic}
   size_t MinHeapDeltaBytes                        = 2097152                                   {product} {ergonomic}
   size_t MinHeapSize                              = 8388608                                   {product} {ergonomic}
    uintx NonNMethodCodeHeapSize                   = 5839372                                {pd product} {ergonomic}
    uintx NonProfiledCodeHeapSize                  = 122909434                              {pd product} {ergonomic}
    uintx ProfiledCodeHeapSize                     = 122909434                              {pd product} {ergonomic}
    uintx ReservedCodeCacheSize                    = 251658240                              {pd product} {ergonomic}
     bool SegmentedCodeCache                       = true                                      {product} {ergonomic}
     bool ShowCodeDetailsInExceptionMessages       = true                                   {manageable} {command line}
   size_t SoftMaxHeapSize                          = 4255121408                             {manageable} {ergonomic}
     bool UseCompressedClassPointers               = true                                 {lp64_product} {ergonomic}
     bool UseCompressedOops                        = true                                 {lp64_product} {ergonomic}
     bool UseG1GC                                  = true                                      {product} {ergonomic}
     bool UseLargePagesIndividualAllocation        = false                                  {pd product} {ergonomic}

Logging:
Log output configuration:
 #0: stdout all=warning uptime,level,tags
 #1: stderr all=off uptime,level,tags

Environment Variables:
PATH=C:/Users/riahi/.p2/pool/plugins/org.eclipse.justj.openjdk.hotspot.jre.full.win32.x86_64_15.0.2.v20210201-0955/jre/bin/server;C:/Users/riahi/.p2/pool/plugins/org.eclipse.justj.openjdk.hotspot.jre.full.win32.x86_64_15.0.2.v20210201-0955/jre/bin;C:\Program Files (x86)\Common Files\Oracle\Java\javapath;C:\Program Files\Java\jdk-15.0.2\bin;C:\Windows\system32;C:\Windows;C:\Windows\System32\Wbem;C:\Windows\System32\WindowsPowerShell\v1.0\;C:\Windows\System32\OpenSSH\;C:\Program Files (x86)\NVIDIA Corporation\PhysX\Common;C:\Program Files\NVIDIA Corporation\NVIDIA NvDLISR;C:\WINDOWS\system32;C:\WINDOWS;C:\WINDOWS\System32\Wbem;C:\WINDOWS\System32\WindowsPowerShell\v1.0\;C:\WINDOWS\System32\OpenSSH\;C:\Program Files\dotnet\;C:\Program Files\Microsoft SQL Server\130\Tools\Binn\;C:\Program Files (x86)\Microsoft SQL Server\140\Tools\Binn\;C:\Program Files\Microsoft SQL Server\140\Tools\Binn\;C:\Program Files (x86)\Microsoft SQL Server\140\DTS\Binn\;C:\Program Files\Microsoft SQL Server\140\DTS\Binn\;C:\Program Files\Microsoft SQL Server\Client SDK\ODBC\130\Tools\Binn\;C:\Program Files (x86)\Microsoft SQL Server\150\DTS\Binn\;C:\Program Files (x86)\Microsoft SQL Server\110\DTS\Binn\;C:\Program Files (x86)\Microsoft SQL Server\120\DTS\Binn\;C:\Program Files (x86)\Microsoft SQL Server\130\DTS\Binn\;C:\Program Files\Git\cmd;C:\Users\riahi\AppData\Local\Microsoft\WindowsApps;C:\Users\riahi\.dotnet\tools;C:\Users\riahi\OneDrive\Desktop;
USERNAME=riahi
OS=Windows_NT
PROCESSOR_IDENTIFIER=Intel64 Family 6 Model 158 Stepping 10, GenuineIntel



---------------  S Y S T E M  ---------------

OS:
 Windows 10 , 64 bit Build 18362 (10.0.18362.1500)
OS uptime: 3 days 9:06 hours

CPU: total 8 (initial active 8) (4 cores per cpu, 2 threads per core) family 6 model 158 stepping 10 microcode 0xd6, cmov, cx8, fxsr, mmx, sse, sse2, sse3, ssse3, sse4.1, sse4.2, popcnt, vzeroupper, avx, avx2, aes, clmul, erms, 3dnowpref, lzcnt, ht, tsc, tscinvbit, bmi1, bmi2, adx, fma, clflush, clflushopt

Memory: 4k page, system-wide physical 16228M (7991M free)
TotalPageFile size 24228M (AvailPageFile size 0M)
current process WorkingSet (physical memory assigned to process): 66M, peak: 70M
current process commit charge ("private bytes"): 349M, peak: 354M

vm_info: OpenJDK 64-Bit Server VM (15.0.2+7-27) for windows-amd64 JRE (15.0.2+7-27), built on Dec  7 2020 20:02:38 by "mach5one" with unknown MS VC++:1925

END.
