#
# There is insufficient memory for the Java Runtime Environment to continue.
# Native memory allocation (malloc) failed to allocate 65536 bytes for Chunk::new
# Possible reasons:
#   The system is out of physical RAM or swap space
#   The process is running with CompressedOops enabled, and the Java Heap may be blocking the growth of the native heap
# Possible solutions:
#   Reduce memory load on the system
#   Increase physical memory or swap space
#   Check if swap backing store is full
#   Decrease Java heap size (-Xmx/-Xms)
#   Decrease number of Java threads
#   Decrease Java thread stack sizes (-Xss)
#   Set larger code cache with -XX:ReservedCodeCacheSize=
#   JVM is running with Zero Based Compressed Oops mode in which the Java heap is
#     placed in the first 32GB address space. The Java Heap base address is the
#     maximum limit for the native heap growth. Please use -XX:HeapBaseMinAddress
#     to set the Java Heap base and to place the Java Heap above 32GB virtual address.
# This output file may be truncated or incomplete.
#
#  Out of Memory Error (./open/src/hotspot/share/memory/arena.cpp:195), pid=30080, tid=43972
#
# JRE version: OpenJDK Runtime Environment (15.0.2+7) (build 15.0.2+7-27)
# Java VM: OpenJDK 64-Bit Server VM (15.0.2+7-27, mixed mode, tiered, compressed oops, g1 gc, windows-amd64)
# No core dump will be written. Minidumps are not enabled by default on client versions of Windows
#

---------------  S U M M A R Y ------------

Command Line: -Dfile.encoding=Cp1252 -XX:+ShowCodeDetailsInExceptionMessages Board

Host: Intel(R) Core(TM) i5-9300H CPU @ 2.40GHz, 8 cores, 15G,  Windows 10 , 64 bit Build 18362 (10.0.18362.1500)
Time: Wed May 12 22:30:30 2021 Est (heure d?été) elapsed time: 501.561658 seconds (0d 0h 8m 21s)

---------------  T H R E A D  ---------------

Current thread (0x000002cc6d43d9d0):  JavaThread "C2 CompilerThread0" daemon [_thread_in_native, id=43972, stack(0x000000dcf2000000,0x000000dcf2100000)]


Current CompileTask:
C2: 501561 1151       4       jdk.internal.org.objectweb.asm.SymbolTable::put (150 bytes)

Stack: [0x000000dcf2000000,0x000000dcf2100000]
Native frames: (J=compiled Java code, j=interpreted, Vv=VM code, C=native code)
V  [jvm.dll+0x62ae9a]
V  [jvm.dll+0x7817a9]
V  [jvm.dll+0x782f03]
V  [jvm.dll+0x783563]
V  [jvm.dll+0x216325]
V  [jvm.dll+0x97f3a]
V  [jvm.dll+0x9861c]
V  [jvm.dll+0x32e305]
V  [jvm.dll+0x2f768a]
V  [jvm.dll+0x2f6a4a]
V  [jvm.dll+0x1ea705]
V  [jvm.dll+0x1e996e]
V  [jvm.dll+0x178567]
V  [jvm.dll+0x1f9225]
V  [jvm.dll+0x1f72cc]
V  [jvm.dll+0x74495d]
V  [jvm.dll+0x73d75a]
V  [jvm.dll+0x629c56]
C  [ucrtbase.dll+0x210b2]
C  [KERNEL32.DLL+0x17c24]
C  [ntdll.dll+0x6d721]


---------------  P R O C E S S  ---------------

Threads class SMR info:
_java_thread_list=0x000002cc6de8a760, length=15, elements={
0x000002cc6d417010, 0x000002cc6d4178d0, 0x000002cc6d404f80, 0x000002cc6d439020,
0x000002cc6d4398e0, 0x000002cc6d43d9d0, 0x000002cc6d440490, 0x000002cc6d455670,
0x000002cc6d5d63e0, 0x000002cc6d5fe4b0, 0x000002cc6dbb0310, 0x000002cc6dbb72b0,
0x000002cc6dbb2b30, 0x000002cc6dcc7ac0, 0x000002cc4bd83d10
}

Java Threads: ( => current thread )
  0x000002cc6d417010 JavaThread "Reference Handler" daemon [_thread_blocked, id=40520, stack(0x000000dcf1b00000,0x000000dcf1c00000)]
  0x000002cc6d4178d0 JavaThread "Finalizer" daemon [_thread_blocked, id=16564, stack(0x000000dcf1c00000,0x000000dcf1d00000)]
  0x000002cc6d404f80 JavaThread "Signal Dispatcher" daemon [_thread_blocked, id=44756, stack(0x000000dcf1d00000,0x000000dcf1e00000)]
  0x000002cc6d439020 JavaThread "Attach Listener" daemon [_thread_blocked, id=29112, stack(0x000000dcf1e00000,0x000000dcf1f00000)]
  0x000002cc6d4398e0 JavaThread "Service Thread" daemon [_thread_blocked, id=41784, stack(0x000000dcf1f00000,0x000000dcf2000000)]
=>0x000002cc6d43d9d0 JavaThread "C2 CompilerThread0" daemon [_thread_in_native, id=43972, stack(0x000000dcf2000000,0x000000dcf2100000)]
  0x000002cc6d440490 JavaThread "C1 CompilerThread0" daemon [_thread_blocked, id=38552, stack(0x000000dcf2100000,0x000000dcf2200000)]
  0x000002cc6d455670 JavaThread "Sweeper thread" daemon [_thread_blocked, id=42304, stack(0x000000dcf2200000,0x000000dcf2300000)]
  0x000002cc6d5d63e0 JavaThread "Notification Thread" daemon [_thread_blocked, id=28616, stack(0x000000dcf2300000,0x000000dcf2400000)]
  0x000002cc6d5fe4b0 JavaThread "Common-Cleaner" daemon [_thread_blocked, id=40436, stack(0x000000dcf2500000,0x000000dcf2600000)]
  0x000002cc6dbb0310 JavaThread "Java2D Disposer" daemon [_thread_blocked, id=33512, stack(0x000000dcf2600000,0x000000dcf2700000)]
  0x000002cc6dbb72b0 JavaThread "AWT-Shutdown" [_thread_blocked, id=16028, stack(0x000000dcf2700000,0x000000dcf2800000)]
  0x000002cc6dbb2b30 JavaThread "AWT-Windows" daemon [_thread_in_native, id=39128, stack(0x000000dcf2800000,0x000000dcf2900000)]
  0x000002cc6dcc7ac0 JavaThread "AWT-EventQueue-0" [_thread_blocked, id=42112, stack(0x000000dcf2a00000,0x000000dcf2b00000)]
  0x000002cc4bd83d10 JavaThread "DestroyJavaVM" [_thread_blocked, id=25996, stack(0x000000dcf1400000,0x000000dcf1500000)]

Other Threads:
  0x000002cc6d3db3e0 VMThread "VM Thread" [stack: 0x000000dcf1a00000,0x000000dcf1b00000] [id=29224]
  0x000002cc6d5f68c0 WatcherThread [stack: 0x000000dcf2400000,0x000000dcf2500000] [id=41332]
  0x000002cc4bdd6fb0 GCTaskThread "GC Thread#0" [stack: 0x000000dcf1500000,0x000000dcf1600000] [id=44820]
  0x000002cc4bde96d0 ConcurrentGCThread "G1 Main Marker" [stack: 0x000000dcf1600000,0x000000dcf1700000] [id=44912]
  0x000002cc4bdea250 ConcurrentGCThread "G1 Conc#0" [stack: 0x000000dcf1700000,0x000000dcf1800000] [id=45036]
  0x000002cc4be3c560 ConcurrentGCThread "G1 Refine#0" [stack: 0x000000dcf1800000,0x000000dcf1900000] [id=34532]
  0x000002cc6ca14240 ConcurrentGCThread "G1 Young RemSet Sampling" [stack: 0x000000dcf1900000,0x000000dcf1a00000] [id=42764]

Threads with active compile tasks:
C2 CompilerThread0   501588 1151       4       jdk.internal.org.objectweb.asm.SymbolTable::put (150 bytes)

VM state: not at safepoint (normal execution)

VM Mutex/Monitor currently owned by a thread: None

Heap address: 0x0000000702600000, size: 4058 MB, Compressed Oops mode: Zero based, Oop shift amount: 3
CDS disabled.
Compressed class space mapped at: 0x0000000800000000-0x0000000840000000, size: 1073741824
Narrow klass base: 0x0000000800000000, Narrow klass shift: 0, Narrow klass range: 0x40000000

GC Precious Log:
 CPUs: 8 total, 8 available
 Memory: 16228M
 Large Page Support: Disabled
 NUMA Support: Disabled
 Compressed Oops: Enabled (Zero based)
 Heap Region Size: 2M
 Heap Min Capacity: 8M
 Heap Initial Capacity: 254M
 Heap Max Capacity: 4058M
 Pre-touch: Disabled
 Parallel Workers: 8
 Concurrent Workers: 2
 Concurrent Refinement Workers: 8
 Periodic GC: Disabled

Heap:
 garbage-first heap   total 260096K, used 12288K [0x0000000702600000, 0x0000000800000000)
  region size 2048K, 6 young (12288K), 0 survivors (0K)
 Metaspace       used 13045K, capacity 13208K, committed 13440K, reserved 1060864K
  class space    used 1239K, capacity 1311K, committed 1408K, reserved 1048576K

Heap Regions: E=young(eden), S=young(survivor), O=old, HS=humongous(starts), HC=humongous(continues), CS=collection set, F=free, OA=open archive, CA=closed archive, TAMS=top-at-mark-start (previous, next)
|   0|0x0000000702600000, 0x0000000702800000, 0x0000000702800000|100%|HS|  |TAMS 0x0000000702600000, 0x0000000702600000| Complete 
|   1|0x0000000702800000, 0x0000000702800000, 0x0000000702a00000|  0%| F|  |TAMS 0x0000000702800000, 0x0000000702800000| Untracked 
|   2|0x0000000702a00000, 0x0000000702a00000, 0x0000000702c00000|  0%| F|  |TAMS 0x0000000702a00000, 0x0000000702a00000| Untracked 
|   3|0x0000000702c00000, 0x0000000702c00000, 0x0000000702e00000|  0%| F|  |TAMS 0x0000000702c00000, 0x0000000702c00000| Untracked 
|   4|0x0000000702e00000, 0x0000000702e00000, 0x0000000703000000|  0%| F|  |TAMS 0x0000000702e00000, 0x0000000702e00000| Untracked 
|   5|0x0000000703000000, 0x0000000703000000, 0x0000000703200000|  0%| F|  |TAMS 0x0000000703000000, 0x0000000703000000| Untracked 
|   6|0x0000000703200000, 0x0000000703200000, 0x0000000703400000|  0%| F|  |TAMS 0x0000000703200000, 0x0000000703200000| Untracked 
|   7|0x0000000703400000, 0x0000000703400000, 0x0000000703600000|  0%| F|  |TAMS 0x0000000703400000, 0x0000000703400000| Untracked 
|   8|0x0000000703600000, 0x0000000703600000, 0x0000000703800000|  0%| F|  |TAMS 0x0000000703600000, 0x0000000703600000| Untracked 
|   9|0x0000000703800000, 0x0000000703800000, 0x0000000703a00000|  0%| F|  |TAMS 0x0000000703800000, 0x0000000703800000| Untracked 
|  10|0x0000000703a00000, 0x0000000703a00000, 0x0000000703c00000|  0%| F|  |TAMS 0x0000000703a00000, 0x0000000703a00000| Untracked 
|  11|0x0000000703c00000, 0x0000000703c00000, 0x0000000703e00000|  0%| F|  |TAMS 0x0000000703c00000, 0x0000000703c00000| Untracked 
|  12|0x0000000703e00000, 0x0000000703e00000, 0x0000000704000000|  0%| F|  |TAMS 0x0000000703e00000, 0x0000000703e00000| Untracked 
|  13|0x0000000704000000, 0x0000000704000000, 0x0000000704200000|  0%| F|  |TAMS 0x0000000704000000, 0x0000000704000000| Untracked 
|  14|0x0000000704200000, 0x0000000704200000, 0x0000000704400000|  0%| F|  |TAMS 0x0000000704200000, 0x0000000704200000| Untracked 
|  15|0x0000000704400000, 0x0000000704400000, 0x0000000704600000|  0%| F|  |TAMS 0x0000000704400000, 0x0000000704400000| Untracked 
|  16|0x0000000704600000, 0x0000000704600000, 0x0000000704800000|  0%| F|  |TAMS 0x0000000704600000, 0x0000000704600000| Untracked 
|  17|0x0000000704800000, 0x0000000704800000, 0x0000000704a00000|  0%| F|  |TAMS 0x0000000704800000, 0x0000000704800000| Untracked 
|  18|0x0000000704a00000, 0x0000000704a00000, 0x0000000704c00000|  0%| F|  |TAMS 0x0000000704a00000, 0x0000000704a00000| Untracked 
|  19|0x0000000704c00000, 0x0000000704c00000, 0x0000000704e00000|  0%| F|  |TAMS 0x0000000704c00000, 0x0000000704c00000| Untracked 
|  20|0x0000000704e00000, 0x0000000704e00000, 0x0000000705000000|  0%| F|  |TAMS 0x0000000704e00000, 0x0000000704e00000| Untracked 
|  21|0x0000000705000000, 0x0000000705000000, 0x0000000705200000|  0%| F|  |TAMS 0x0000000705000000, 0x0000000705000000| Untracked 
|  22|0x0000000705200000, 0x0000000705200000, 0x0000000705400000|  0%| F|  |TAMS 0x0000000705200000, 0x0000000705200000| Untracked 
|  23|0x0000000705400000, 0x0000000705400000, 0x0000000705600000|  0%| F|  |TAMS 0x0000000705400000, 0x0000000705400000| Untracked 
|  24|0x0000000705600000, 0x0000000705600000, 0x0000000705800000|  0%| F|  |TAMS 0x0000000705600000, 0x0000000705600000| Untracked 
|  25|0x0000000705800000, 0x0000000705800000, 0x0000000705a00000|  0%| F|  |TAMS 0x0000000705800000, 0x0000000705800000| Untracked 
|  26|0x0000000705a00000, 0x0000000705a00000, 0x0000000705c00000|  0%| F|  |TAMS 0x0000000705a00000, 0x0000000705a00000| Untracked 
|  27|0x0000000705c00000, 0x0000000705c00000, 0x0000000705e00000|  0%| F|  |TAMS 0x0000000705c00000, 0x0000000705c00000| Untracked 
|  28|0x0000000705e00000, 0x0000000705e00000, 0x0000000706000000|  0%| F|  |TAMS 0x0000000705e00000, 0x0000000705e00000| Untracked 
|  29|0x0000000706000000, 0x0000000706000000, 0x0000000706200000|  0%| F|  |TAMS 0x0000000706000000, 0x0000000706000000| Untracked 
|  30|0x0000000706200000, 0x0000000706200000, 0x0000000706400000|  0%| F|  |TAMS 0x0000000706200000, 0x0000000706200000| Untracked 
|  31|0x0000000706400000, 0x0000000706400000, 0x0000000706600000|  0%| F|  |TAMS 0x0000000706400000, 0x0000000706400000| Untracked 
|  32|0x0000000706600000, 0x0000000706600000, 0x0000000706800000|  0%| F|  |TAMS 0x0000000706600000, 0x0000000706600000| Untracked 
|  33|0x0000000706800000, 0x0000000706800000, 0x0000000706a00000|  0%| F|  |TAMS 0x0000000706800000, 0x0000000706800000| Untracked 
|  34|0x0000000706a00000, 0x0000000706a00000, 0x0000000706c00000|  0%| F|  |TAMS 0x0000000706a00000, 0x0000000706a00000| Untracked 
|  35|0x0000000706c00000, 0x0000000706c00000, 0x0000000706e00000|  0%| F|  |TAMS 0x0000000706c00000, 0x0000000706c00000| Untracked 
|  36|0x0000000706e00000, 0x0000000706e00000, 0x0000000707000000|  0%| F|  |TAMS 0x0000000706e00000, 0x0000000706e00000| Untracked 
|  37|0x0000000707000000, 0x0000000707000000, 0x0000000707200000|  0%| F|  |TAMS 0x0000000707000000, 0x0000000707000000| Untracked 
|  38|0x0000000707200000, 0x0000000707200000, 0x0000000707400000|  0%| F|  |TAMS 0x0000000707200000, 0x0000000707200000| Untracked 
|  39|0x0000000707400000, 0x0000000707400000, 0x0000000707600000|  0%| F|  |TAMS 0x0000000707400000, 0x0000000707400000| Untracked 
|  40|0x0000000707600000, 0x0000000707600000, 0x0000000707800000|  0%| F|  |TAMS 0x0000000707600000, 0x0000000707600000| Untracked 
|  41|0x0000000707800000, 0x0000000707800000, 0x0000000707a00000|  0%| F|  |TAMS 0x0000000707800000, 0x0000000707800000| Untracked 
|  42|0x0000000707a00000, 0x0000000707a00000, 0x0000000707c00000|  0%| F|  |TAMS 0x0000000707a00000, 0x0000000707a00000| Untracked 
|  43|0x0000000707c00000, 0x0000000707c00000, 0x0000000707e00000|  0%| F|  |TAMS 0x0000000707c00000, 0x0000000707c00000| Untracked 
|  44|0x0000000707e00000, 0x0000000707e00000, 0x0000000708000000|  0%| F|  |TAMS 0x0000000707e00000, 0x0000000707e00000| Untracked 
|  45|0x0000000708000000, 0x0000000708000000, 0x0000000708200000|  0%| F|  |TAMS 0x0000000708000000, 0x0000000708000000| Untracked 
|  46|0x0000000708200000, 0x0000000708200000, 0x0000000708400000|  0%| F|  |TAMS 0x0000000708200000, 0x0000000708200000| Untracked 
|  47|0x0000000708400000, 0x0000000708400000, 0x0000000708600000|  0%| F|  |TAMS 0x0000000708400000, 0x0000000708400000| Untracked 
|  48|0x0000000708600000, 0x0000000708600000, 0x0000000708800000|  0%| F|  |TAMS 0x0000000708600000, 0x0000000708600000| Untracked 
|  49|0x0000000708800000, 0x0000000708800000, 0x0000000708a00000|  0%| F|  |TAMS 0x0000000708800000, 0x0000000708800000| Untracked 
|  50|0x0000000708a00000, 0x0000000708a00000, 0x0000000708c00000|  0%| F|  |TAMS 0x0000000708a00000, 0x0000000708a00000| Untracked 
|  51|0x0000000708c00000, 0x0000000708c00000, 0x0000000708e00000|  0%| F|  |TAMS 0x0000000708c00000, 0x0000000708c00000| Untracked 
|  52|0x0000000708e00000, 0x0000000708e00000, 0x0000000709000000|  0%| F|  |TAMS 0x0000000708e00000, 0x0000000708e00000| Untracked 
|  53|0x0000000709000000, 0x0000000709000000, 0x0000000709200000|  0%| F|  |TAMS 0x0000000709000000, 0x0000000709000000| Untracked 
|  54|0x0000000709200000, 0x0000000709200000, 0x0000000709400000|  0%| F|  |TAMS 0x0000000709200000, 0x0000000709200000| Untracked 
|  55|0x0000000709400000, 0x0000000709400000, 0x0000000709600000|  0%| F|  |TAMS 0x0000000709400000, 0x0000000709400000| Untracked 
|  56|0x0000000709600000, 0x0000000709600000, 0x0000000709800000|  0%| F|  |TAMS 0x0000000709600000, 0x0000000709600000| Untracked 
|  57|0x0000000709800000, 0x0000000709800000, 0x0000000709a00000|  0%| F|  |TAMS 0x0000000709800000, 0x0000000709800000| Untracked 
|  58|0x0000000709a00000, 0x0000000709a00000, 0x0000000709c00000|  0%| F|  |TAMS 0x0000000709a00000, 0x0000000709a00000| Untracked 
|  59|0x0000000709c00000, 0x0000000709c00000, 0x0000000709e00000|  0%| F|  |TAMS 0x0000000709c00000, 0x0000000709c00000| Untracked 
|  60|0x0000000709e00000, 0x0000000709e00000, 0x000000070a000000|  0%| F|  |TAMS 0x0000000709e00000, 0x0000000709e00000| Untracked 
|  61|0x000000070a000000, 0x000000070a000000, 0x000000070a200000|  0%| F|  |TAMS 0x000000070a000000, 0x000000070a000000| Untracked 
|  62|0x000000070a200000, 0x000000070a200000, 0x000000070a400000|  0%| F|  |TAMS 0x000000070a200000, 0x000000070a200000| Untracked 
|  63|0x000000070a400000, 0x000000070a400000, 0x000000070a600000|  0%| F|  |TAMS 0x000000070a400000, 0x000000070a400000| Untracked 
|  64|0x000000070a600000, 0x000000070a600000, 0x000000070a800000|  0%| F|  |TAMS 0x000000070a600000, 0x000000070a600000| Untracked 
|  65|0x000000070a800000, 0x000000070a800000, 0x000000070aa00000|  0%| F|  |TAMS 0x000000070a800000, 0x000000070a800000| Untracked 
|  66|0x000000070aa00000, 0x000000070aa00000, 0x000000070ac00000|  0%| F|  |TAMS 0x000000070aa00000, 0x000000070aa00000| Untracked 
|  67|0x000000070ac00000, 0x000000070ac00000, 0x000000070ae00000|  0%| F|  |TAMS 0x000000070ac00000, 0x000000070ac00000| Untracked 
|  68|0x000000070ae00000, 0x000000070ae00000, 0x000000070b000000|  0%| F|  |TAMS 0x000000070ae00000, 0x000000070ae00000| Untracked 
|  69|0x000000070b000000, 0x000000070b000000, 0x000000070b200000|  0%| F|  |TAMS 0x000000070b000000, 0x000000070b000000| Untracked 
|  70|0x000000070b200000, 0x000000070b200000, 0x000000070b400000|  0%| F|  |TAMS 0x000000070b200000, 0x000000070b200000| Untracked 
|  71|0x000000070b400000, 0x000000070b400000, 0x000000070b600000|  0%| F|  |TAMS 0x000000070b400000, 0x000000070b400000| Untracked 
|  72|0x000000070b600000, 0x000000070b600000, 0x000000070b800000|  0%| F|  |TAMS 0x000000070b600000, 0x000000070b600000| Untracked 
|  73|0x000000070b800000, 0x000000070b800000, 0x000000070ba00000|  0%| F|  |TAMS 0x000000070b800000, 0x000000070b800000| Untracked 
|  74|0x000000070ba00000, 0x000000070ba00000, 0x000000070bc00000|  0%| F|  |TAMS 0x000000070ba00000, 0x000000070ba00000| Untracked 
|  75|0x000000070bc00000, 0x000000070bc00000, 0x000000070be00000|  0%| F|  |TAMS 0x000000070bc00000, 0x000000070bc00000| Untracked 
|  76|0x000000070be00000, 0x000000070be00000, 0x000000070c000000|  0%| F|  |TAMS 0x000000070be00000, 0x000000070be00000| Untracked 
|  77|0x000000070c000000, 0x000000070c000000, 0x000000070c200000|  0%| F|  |TAMS 0x000000070c000000, 0x000000070c000000| Untracked 
|  78|0x000000070c200000, 0x000000070c200000, 0x000000070c400000|  0%| F|  |TAMS 0x000000070c200000, 0x000000070c200000| Untracked 
|  79|0x000000070c400000, 0x000000070c400000, 0x000000070c600000|  0%| F|  |TAMS 0x000000070c400000, 0x000000070c400000| Untracked 
|  80|0x000000070c600000, 0x000000070c600000, 0x000000070c800000|  0%| F|  |TAMS 0x000000070c600000, 0x000000070c600000| Untracked 
|  81|0x000000070c800000, 0x000000070c800000, 0x000000070ca00000|  0%| F|  |TAMS 0x000000070c800000, 0x000000070c800000| Untracked 
|  82|0x000000070ca00000, 0x000000070ca00000, 0x000000070cc00000|  0%| F|  |TAMS 0x000000070ca00000, 0x000000070ca00000| Untracked 
|  83|0x000000070cc00000, 0x000000070cc00000, 0x000000070ce00000|  0%| F|  |TAMS 0x000000070cc00000, 0x000000070cc00000| Untracked 
|  84|0x000000070ce00000, 0x000000070ce00000, 0x000000070d000000|  0%| F|  |TAMS 0x000000070ce00000, 0x000000070ce00000| Untracked 
|  85|0x000000070d000000, 0x000000070d000000, 0x000000070d200000|  0%| F|  |TAMS 0x000000070d000000, 0x000000070d000000| Untracked 
|  86|0x000000070d200000, 0x000000070d200000, 0x000000070d400000|  0%| F|  |TAMS 0x000000070d200000, 0x000000070d200000| Untracked 
|  87|0x000000070d400000, 0x000000070d400000, 0x000000070d600000|  0%| F|  |TAMS 0x000000070d400000, 0x000000070d400000| Untracked 
|  88|0x000000070d600000, 0x000000070d600000, 0x000000070d800000|  0%| F|  |TAMS 0x000000070d600000, 0x000000070d600000| Untracked 
|  89|0x000000070d800000, 0x000000070d800000, 0x000000070da00000|  0%| F|  |TAMS 0x000000070d800000, 0x000000070d800000| Untracked 
|  90|0x000000070da00000, 0x000000070da00000, 0x000000070dc00000|  0%| F|  |TAMS 0x000000070da00000, 0x000000070da00000| Untracked 
|  91|0x000000070dc00000, 0x000000070dc00000, 0x000000070de00000|  0%| F|  |TAMS 0x000000070dc00000, 0x000000070dc00000| Untracked 
|  92|0x000000070de00000, 0x000000070de00000, 0x000000070e000000|  0%| F|  |TAMS 0x000000070de00000, 0x000000070de00000| Untracked 
|  93|0x000000070e000000, 0x000000070e000000, 0x000000070e200000|  0%| F|  |TAMS 0x000000070e000000, 0x000000070e000000| Untracked 
|  94|0x000000070e200000, 0x000000070e200000, 0x000000070e400000|  0%| F|  |TAMS 0x000000070e200000, 0x000000070e200000| Untracked 
|  95|0x000000070e400000, 0x000000070e400000, 0x000000070e600000|  0%| F|  |TAMS 0x000000070e400000, 0x000000070e400000| Untracked 
|  96|0x000000070e600000, 0x000000070e600000, 0x000000070e800000|  0%| F|  |TAMS 0x000000070e600000, 0x000000070e600000| Untracked 
|  97|0x000000070e800000, 0x000000070e800000, 0x000000070ea00000|  0%| F|  |TAMS 0x000000070e800000, 0x000000070e800000| Untracked 
|  98|0x000000070ea00000, 0x000000070ea00000, 0x000000070ec00000|  0%| F|  |TAMS 0x000000070ea00000, 0x000000070ea00000| Untracked 
|  99|0x000000070ec00000, 0x000000070ec00000, 0x000000070ee00000|  0%| F|  |TAMS 0x000000070ec00000, 0x000000070ec00000| Untracked 
| 100|0x000000070ee00000, 0x000000070ee00000, 0x000000070f000000|  0%| F|  |TAMS 0x000000070ee00000, 0x000000070ee00000| Untracked 
| 101|0x000000070f000000, 0x000000070f000000, 0x000000070f200000|  0%| F|  |TAMS 0x000000070f000000, 0x000000070f000000| Untracked 
| 102|0x000000070f200000, 0x000000070f200000, 0x000000070f400000|  0%| F|  |TAMS 0x000000070f200000, 0x000000070f200000| Untracked 
| 103|0x000000070f400000, 0x000000070f400000, 0x000000070f600000|  0%| F|  |TAMS 0x000000070f400000, 0x000000070f400000| Untracked 
| 104|0x000000070f600000, 0x000000070f600000, 0x000000070f800000|  0%| F|  |TAMS 0x000000070f600000, 0x000000070f600000| Untracked 
| 105|0x000000070f800000, 0x000000070f800000, 0x000000070fa00000|  0%| F|  |TAMS 0x000000070f800000, 0x000000070f800000| Untracked 
| 106|0x000000070fa00000, 0x000000070fa00000, 0x000000070fc00000|  0%| F|  |TAMS 0x000000070fa00000, 0x000000070fa00000| Untracked 
| 107|0x000000070fc00000, 0x000000070fc00000, 0x000000070fe00000|  0%| F|  |TAMS 0x000000070fc00000, 0x000000070fc00000| Untracked 
| 108|0x000000070fe00000, 0x000000070fe00000, 0x0000000710000000|  0%| F|  |TAMS 0x000000070fe00000, 0x000000070fe00000| Untracked 
| 109|0x0000000710000000, 0x0000000710000000, 0x0000000710200000|  0%| F|  |TAMS 0x0000000710000000, 0x0000000710000000| Untracked 
| 110|0x0000000710200000, 0x0000000710200000, 0x0000000710400000|  0%| F|  |TAMS 0x0000000710200000, 0x0000000710200000| Untracked 
| 111|0x0000000710400000, 0x0000000710400000, 0x0000000710600000|  0%| F|  |TAMS 0x0000000710400000, 0x0000000710400000| Untracked 
| 112|0x0000000710600000, 0x0000000710600000, 0x0000000710800000|  0%| F|  |TAMS 0x0000000710600000, 0x0000000710600000| Untracked 
| 113|0x0000000710800000, 0x0000000710800000, 0x0000000710a00000|  0%| F|  |TAMS 0x0000000710800000, 0x0000000710800000| Untracked 
| 114|0x0000000710a00000, 0x0000000710a00000, 0x0000000710c00000|  0%| F|  |TAMS 0x0000000710a00000, 0x0000000710a00000| Untracked 
| 115|0x0000000710c00000, 0x0000000710c00000, 0x0000000710e00000|  0%| F|  |TAMS 0x0000000710c00000, 0x0000000710c00000| Untracked 
| 116|0x0000000710e00000, 0x0000000710e00000, 0x0000000711000000|  0%| F|  |TAMS 0x0000000710e00000, 0x0000000710e00000| Untracked 
| 117|0x0000000711000000, 0x0000000711000000, 0x0000000711200000|  0%| F|  |TAMS 0x0000000711000000, 0x0000000711000000| Untracked 
| 118|0x0000000711200000, 0x0000000711200000, 0x0000000711400000|  0%| F|  |TAMS 0x0000000711200000, 0x0000000711200000| Untracked 
| 119|0x0000000711400000, 0x0000000711400000, 0x0000000711600000|  0%| F|  |TAMS 0x0000000711400000, 0x0000000711400000| Untracked 
| 120|0x0000000711600000, 0x0000000711600000, 0x0000000711800000|  0%| F|  |TAMS 0x0000000711600000, 0x0000000711600000| Untracked 
| 121|0x0000000711800000, 0x0000000711871a50, 0x0000000711a00000| 22%| E|  |TAMS 0x0000000711800000, 0x0000000711800000| Complete 
| 122|0x0000000711a00000, 0x0000000711c00000, 0x0000000711c00000|100%| E|CS|TAMS 0x0000000711a00000, 0x0000000711a00000| Complete 
| 123|0x0000000711c00000, 0x0000000711e00000, 0x0000000711e00000|100%| E|CS|TAMS 0x0000000711c00000, 0x0000000711c00000| Complete 
| 124|0x0000000711e00000, 0x0000000712000000, 0x0000000712000000|100%| E|CS|TAMS 0x0000000711e00000, 0x0000000711e00000| Complete 
| 125|0x0000000712000000, 0x0000000712200000, 0x0000000712200000|100%| E|CS|TAMS 0x0000000712000000, 0x0000000712000000| Complete 
| 126|0x0000000712200000, 0x0000000712400000, 0x0000000712400000|100%| E|CS|TAMS 0x0000000712200000, 0x0000000712200000| Complete 

Card table byte_map: [0x000002cc611c0000,0x000002cc619b0000] _byte_map_base: 0x000002cc5d9ad000

Marking Bits (Prev, Next): (CMBitMap*) 0x000002cc4bdd8740, (CMBitMap*) 0x000002cc4bdd8780
 Prev Bits: [0x000002cc621a0000, 0x000002cc66108000)
 Next Bits: [0x000002cc66110000, 0x000002cc6a078000)

Polling page: 0x000002cc4be50000

Metaspace:

Usage:
  Non-class:     11.62 MB capacity,    11.53 MB (>99%) used,    76.12 KB ( <1%) free+waste,    14.94 KB ( <1%) overhead. 
      Class:      1.28 MB capacity,     1.21 MB ( 95%) used,    65.72 KB (  5%) free+waste,     5.38 KB ( <1%) overhead. 
       Both:     12.90 MB capacity,    12.74 MB ( 99%) used,   141.84 KB (  1%) free+waste,    20.31 KB ( <1%) overhead. 

Virtual space:
  Non-class space:       12.00 MB reserved,      11.75 MB ( 98%) committed 
      Class space:        1.00 GB reserved,       1.38 MB ( <1%) committed 
             Both:        1.01 GB reserved,      13.13 MB (  1%) committed 

Chunk freelists:
   Non-Class:  7.00 KB
       Class:  1.00 KB
        Both:  8.00 KB

MaxMetaspaceSize: 17179869184.00 GB
CompressedClassSpaceSize: 1.00 GB

CodeHeap 'non-profiled nmethods': size=120000Kb used=357Kb max_used=357Kb free=119642Kb
 bounds [0x000002cc58a30000, 0x000002cc58ca0000, 0x000002cc5ff60000]
CodeHeap 'profiled nmethods': size=120000Kb used=1628Kb max_used=1628Kb free=118372Kb
 bounds [0x000002cc51500000, 0x000002cc51770000, 0x000002cc58a30000]
CodeHeap 'non-nmethods': size=5760Kb used=1250Kb max_used=1277Kb free=4510Kb
 bounds [0x000002cc50f60000, 0x000002cc511d0000, 0x000002cc51500000]
 total_blobs=1684 nmethods=1153 adapters=444
 compilation: enabled
              stopped_count=0, restarted_count=0
 full_count=0

Compilation events (20 events):
Event: 1.674 Thread 0x000002cc6d440490 nmethod 1138 0x000002cc51692710 code [0x000002cc51692920, 0x000002cc51692f38]
Event: 1.674 Thread 0x000002cc6d440490 1139       3       java.security.AccessController::doPrivileged (17 bytes)
Event: 1.674 Thread 0x000002cc6d440490 nmethod 1139 0x000002cc51693190 code [0x000002cc51693380, 0x000002cc51693738]
Event: 1.681 Thread 0x000002cc6d440490 1141       3       java.awt.Component::getInputContext (16 bytes)
Event: 1.681 Thread 0x000002cc6d440490 nmethod 1141 0x000002cc51693910 code [0x000002cc51693ac0, 0x000002cc51693ce8]
Event: 1.681 Thread 0x000002cc6d440490 1142       3       javax.swing.DefaultButtonModel::isRollover (16 bytes)
Event: 1.681 Thread 0x000002cc6d440490 nmethod 1142 0x000002cc51693d90 code [0x000002cc51693f20, 0x000002cc51694078]
Event: 1.681 Thread 0x000002cc6d440490 1143       3       sun.java2d.pipe.Region::isInsideQuickCheck (57 bytes)
Event: 1.681 Thread 0x000002cc6d440490 nmethod 1143 0x000002cc51694110 code [0x000002cc516942c0, 0x000002cc51694518]
Event: 2.817 Thread 0x000002cc6d440490 1145       3       java.security.ProtectionDomain$JavaSecurityAccessImpl::doIntersectionPrivilege (22 bytes)
Event: 2.818 Thread 0x000002cc6d440490 nmethod 1145 0x000002cc51694610 code [0x000002cc51694820, 0x000002cc51694d98]
Event: 2.818 Thread 0x000002cc6d440490 1146       3       java.security.ProtectionDomain$JavaSecurityAccessImpl::getCombinedACC (30 bytes)
Event: 2.818 Thread 0x000002cc6d440490 nmethod 1146 0x000002cc51695010 code [0x000002cc516951e0, 0x000002cc516955d8]
Event: 501.434 Thread 0x000002cc6d440490 1147       3       java.lang.invoke.DirectMethodHandle::maybeCompile (24 bytes)
Event: 501.434 Thread 0x000002cc6d440490 nmethod 1147 0x000002cc51695790 code [0x000002cc516959e0, 0x000002cc51696198]
Event: 501.434 Thread 0x000002cc6d440490 1148       3       jdk.internal.misc.Unsafe::weakCompareAndSetInt (11 bytes)
Event: 501.435 Thread 0x000002cc6d440490 nmethod 1148 0x000002cc51696490 code [0x000002cc51696620, 0x000002cc51696738]
Event: 501.459 Thread 0x000002cc6d43d9d0 1150       4       jdk.internal.org.objectweb.asm.Symbol::<init> (38 bytes)
Event: 501.462 Thread 0x000002cc6d43d9d0 nmethod 1150 0x000002cc58a88c10 code [0x000002cc58a88d80, 0x000002cc58a890d8]
Event: 501.462 Thread 0x000002cc6d43d9d0 1151       4       jdk.internal.org.objectweb.asm.SymbolTable::put (150 bytes)

GC Heap History (0 events):
No events

Deoptimization events (20 events):
Event: 0.490 Thread 0x000002cc6dcc7ac0 DEOPT PACKING pc=0x000002cc51626cc3 sp=0x000000dcf2afc900
Event: 0.490 Thread 0x000002cc6dcc7ac0 DEOPT UNPACKING pc=0x000002cc50fae23f sp=0x000000dcf2afbde8 mode 0
Event: 0.493 Thread 0x000002cc6dcc7ac0 DEOPT PACKING pc=0x000002cc51626cc3 sp=0x000000dcf2afc900
Event: 0.493 Thread 0x000002cc6dcc7ac0 DEOPT UNPACKING pc=0x000002cc50fae23f sp=0x000000dcf2afbde8 mode 0
Event: 0.496 Thread 0x000002cc6dcc7ac0 DEOPT PACKING pc=0x000002cc51626cc3 sp=0x000000dcf2afc900
Event: 0.496 Thread 0x000002cc6dcc7ac0 DEOPT UNPACKING pc=0x000002cc50fae23f sp=0x000000dcf2afbde8 mode 0
Event: 0.500 Thread 0x000002cc6dcc7ac0 DEOPT PACKING pc=0x000002cc51626cc3 sp=0x000000dcf2afc900
Event: 0.500 Thread 0x000002cc6dcc7ac0 DEOPT UNPACKING pc=0x000002cc50fae23f sp=0x000000dcf2afbde8 mode 0
Event: 0.502 Thread 0x000002cc6dcc7ac0 DEOPT PACKING pc=0x000002cc51626cc3 sp=0x000000dcf2afc900
Event: 0.502 Thread 0x000002cc6dcc7ac0 DEOPT UNPACKING pc=0x000002cc50fae23f sp=0x000000dcf2afbde8 mode 0
Event: 0.505 Thread 0x000002cc6dcc7ac0 DEOPT PACKING pc=0x000002cc51626cc3 sp=0x000000dcf2afc900
Event: 0.505 Thread 0x000002cc6dcc7ac0 DEOPT UNPACKING pc=0x000002cc50fae23f sp=0x000000dcf2afbde8 mode 0
Event: 0.506 Thread 0x000002cc6dcc7ac0 DEOPT PACKING pc=0x000002cc51619f87 sp=0x000000dcf2afcb00
Event: 0.506 Thread 0x000002cc6dcc7ac0 DEOPT UNPACKING pc=0x000002cc50fae23f sp=0x000000dcf2afc000 mode 0
Event: 0.507 Thread 0x000002cc6dcc7ac0 DEOPT PACKING pc=0x000002cc51626cc3 sp=0x000000dcf2afc900
Event: 0.507 Thread 0x000002cc6dcc7ac0 DEOPT UNPACKING pc=0x000002cc50fae23f sp=0x000000dcf2afbde8 mode 0
Event: 0.518 Thread 0x000002cc6dcc7ac0 Uncommon trap: trap_request=0xffffff45 fr.pc=0x000002cc58a61ea8 relative=0x0000000000000288
Event: 0.518 Thread 0x000002cc6dcc7ac0 Uncommon trap: reason=unstable_if action=reinterpret pc=0x000002cc58a61ea8 method=java.util.ArrayList.indexOfRange(Ljava/lang/Object;II)I @ 45 c2
Event: 0.518 Thread 0x000002cc6dcc7ac0 DEOPT PACKING pc=0x000002cc58a61ea8 sp=0x000000dcf2afeb00
Event: 0.518 Thread 0x000002cc6dcc7ac0 DEOPT UNPACKING pc=0x000002cc50fae42f sp=0x000000dcf2afea78 mode 2

Classes unloaded (0 events):
No events

Classes redefined (0 events):
No events

Internal exceptions (13 events):
Event: 0.116 Thread 0x000002cc4bd83d10 Exception <a 'java/lang/NoSuchMethodError'{0x0000000712319ca0}: 'void java.lang.invoke.DirectMethodHandle$Holder.invokeSpecial(java.lang.Object, java.lang.Object, java.lang.Object)'> (0x0000000712319ca0) 
thrown [./open/src/hotspot/share/interpreter/linkResolver.cpp, line 782]
Event: 0.136 Thread 0x000002cc4bd83d10 Exception <a 'java/lang/ClassNotFoundException'{0x0000000712339e58}: sun/awt/resources/spi/awtProvider> (0x0000000712339e58) 
thrown [./open/src/hotspot/share/classfile/systemDictionary.cpp, line 295]
Event: 0.160 Thread 0x000002cc4bd83d10 Exception <a 'java/io/FileNotFoundException'{0x0000000712395f80}> (0x0000000712395f80) 
thrown [./open/src/hotspot/share/prims/jni.cpp, line 578]
Event: 0.166 Thread 0x000002cc4bd83d10 Exception <a 'java/io/FileNotFoundException'{0x00000007123c4a80}> (0x00000007123c4a80) 
thrown [./open/src/hotspot/share/prims/jni.cpp, line 578]
Event: 0.167 Thread 0x000002cc4bd83d10 Exception <a 'java/lang/NoSuchMethodError'{0x00000007123c5d98}: 'java.lang.Object java.lang.invoke.DirectMethodHandle$Holder.invokeStatic(java.lang.Object)'> (0x00000007123c5d98) 
thrown [./open/src/hotspot/share/interpreter/linkResolver.cpp, line 782]
Event: 0.207 Thread 0x000002cc4bd83d10 Exception <a 'java/lang/NoSuchMethodError'{0x0000000712010368}: 'java.lang.Object java.lang.invoke.DirectMethodHandle$Holder.invokeStaticInit(java.lang.Object)'> (0x0000000712010368) 
thrown [./open/src/hotspot/share/interpreter/linkResolver.cpp, line 782]
Event: 0.253 Thread 0x000002cc4bd83d10 Exception <a 'java/lang/NoSuchMethodError'{0x00000007120f3178}: 'java.lang.Object java.lang.invoke.DirectMethodHandle$Holder.newInvokeSpecial(java.lang.Object, java.lang.Object, java.lang.Object, java.lang.Object, java.lang.Object)'> (0x00000007120f3178) 
thrown [./open/src/hotspot/share/interpreter/linkResolver.cpp, line 782]
Event: 0.255 Thread 0x000002cc4bd83d10 Exception <a 'java/lang/NoSuchMethodError'{0x00000007120fec08}: 'java.lang.Object java.lang.invoke.DirectMethodHandle$Holder.invokeStatic(java.lang.Object, int, java.lang.Object, java.lang.Object, java.lang.Object, java.lang.Object)'> (0x00000007120fec08) 
thrown [./open/src/hotspot/share/interpreter/linkResolver.cpp, line 782]
Event: 0.260 Thread 0x000002cc4bd83d10 Exception <a 'java/lang/NoSuchMethodError'{0x0000000712124eb0}: 'java.lang.Object java.lang.invoke.DirectMethodHandle$Holder.invokeStatic(java.lang.Object, int, java.lang.Object)'> (0x0000000712124eb0) 
thrown [./open/src/hotspot/share/interpreter/linkResolver.cpp, line 782]
Event: 0.288 Thread 0x000002cc4bd83d10 Exception <a 'java/lang/ClassNotFoundException'{0x00000007121dd270}: com/sun/swing/internal/plaf/metal/resources/spi/metalProvider> (0x00000007121dd270) 
thrown [./open/src/hotspot/share/classfile/systemDictionary.cpp, line 295]
Event: 0.290 Thread 0x000002cc4bd83d10 Exception <a 'java/lang/ClassNotFoundException'{0x00000007121e11a8}: com/sun/swing/internal/plaf/basic/resources/spi/basicProvider> (0x00000007121e11a8) 
thrown [./open/src/hotspot/share/classfile/systemDictionary.cpp, line 295]
Event: 0.357 Thread 0x000002cc4bd83d10 Exception <a 'java/lang/NoSuchMethodError'{0x0000000711e95aa8}: 'void java.lang.invoke.DirectMethodHandle$Holder.invokeStaticInit(java.lang.Object)'> (0x0000000711e95aa8) 
thrown [./open/src/hotspot/share/interpreter/linkResolver.cpp, line 782]
Event: 501.459 Thread 0x000002cc6dcc7ac0 Exception <a 'java/lang/NoSuchMethodError'{0x0000000711858328}: 'void java.lang.invoke.DirectMethodHandle$Holder.invokeVirtual(java.lang.Object, java.lang.Object)'> (0x0000000711858328) 
thrown [./open/src/hotspot/share/interpreter/linkResolver.cpp, line 782]

Events (20 events):
Event: 0.997 Executing VM operation: ICBufferFull
Event: 0.997 Executing VM operation: ICBufferFull done
Event: 0.998 Executing VM operation: HandshakeAllThreads
Event: 0.998 Executing VM operation: HandshakeAllThreads done
Event: 1.687 loading class java/awt/LightweightDispatcher$2
Event: 1.688 loading class java/awt/LightweightDispatcher$2 done
Event: 1.998 Executing VM operation: HandshakeAllThreads
Event: 1.998 Executing VM operation: HandshakeAllThreads done
Event: 2.817 loading class java/awt/KeyboardFocusManager$2
Event: 2.818 loading class java/awt/KeyboardFocusManager$2 done
Event: 2.818 loading class sun/awt/SunToolkit$1
Event: 2.818 loading class sun/awt/SunToolkit$1 done
Event: 501.458 loading class java/util/Collections$SynchronizedSet
Event: 501.458 loading class java/util/Collections$SynchronizedSet done
Event: 501.458 loading class java/util/WeakHashMap$KeyIterator
Event: 501.458 loading class java/util/WeakHashMap$HashIterator
Event: 501.458 loading class java/util/WeakHashMap$HashIterator done
Event: 501.458 loading class java/util/WeakHashMap$KeyIterator done
Event: 501.460 loading class javax/swing/RepaintManager$DisplayChangedRunnable
Event: 501.461 loading class javax/swing/RepaintManager$DisplayChangedRunnable done


Dynamic libraries:
0x00007ff733160000 - 0x00007ff73316d000 	C:\Users\riahi\.p2\pool\plugins\org.eclipse.justj.openjdk.hotspot.jre.full.win32.x86_64_15.0.2.v20210201-0955\jre\bin\javaw.exe
0x00007ffdafba0000 - 0x00007ffdafd90000 	C:\WINDOWS\SYSTEM32\ntdll.dll
0x00007ffdae890000 - 0x00007ffdae942000 	C:\WINDOWS\System32\KERNEL32.DLL
0x00007ffdad2b0000 - 0x00007ffdad555000 	C:\WINDOWS\System32\KERNELBASE.dll
0x00007ffdad9c0000 - 0x00007ffdadaba000 	C:\WINDOWS\System32\ucrtbase.dll
0x00007ffda4eb0000 - 0x00007ffda4ec8000 	C:\Users\riahi\.p2\pool\plugins\org.eclipse.justj.openjdk.hotspot.jre.full.win32.x86_64_15.0.2.v20210201-0955\jre\bin\jli.dll
0x00007ffd9efb0000 - 0x00007ffd9efc9000 	C:\Users\riahi\.p2\pool\plugins\org.eclipse.justj.openjdk.hotspot.jre.full.win32.x86_64_15.0.2.v20210201-0955\jre\bin\VCRUNTIME140.dll
0x00007ffdaf180000 - 0x00007ffdaf314000 	C:\WINDOWS\System32\USER32.dll
0x00007ffdadc20000 - 0x00007ffdadc41000 	C:\WINDOWS\System32\win32u.dll
0x00007ffdae210000 - 0x00007ffdae236000 	C:\WINDOWS\System32\GDI32.dll
0x00007ffd99060000 - 0x00007ffd992e4000 	C:\WINDOWS\WinSxS\amd64_microsoft.windows.common-controls_6595b64144ccf1df_6.0.18362.1500_none_9e79be6de462295c\COMCTL32.dll
0x00007ffdad7c0000 - 0x00007ffdad958000 	C:\WINDOWS\System32\gdi32full.dll
0x00007ffdaf010000 - 0x00007ffdaf0ae000 	C:\WINDOWS\System32\msvcrt.dll
0x00007ffdad560000 - 0x00007ffdad5fe000 	C:\WINDOWS\System32\msvcp_win.dll
0x00007ffdae410000 - 0x00007ffdae746000 	C:\WINDOWS\System32\combase.dll
0x00007ffdaeee0000 - 0x00007ffdaefff000 	C:\WINDOWS\System32\RPCRT4.dll
0x00007ffdad600000 - 0x00007ffdad681000 	C:\WINDOWS\System32\bcryptPrimitives.dll
0x00007ffdaf3d0000 - 0x00007ffdaf3fe000 	C:\WINDOWS\System32\IMM32.DLL
0x00007ffda4ef0000 - 0x00007ffda4efc000 	C:\Users\riahi\.p2\pool\plugins\org.eclipse.justj.openjdk.hotspot.jre.full.win32.x86_64_15.0.2.v20210201-0955\jre\bin\vcruntime140_1.dll
0x00007ffd76d60000 - 0x00007ffd76df1000 	C:\Users\riahi\.p2\pool\plugins\org.eclipse.justj.openjdk.hotspot.jre.full.win32.x86_64_15.0.2.v20210201-0955\jre\bin\msvcp140.dll
0x00007ffd41250000 - 0x00007ffd41dae000 	C:\Users\riahi\.p2\pool\plugins\org.eclipse.justj.openjdk.hotspot.jre.full.win32.x86_64_15.0.2.v20210201-0955\jre\bin\server\jvm.dll
0x00007ffdae160000 - 0x00007ffdae203000 	C:\WINDOWS\System32\ADVAPI32.dll
0x00007ffdae0c0000 - 0x00007ffdae157000 	C:\WINDOWS\System32\sechost.dll
0x00007ffdaf400000 - 0x00007ffdaf408000 	C:\WINDOWS\System32\PSAPI.DLL
0x00007ffd9efd0000 - 0x00007ffd9efda000 	C:\WINDOWS\SYSTEM32\VERSION.dll
0x00007ffda6d40000 - 0x00007ffda6d64000 	C:\WINDOWS\SYSTEM32\WINMM.dll
0x00007ffd775e0000 - 0x00007ffd775e9000 	C:\WINDOWS\SYSTEM32\WSOCK32.dll
0x00007ffdaeb90000 - 0x00007ffdaebff000 	C:\WINDOWS\System32\WS2_32.dll
0x00007ffda6d10000 - 0x00007ffda6d3d000 	C:\WINDOWS\SYSTEM32\winmmbase.dll
0x00007ffdad740000 - 0x00007ffdad78a000 	C:\WINDOWS\System32\cfgmgr32.dll
0x00007ffdacab0000 - 0x00007ffdacac1000 	C:\WINDOWS\System32\kernel.appcore.dll
0x00007ffd75cc0000 - 0x00007ffd75cca000 	C:\Users\riahi\.p2\pool\plugins\org.eclipse.justj.openjdk.hotspot.jre.full.win32.x86_64_15.0.2.v20210201-0955\jre\bin\jimage.dll
0x00007ffdab360000 - 0x00007ffdab554000 	C:\WINDOWS\SYSTEM32\DBGHELP.DLL
0x00007ffd8fb40000 - 0x00007ffd8fb6a000 	C:\WINDOWS\SYSTEM32\dbgcore.DLL
0x00007ffd41220000 - 0x00007ffd41245000 	C:\Users\riahi\.p2\pool\plugins\org.eclipse.justj.openjdk.hotspot.jre.full.win32.x86_64_15.0.2.v20210201-0955\jre\bin\java.dll
0x00007ffd41200000 - 0x00007ffd41218000 	C:\Users\riahi\.p2\pool\plugins\org.eclipse.justj.openjdk.hotspot.jre.full.win32.x86_64_15.0.2.v20210201-0955\jre\bin\zip.dll
0x00007ffdaf410000 - 0x00007ffdafaf8000 	C:\WINDOWS\System32\SHELL32.dll
0x00007ffdae7d0000 - 0x00007ffdae877000 	C:\WINDOWS\System32\shcore.dll
0x00007ffdacb30000 - 0x00007ffdad2ab000 	C:\WINDOWS\System32\windows.storage.dll
0x00007ffdacad0000 - 0x00007ffdacaee000 	C:\WINDOWS\System32\profapi.dll
0x00007ffdaca60000 - 0x00007ffdacaaa000 	C:\WINDOWS\System32\powrprof.dll
0x00007ffdaca50000 - 0x00007ffdaca60000 	C:\WINDOWS\System32\UMPDC.dll
0x00007ffdafb00000 - 0x00007ffdafb52000 	C:\WINDOWS\System32\shlwapi.dll
0x00007ffdacb10000 - 0x00007ffdacb27000 	C:\WINDOWS\System32\cryptsp.dll
0x00007ffd752e0000 - 0x00007ffd7545f000 	C:\Users\riahi\.p2\pool\plugins\org.eclipse.justj.openjdk.hotspot.jre.full.win32.x86_64_15.0.2.v20210201-0955\jre\bin\awt.dll
0x00007ffdaedb0000 - 0x00007ffdaee75000 	C:\WINDOWS\System32\OLEAUT32.dll
0x00007ffda7720000 - 0x00007ffda77af000 	C:\WINDOWS\SYSTEM32\apphelp.dll
0x00007ffdaad10000 - 0x00007ffdaad3d000 	C:\WINDOWS\system32\DWMAPI.DLL
0x00007ffdaa990000 - 0x00007ffdaaa29000 	C:\WINDOWS\system32\uxtheme.dll
0x00007ffd68710000 - 0x00007ffd68866000 	C:\WINDOWS\system32\opengl32.dll
0x00007ffd734c0000 - 0x00007ffd734ec000 	C:\WINDOWS\SYSTEM32\GLU32.dll
0x00007ffdab690000 - 0x00007ffdab6b0000 	C:\WINDOWS\SYSTEM32\dxcore.dll
0x00007ffdae9f0000 - 0x00007ffdaeb25000 	C:\WINDOWS\System32\MSCTF.dll
0x00007ffdae2b0000 - 0x00007ffdae407000 	C:\WINDOWS\System32\ole32.dll
0x00007ffd75250000 - 0x00007ffd752d5000 	C:\Users\riahi\.p2\pool\plugins\org.eclipse.justj.openjdk.hotspot.jre.full.win32.x86_64_15.0.2.v20210201-0955\jre\bin\freetype.dll
0x00007ffd67080000 - 0x00007ffd67129000 	C:\Users\riahi\.p2\pool\plugins\org.eclipse.justj.openjdk.hotspot.jre.full.win32.x86_64_15.0.2.v20210201-0955\jre\bin\fontmanager.dll
0x00007ffd411e0000 - 0x00007ffd411f9000 	C:\Users\riahi\.p2\pool\plugins\org.eclipse.justj.openjdk.hotspot.jre.full.win32.x86_64_15.0.2.v20210201-0955\jre\bin\net.dll
0x00007ffda37c0000 - 0x00007ffda38ba000 	C:\WINDOWS\SYSTEM32\WINHTTP.dll
0x00007ffdac290000 - 0x00007ffdac2f7000 	C:\WINDOWS\system32\mswsock.dll
0x00007ffd411c0000 - 0x00007ffd411d2000 	C:\Users\riahi\.p2\pool\plugins\org.eclipse.justj.openjdk.hotspot.jre.full.win32.x86_64_15.0.2.v20210201-0955\jre\bin\nio.dll
0x00007ffd7d1f0000 - 0x00007ffd7d28b000 	C:\WINDOWS\System32\TextInputFramework.dll
0x00007ffda4300000 - 0x00007ffda462a000 	C:\WINDOWS\System32\CoreUIComponents.dll
0x00007ffda70e0000 - 0x00007ffda71b4000 	C:\WINDOWS\System32\CoreMessaging.dll
0x00007ffdabc00000 - 0x00007ffdabc31000 	C:\WINDOWS\SYSTEM32\ntmarta.dll
0x00007ffda5100000 - 0x00007ffda5252000 	C:\WINDOWS\SYSTEM32\wintypes.dll
0x00007ffd92c40000 - 0x00007ffd92ee7000 	C:\WINDOWS\System32\iertutil.dll

dbghelp: loaded successfully - version: 4.0.5 - missing functions: none
symbol engine: initialized successfully - sym options: 0x614 - pdb path: .;C:\Users\riahi\.p2\pool\plugins\org.eclipse.justj.openjdk.hotspot.jre.full.win32.x86_64_15.0.2.v20210201-0955\jre\bin;C:\WINDOWS\SYSTEM32;C:\WINDOWS\WinSxS\amd64_microsoft.windows.common-controls_6595b64144ccf1df_6.0.18362.1500_none_9e79be6de462295c;C:\Users\riahi\.p2\pool\plugins\org.eclipse.justj.openjdk.hotspot.jre.full.win32.x86_64_15.0.2.v20210201-0955\jre\bin\server

VM Arguments:
jvm_args: -Dfile.encoding=Cp1252 -XX:+ShowCodeDetailsInExceptionMessages 
java_command: Board
java_class_path (initial): D:\isi\d04-h21-avril-groupe6\eclipse\bin
Launcher Type: SUN_STANDARD

[Global flags]
     intx CICompilerCount                          = 4                                         {product} {ergonomic}
     uint ConcGCThreads                            = 2                                         {product} {ergonomic}
     uint G1ConcRefinementThreads                  = 8                                         {product} {ergonomic}
   size_t G1HeapRegionSize                         = 2097152                                   {product} {ergonomic}
    uintx GCDrainStackTargetSize                   = 64                                        {product} {ergonomic}
   size_t InitialHeapSize                          = 266338304                                 {product} {ergonomic}
   size_t MarkStackSize                            = 4194304                                   {product} {ergonomic}
   size_t MaxHeapSize                              = 4255121408                                {product} {ergonomic}
   size_t MaxNewSize                               = 2552233984                                {product} {ergonomic}
   size_t MinHeapDeltaBytes                        = 2097152                                   {product} {ergonomic}
   size_t MinHeapSize                              = 8388608                                   {product} {ergonomic}
    uintx NonNMethodCodeHeapSize                   = 5839372                                {pd product} {ergonomic}
    uintx NonProfiledCodeHeapSize                  = 122909434                              {pd product} {ergonomic}
    uintx ProfiledCodeHeapSize                     = 122909434                              {pd product} {ergonomic}
    uintx ReservedCodeCacheSize                    = 251658240                              {pd product} {ergonomic}
     bool SegmentedCodeCache                       = true                                      {product} {ergonomic}
     bool ShowCodeDetailsInExceptionMessages       = true                                   {manageable} {command line}
   size_t SoftMaxHeapSize                          = 4255121408                             {manageable} {ergonomic}
     bool UseCompressedClassPointers               = true                                 {lp64_product} {ergonomic}
     bool UseCompressedOops                        = true                                 {lp64_product} {ergonomic}
     bool UseG1GC                                  = true                                      {product} {ergonomic}
     bool UseLargePagesIndividualAllocation        = false                                  {pd product} {ergonomic}

Logging:
Log output configuration:
 #0: stdout all=warning uptime,level,tags
 #1: stderr all=off uptime,level,tags

Environment Variables:
PATH=C:/Users/riahi/.p2/pool/plugins/org.eclipse.justj.openjdk.hotspot.jre.full.win32.x86_64_15.0.2.v20210201-0955/jre/bin/server;C:/Users/riahi/.p2/pool/plugins/org.eclipse.justj.openjdk.hotspot.jre.full.win32.x86_64_15.0.2.v20210201-0955/jre/bin;C:\Program Files (x86)\Common Files\Oracle\Java\javapath;C:\Program Files\Java\jdk-15.0.2\bin;C:\Windows\system32;C:\Windows;C:\Windows\System32\Wbem;C:\Windows\System32\WindowsPowerShell\v1.0\;C:\Windows\System32\OpenSSH\;C:\Program Files (x86)\NVIDIA Corporation\PhysX\Common;C:\Program Files\NVIDIA Corporation\NVIDIA NvDLISR;C:\WINDOWS\system32;C:\WINDOWS;C:\WINDOWS\System32\Wbem;C:\WINDOWS\System32\WindowsPowerShell\v1.0\;C:\WINDOWS\System32\OpenSSH\;C:\Program Files\dotnet\;C:\Program Files\Microsoft SQL Server\130\Tools\Binn\;C:\Program Files (x86)\Microsoft SQL Server\140\Tools\Binn\;C:\Program Files\Microsoft SQL Server\140\Tools\Binn\;C:\Program Files (x86)\Microsoft SQL Server\140\DTS\Binn\;C:\Program Files\Microsoft SQL Server\140\DTS\Binn\;C:\Program Files\Microsoft SQL Server\Client SDK\ODBC\130\Tools\Binn\;C:\Program Files (x86)\Microsoft SQL Server\150\DTS\Binn\;C:\Program Files (x86)\Microsoft SQL Server\110\DTS\Binn\;C:\Program Files (x86)\Microsoft SQL Server\120\DTS\Binn\;C:\Program Files (x86)\Microsoft SQL Server\130\DTS\Binn\;C:\Program Files\Git\cmd;C:\Users\riahi\AppData\Local\Microsoft\WindowsApps;C:\Users\riahi\.dotnet\tools;C:\Users\riahi\OneDrive\Desktop;
USERNAME=riahi
OS=Windows_NT
PROCESSOR_IDENTIFIER=Intel64 Family 6 Model 158 Stepping 10, GenuineIntel



---------------  S Y S T E M  ---------------

OS:
 Windows 10 , 64 bit Build 18362 (10.0.18362.1500)
OS uptime: 3 days 9:06 hours

CPU: total 8 (initial active 8) (4 cores per cpu, 2 threads per core) family 6 model 158 stepping 10 microcode 0xd6, cmov, cx8, fxsr, mmx, sse, sse2, sse3, ssse3, sse4.1, sse4.2, popcnt, vzeroupper, avx, avx2, aes, clmul, erms, 3dnowpref, lzcnt, ht, tsc, tscinvbit, bmi1, bmi2, adx, fma, clflush, clflushopt

Memory: 4k page, system-wide physical 16228M (7963M free)
TotalPageFile size 24228M (AvailPageFile size 0M)
current process WorkingSet (physical memory assigned to process): 66M, peak: 69M
current process commit charge ("private bytes"): 350M, peak: 353M

vm_info: OpenJDK 64-Bit Server VM (15.0.2+7-27) for windows-amd64 JRE (15.0.2+7-27), built on Dec  7 2020 20:02:38 by "mach5one" with unknown MS VC++:1925

END.
