#
# There is insufficient memory for the Java Runtime Environment to continue.
# Native memory allocation (malloc) failed to allocate 32744 bytes for ChunkPool::allocate
# Possible reasons:
#   The system is out of physical RAM or swap space
#   The process is running with CompressedOops enabled, and the Java Heap may be blocking the growth of the native heap
# Possible solutions:
#   Reduce memory load on the system
#   Increase physical memory or swap space
#   Check if swap backing store is full
#   Decrease Java heap size (-Xmx/-Xms)
#   Decrease number of Java threads
#   Decrease Java thread stack sizes (-Xss)
#   Set larger code cache with -XX:ReservedCodeCacheSize=
#   JVM is running with Zero Based Compressed Oops mode in which the Java heap is
#     placed in the first 32GB address space. The Java Heap base address is the
#     maximum limit for the native heap growth. Please use -XX:HeapBaseMinAddress
#     to set the Java Heap base and to place the Java Heap above 32GB virtual address.
# This output file may be truncated or incomplete.
#
#  Out of Memory Error (./open/src/hotspot/share/memory/arena.cpp:79), pid=39064, tid=44520
#
# JRE version: OpenJDK Runtime Environment (15.0.2+7) (build 15.0.2+7-27)
# Java VM: OpenJDK 64-Bit Server VM (15.0.2+7-27, mixed mode, tiered, compressed oops, g1 gc, windows-amd64)
# No core dump will be written. Minidumps are not enabled by default on client versions of Windows
#

---------------  S U M M A R Y ------------

Command Line: -Dfile.encoding=Cp1252 -XX:+ShowCodeDetailsInExceptionMessages Board

Host: Intel(R) Core(TM) i5-9300H CPU @ 2.40GHz, 8 cores, 15G,  Windows 10 , 64 bit Build 18362 (10.0.18362.1500)
Time: Wed May 12 22:30:30 2021 Est (heure d?été) elapsed time: 154.486446 seconds (0d 0h 2m 34s)

---------------  T H R E A D  ---------------

Current thread (0x0000023fbbd91490):  JavaThread "C2 CompilerThread0" daemon [_thread_in_native, id=44520, stack(0x000000e63a200000,0x000000e63a300000)]


Current CompileTask:
C2: 154486 1373       4       jdk.internal.org.objectweb.asm.Symbol::<init> (38 bytes)

Stack: [0x000000e63a200000,0x000000e63a300000]
Native frames: (J=compiled Java code, j=interpreted, Vv=VM code, C=native code)
V  [jvm.dll+0x62ae9a]
V  [jvm.dll+0x7817a9]
V  [jvm.dll+0x782f03]
V  [jvm.dll+0x783563]
V  [jvm.dll+0x216325]
V  [jvm.dll+0x982cf]
V  [jvm.dll+0x9861c]
V  [jvm.dll+0x6089c5]
V  [jvm.dll+0x5bc4a3]
V  [jvm.dll+0x5ba6de]
V  [jvm.dll+0x1ea598]
V  [jvm.dll+0x1e996e]
V  [jvm.dll+0x178567]
V  [jvm.dll+0x1f9225]
V  [jvm.dll+0x1f72cc]
V  [jvm.dll+0x74495d]
V  [jvm.dll+0x73d75a]
V  [jvm.dll+0x629c56]
C  [ucrtbase.dll+0x210b2]
C  [KERNEL32.DLL+0x17c24]
C  [ntdll.dll+0x6d721]


---------------  P R O C E S S  ---------------

Threads class SMR info:
_java_thread_list=0x0000023fbc6e05c0, length=15, elements={
0x0000023fbbd65010, 0x0000023fbbd67ad0, 0x0000023fbbd85920, 0x0000023fbbd887e0,
0x0000023fbbd8b2a0, 0x0000023fbbd91490, 0x0000023fbbd9bf50, 0x0000023fbbda6d60,
0x0000023fbbf17cf0, 0x0000023fbbf32d60, 0x0000023fbc0dd880, 0x0000023fbc0ddd50,
0x0000023fbc4b55c0, 0x0000023fbc5e80b0, 0x0000023f9c651af0
}

Java Threads: ( => current thread )
  0x0000023fbbd65010 JavaThread "Reference Handler" daemon [_thread_blocked, id=42588, stack(0x000000e639d00000,0x000000e639e00000)]
  0x0000023fbbd67ad0 JavaThread "Finalizer" daemon [_thread_blocked, id=32536, stack(0x000000e639e00000,0x000000e639f00000)]
  0x0000023fbbd85920 JavaThread "Signal Dispatcher" daemon [_thread_blocked, id=40796, stack(0x000000e639f00000,0x000000e63a000000)]
  0x0000023fbbd887e0 JavaThread "Attach Listener" daemon [_thread_blocked, id=44248, stack(0x000000e63a000000,0x000000e63a100000)]
  0x0000023fbbd8b2a0 JavaThread "Service Thread" daemon [_thread_blocked, id=44728, stack(0x000000e63a100000,0x000000e63a200000)]
=>0x0000023fbbd91490 JavaThread "C2 CompilerThread0" daemon [_thread_in_native, id=44520, stack(0x000000e63a200000,0x000000e63a300000)]
  0x0000023fbbd9bf50 JavaThread "C1 CompilerThread0" daemon [_thread_blocked, id=37244, stack(0x000000e63a300000,0x000000e63a400000)]
  0x0000023fbbda6d60 JavaThread "Sweeper thread" daemon [_thread_blocked, id=44656, stack(0x000000e63a400000,0x000000e63a500000)]
  0x0000023fbbf17cf0 JavaThread "Notification Thread" daemon [_thread_blocked, id=42956, stack(0x000000e63a500000,0x000000e63a600000)]
  0x0000023fbbf32d60 JavaThread "Common-Cleaner" daemon [_thread_blocked, id=16120, stack(0x000000e63a700000,0x000000e63a800000)]
  0x0000023fbc0dd880 JavaThread "Java2D Disposer" daemon [_thread_blocked, id=43564, stack(0x000000e63a800000,0x000000e63a900000)]
  0x0000023fbc0ddd50 JavaThread "AWT-Shutdown" [_thread_blocked, id=44840, stack(0x000000e63a900000,0x000000e63aa00000)]
  0x0000023fbc4b55c0 JavaThread "AWT-Windows" daemon [_thread_in_native, id=41544, stack(0x000000e63aa00000,0x000000e63ab00000)]
  0x0000023fbc5e80b0 JavaThread "AWT-EventQueue-0" [_thread_blocked, id=42320, stack(0x000000e63ac00000,0x000000e63ad00000)]
  0x0000023f9c651af0 JavaThread "DestroyJavaVM" [_thread_blocked, id=42472, stack(0x000000e639600000,0x000000e639700000)]

Other Threads:
  0x0000023fbbd2cbe0 VMThread "VM Thread" [stack: 0x000000e639c00000,0x000000e639d00000] [id=44468]
  0x0000023fbbf187d0 WatcherThread [stack: 0x000000e63a600000,0x000000e63a700000] [id=42980]
  0x0000023f9c6a3fa0 GCTaskThread "GC Thread#0" [stack: 0x000000e639700000,0x000000e639800000] [id=2844]
  0x0000023f9c6b67b0 ConcurrentGCThread "G1 Main Marker" [stack: 0x000000e639800000,0x000000e639900000] [id=31636]
  0x0000023f9c6b7420 ConcurrentGCThread "G1 Conc#0" [stack: 0x000000e639900000,0x000000e639a00000] [id=24792]
  0x0000023fbb3624d0 ConcurrentGCThread "G1 Refine#0" [stack: 0x000000e639a00000,0x000000e639b00000] [id=34736]
  0x0000023fbb363150 ConcurrentGCThread "G1 Young RemSet Sampling" [stack: 0x000000e639b00000,0x000000e639c00000] [id=44364]

Threads with active compile tasks:
C2 CompilerThread0   154513 1373       4       jdk.internal.org.objectweb.asm.Symbol::<init> (38 bytes)

VM state: not at safepoint (normal execution)

VM Mutex/Monitor currently owned by a thread: None

Heap address: 0x0000000702600000, size: 4058 MB, Compressed Oops mode: Zero based, Oop shift amount: 3
CDS disabled.
Compressed class space mapped at: 0x0000000800000000-0x0000000840000000, size: 1073741824
Narrow klass base: 0x0000000800000000, Narrow klass shift: 0, Narrow klass range: 0x40000000

GC Precious Log:
 CPUs: 8 total, 8 available
 Memory: 16228M
 Large Page Support: Disabled
 NUMA Support: Disabled
 Compressed Oops: Enabled (Zero based)
 Heap Region Size: 2M
 Heap Min Capacity: 8M
 Heap Initial Capacity: 254M
 Heap Max Capacity: 4058M
 Pre-touch: Disabled
 Parallel Workers: 8
 Concurrent Workers: 2
 Concurrent Refinement Workers: 8
 Periodic GC: Disabled

Heap:
 garbage-first heap   total 260096K, used 14336K [0x0000000702600000, 0x0000000800000000)
  region size 2048K, 7 young (14336K), 0 survivors (0K)
 Metaspace       used 13370K, capacity 13528K, committed 13696K, reserved 1060864K
  class space    used 1236K, capacity 1311K, committed 1408K, reserved 1048576K

Heap Regions: E=young(eden), S=young(survivor), O=old, HS=humongous(starts), HC=humongous(continues), CS=collection set, F=free, OA=open archive, CA=closed archive, TAMS=top-at-mark-start (previous, next)
|   0|0x0000000702600000, 0x0000000702800000, 0x0000000702800000|100%|HS|  |TAMS 0x0000000702600000, 0x0000000702600000| Complete 
|   1|0x0000000702800000, 0x0000000702800000, 0x0000000702a00000|  0%| F|  |TAMS 0x0000000702800000, 0x0000000702800000| Untracked 
|   2|0x0000000702a00000, 0x0000000702a00000, 0x0000000702c00000|  0%| F|  |TAMS 0x0000000702a00000, 0x0000000702a00000| Untracked 
|   3|0x0000000702c00000, 0x0000000702c00000, 0x0000000702e00000|  0%| F|  |TAMS 0x0000000702c00000, 0x0000000702c00000| Untracked 
|   4|0x0000000702e00000, 0x0000000702e00000, 0x0000000703000000|  0%| F|  |TAMS 0x0000000702e00000, 0x0000000702e00000| Untracked 
|   5|0x0000000703000000, 0x0000000703000000, 0x0000000703200000|  0%| F|  |TAMS 0x0000000703000000, 0x0000000703000000| Untracked 
|   6|0x0000000703200000, 0x0000000703200000, 0x0000000703400000|  0%| F|  |TAMS 0x0000000703200000, 0x0000000703200000| Untracked 
|   7|0x0000000703400000, 0x0000000703400000, 0x0000000703600000|  0%| F|  |TAMS 0x0000000703400000, 0x0000000703400000| Untracked 
|   8|0x0000000703600000, 0x0000000703600000, 0x0000000703800000|  0%| F|  |TAMS 0x0000000703600000, 0x0000000703600000| Untracked 
|   9|0x0000000703800000, 0x0000000703800000, 0x0000000703a00000|  0%| F|  |TAMS 0x0000000703800000, 0x0000000703800000| Untracked 
|  10|0x0000000703a00000, 0x0000000703a00000, 0x0000000703c00000|  0%| F|  |TAMS 0x0000000703a00000, 0x0000000703a00000| Untracked 
|  11|0x0000000703c00000, 0x0000000703c00000, 0x0000000703e00000|  0%| F|  |TAMS 0x0000000703c00000, 0x0000000703c00000| Untracked 
|  12|0x0000000703e00000, 0x0000000703e00000, 0x0000000704000000|  0%| F|  |TAMS 0x0000000703e00000, 0x0000000703e00000| Untracked 
|  13|0x0000000704000000, 0x0000000704000000, 0x0000000704200000|  0%| F|  |TAMS 0x0000000704000000, 0x0000000704000000| Untracked 
|  14|0x0000000704200000, 0x0000000704200000, 0x0000000704400000|  0%| F|  |TAMS 0x0000000704200000, 0x0000000704200000| Untracked 
|  15|0x0000000704400000, 0x0000000704400000, 0x0000000704600000|  0%| F|  |TAMS 0x0000000704400000, 0x0000000704400000| Untracked 
|  16|0x0000000704600000, 0x0000000704600000, 0x0000000704800000|  0%| F|  |TAMS 0x0000000704600000, 0x0000000704600000| Untracked 
|  17|0x0000000704800000, 0x0000000704800000, 0x0000000704a00000|  0%| F|  |TAMS 0x0000000704800000, 0x0000000704800000| Untracked 
|  18|0x0000000704a00000, 0x0000000704a00000, 0x0000000704c00000|  0%| F|  |TAMS 0x0000000704a00000, 0x0000000704a00000| Untracked 
|  19|0x0000000704c00000, 0x0000000704c00000, 0x0000000704e00000|  0%| F|  |TAMS 0x0000000704c00000, 0x0000000704c00000| Untracked 
|  20|0x0000000704e00000, 0x0000000704e00000, 0x0000000705000000|  0%| F|  |TAMS 0x0000000704e00000, 0x0000000704e00000| Untracked 
|  21|0x0000000705000000, 0x0000000705000000, 0x0000000705200000|  0%| F|  |TAMS 0x0000000705000000, 0x0000000705000000| Untracked 
|  22|0x0000000705200000, 0x0000000705200000, 0x0000000705400000|  0%| F|  |TAMS 0x0000000705200000, 0x0000000705200000| Untracked 
|  23|0x0000000705400000, 0x0000000705400000, 0x0000000705600000|  0%| F|  |TAMS 0x0000000705400000, 0x0000000705400000| Untracked 
|  24|0x0000000705600000, 0x0000000705600000, 0x0000000705800000|  0%| F|  |TAMS 0x0000000705600000, 0x0000000705600000| Untracked 
|  25|0x0000000705800000, 0x0000000705800000, 0x0000000705a00000|  0%| F|  |TAMS 0x0000000705800000, 0x0000000705800000| Untracked 
|  26|0x0000000705a00000, 0x0000000705a00000, 0x0000000705c00000|  0%| F|  |TAMS 0x0000000705a00000, 0x0000000705a00000| Untracked 
|  27|0x0000000705c00000, 0x0000000705c00000, 0x0000000705e00000|  0%| F|  |TAMS 0x0000000705c00000, 0x0000000705c00000| Untracked 
|  28|0x0000000705e00000, 0x0000000705e00000, 0x0000000706000000|  0%| F|  |TAMS 0x0000000705e00000, 0x0000000705e00000| Untracked 
|  29|0x0000000706000000, 0x0000000706000000, 0x0000000706200000|  0%| F|  |TAMS 0x0000000706000000, 0x0000000706000000| Untracked 
|  30|0x0000000706200000, 0x0000000706200000, 0x0000000706400000|  0%| F|  |TAMS 0x0000000706200000, 0x0000000706200000| Untracked 
|  31|0x0000000706400000, 0x0000000706400000, 0x0000000706600000|  0%| F|  |TAMS 0x0000000706400000, 0x0000000706400000| Untracked 
|  32|0x0000000706600000, 0x0000000706600000, 0x0000000706800000|  0%| F|  |TAMS 0x0000000706600000, 0x0000000706600000| Untracked 
|  33|0x0000000706800000, 0x0000000706800000, 0x0000000706a00000|  0%| F|  |TAMS 0x0000000706800000, 0x0000000706800000| Untracked 
|  34|0x0000000706a00000, 0x0000000706a00000, 0x0000000706c00000|  0%| F|  |TAMS 0x0000000706a00000, 0x0000000706a00000| Untracked 
|  35|0x0000000706c00000, 0x0000000706c00000, 0x0000000706e00000|  0%| F|  |TAMS 0x0000000706c00000, 0x0000000706c00000| Untracked 
|  36|0x0000000706e00000, 0x0000000706e00000, 0x0000000707000000|  0%| F|  |TAMS 0x0000000706e00000, 0x0000000706e00000| Untracked 
|  37|0x0000000707000000, 0x0000000707000000, 0x0000000707200000|  0%| F|  |TAMS 0x0000000707000000, 0x0000000707000000| Untracked 
|  38|0x0000000707200000, 0x0000000707200000, 0x0000000707400000|  0%| F|  |TAMS 0x0000000707200000, 0x0000000707200000| Untracked 
|  39|0x0000000707400000, 0x0000000707400000, 0x0000000707600000|  0%| F|  |TAMS 0x0000000707400000, 0x0000000707400000| Untracked 
|  40|0x0000000707600000, 0x0000000707600000, 0x0000000707800000|  0%| F|  |TAMS 0x0000000707600000, 0x0000000707600000| Untracked 
|  41|0x0000000707800000, 0x0000000707800000, 0x0000000707a00000|  0%| F|  |TAMS 0x0000000707800000, 0x0000000707800000| Untracked 
|  42|0x0000000707a00000, 0x0000000707a00000, 0x0000000707c00000|  0%| F|  |TAMS 0x0000000707a00000, 0x0000000707a00000| Untracked 
|  43|0x0000000707c00000, 0x0000000707c00000, 0x0000000707e00000|  0%| F|  |TAMS 0x0000000707c00000, 0x0000000707c00000| Untracked 
|  44|0x0000000707e00000, 0x0000000707e00000, 0x0000000708000000|  0%| F|  |TAMS 0x0000000707e00000, 0x0000000707e00000| Untracked 
|  45|0x0000000708000000, 0x0000000708000000, 0x0000000708200000|  0%| F|  |TAMS 0x0000000708000000, 0x0000000708000000| Untracked 
|  46|0x0000000708200000, 0x0000000708200000, 0x0000000708400000|  0%| F|  |TAMS 0x0000000708200000, 0x0000000708200000| Untracked 
|  47|0x0000000708400000, 0x0000000708400000, 0x0000000708600000|  0%| F|  |TAMS 0x0000000708400000, 0x0000000708400000| Untracked 
|  48|0x0000000708600000, 0x0000000708600000, 0x0000000708800000|  0%| F|  |TAMS 0x0000000708600000, 0x0000000708600000| Untracked 
|  49|0x0000000708800000, 0x0000000708800000, 0x0000000708a00000|  0%| F|  |TAMS 0x0000000708800000, 0x0000000708800000| Untracked 
|  50|0x0000000708a00000, 0x0000000708a00000, 0x0000000708c00000|  0%| F|  |TAMS 0x0000000708a00000, 0x0000000708a00000| Untracked 
|  51|0x0000000708c00000, 0x0000000708c00000, 0x0000000708e00000|  0%| F|  |TAMS 0x0000000708c00000, 0x0000000708c00000| Untracked 
|  52|0x0000000708e00000, 0x0000000708e00000, 0x0000000709000000|  0%| F|  |TAMS 0x0000000708e00000, 0x0000000708e00000| Untracked 
|  53|0x0000000709000000, 0x0000000709000000, 0x0000000709200000|  0%| F|  |TAMS 0x0000000709000000, 0x0000000709000000| Untracked 
|  54|0x0000000709200000, 0x0000000709200000, 0x0000000709400000|  0%| F|  |TAMS 0x0000000709200000, 0x0000000709200000| Untracked 
|  55|0x0000000709400000, 0x0000000709400000, 0x0000000709600000|  0%| F|  |TAMS 0x0000000709400000, 0x0000000709400000| Untracked 
|  56|0x0000000709600000, 0x0000000709600000, 0x0000000709800000|  0%| F|  |TAMS 0x0000000709600000, 0x0000000709600000| Untracked 
|  57|0x0000000709800000, 0x0000000709800000, 0x0000000709a00000|  0%| F|  |TAMS 0x0000000709800000, 0x0000000709800000| Untracked 
|  58|0x0000000709a00000, 0x0000000709a00000, 0x0000000709c00000|  0%| F|  |TAMS 0x0000000709a00000, 0x0000000709a00000| Untracked 
|  59|0x0000000709c00000, 0x0000000709c00000, 0x0000000709e00000|  0%| F|  |TAMS 0x0000000709c00000, 0x0000000709c00000| Untracked 
|  60|0x0000000709e00000, 0x0000000709e00000, 0x000000070a000000|  0%| F|  |TAMS 0x0000000709e00000, 0x0000000709e00000| Untracked 
|  61|0x000000070a000000, 0x000000070a000000, 0x000000070a200000|  0%| F|  |TAMS 0x000000070a000000, 0x000000070a000000| Untracked 
|  62|0x000000070a200000, 0x000000070a200000, 0x000000070a400000|  0%| F|  |TAMS 0x000000070a200000, 0x000000070a200000| Untracked 
|  63|0x000000070a400000, 0x000000070a400000, 0x000000070a600000|  0%| F|  |TAMS 0x000000070a400000, 0x000000070a400000| Untracked 
|  64|0x000000070a600000, 0x000000070a600000, 0x000000070a800000|  0%| F|  |TAMS 0x000000070a600000, 0x000000070a600000| Untracked 
|  65|0x000000070a800000, 0x000000070a800000, 0x000000070aa00000|  0%| F|  |TAMS 0x000000070a800000, 0x000000070a800000| Untracked 
|  66|0x000000070aa00000, 0x000000070aa00000, 0x000000070ac00000|  0%| F|  |TAMS 0x000000070aa00000, 0x000000070aa00000| Untracked 
|  67|0x000000070ac00000, 0x000000070ac00000, 0x000000070ae00000|  0%| F|  |TAMS 0x000000070ac00000, 0x000000070ac00000| Untracked 
|  68|0x000000070ae00000, 0x000000070ae00000, 0x000000070b000000|  0%| F|  |TAMS 0x000000070ae00000, 0x000000070ae00000| Untracked 
|  69|0x000000070b000000, 0x000000070b000000, 0x000000070b200000|  0%| F|  |TAMS 0x000000070b000000, 0x000000070b000000| Untracked 
|  70|0x000000070b200000, 0x000000070b200000, 0x000000070b400000|  0%| F|  |TAMS 0x000000070b200000, 0x000000070b200000| Untracked 
|  71|0x000000070b400000, 0x000000070b400000, 0x000000070b600000|  0%| F|  |TAMS 0x000000070b400000, 0x000000070b400000| Untracked 
|  72|0x000000070b600000, 0x000000070b600000, 0x000000070b800000|  0%| F|  |TAMS 0x000000070b600000, 0x000000070b600000| Untracked 
|  73|0x000000070b800000, 0x000000070b800000, 0x000000070ba00000|  0%| F|  |TAMS 0x000000070b800000, 0x000000070b800000| Untracked 
|  74|0x000000070ba00000, 0x000000070ba00000, 0x000000070bc00000|  0%| F|  |TAMS 0x000000070ba00000, 0x000000070ba00000| Untracked 
|  75|0x000000070bc00000, 0x000000070bc00000, 0x000000070be00000|  0%| F|  |TAMS 0x000000070bc00000, 0x000000070bc00000| Untracked 
|  76|0x000000070be00000, 0x000000070be00000, 0x000000070c000000|  0%| F|  |TAMS 0x000000070be00000, 0x000000070be00000| Untracked 
|  77|0x000000070c000000, 0x000000070c000000, 0x000000070c200000|  0%| F|  |TAMS 0x000000070c000000, 0x000000070c000000| Untracked 
|  78|0x000000070c200000, 0x000000070c200000, 0x000000070c400000|  0%| F|  |TAMS 0x000000070c200000, 0x000000070c200000| Untracked 
|  79|0x000000070c400000, 0x000000070c400000, 0x000000070c600000|  0%| F|  |TAMS 0x000000070c400000, 0x000000070c400000| Untracked 
|  80|0x000000070c600000, 0x000000070c600000, 0x000000070c800000|  0%| F|  |TAMS 0x000000070c600000, 0x000000070c600000| Untracked 
|  81|0x000000070c800000, 0x000000070c800000, 0x000000070ca00000|  0%| F|  |TAMS 0x000000070c800000, 0x000000070c800000| Untracked 
|  82|0x000000070ca00000, 0x000000070ca00000, 0x000000070cc00000|  0%| F|  |TAMS 0x000000070ca00000, 0x000000070ca00000| Untracked 
|  83|0x000000070cc00000, 0x000000070cc00000, 0x000000070ce00000|  0%| F|  |TAMS 0x000000070cc00000, 0x000000070cc00000| Untracked 
|  84|0x000000070ce00000, 0x000000070ce00000, 0x000000070d000000|  0%| F|  |TAMS 0x000000070ce00000, 0x000000070ce00000| Untracked 
|  85|0x000000070d000000, 0x000000070d000000, 0x000000070d200000|  0%| F|  |TAMS 0x000000070d000000, 0x000000070d000000| Untracked 
|  86|0x000000070d200000, 0x000000070d200000, 0x000000070d400000|  0%| F|  |TAMS 0x000000070d200000, 0x000000070d200000| Untracked 
|  87|0x000000070d400000, 0x000000070d400000, 0x000000070d600000|  0%| F|  |TAMS 0x000000070d400000, 0x000000070d400000| Untracked 
|  88|0x000000070d600000, 0x000000070d600000, 0x000000070d800000|  0%| F|  |TAMS 0x000000070d600000, 0x000000070d600000| Untracked 
|  89|0x000000070d800000, 0x000000070d800000, 0x000000070da00000|  0%| F|  |TAMS 0x000000070d800000, 0x000000070d800000| Untracked 
|  90|0x000000070da00000, 0x000000070da00000, 0x000000070dc00000|  0%| F|  |TAMS 0x000000070da00000, 0x000000070da00000| Untracked 
|  91|0x000000070dc00000, 0x000000070dc00000, 0x000000070de00000|  0%| F|  |TAMS 0x000000070dc00000, 0x000000070dc00000| Untracked 
|  92|0x000000070de00000, 0x000000070de00000, 0x000000070e000000|  0%| F|  |TAMS 0x000000070de00000, 0x000000070de00000| Untracked 
|  93|0x000000070e000000, 0x000000070e000000, 0x000000070e200000|  0%| F|  |TAMS 0x000000070e000000, 0x000000070e000000| Untracked 
|  94|0x000000070e200000, 0x000000070e200000, 0x000000070e400000|  0%| F|  |TAMS 0x000000070e200000, 0x000000070e200000| Untracked 
|  95|0x000000070e400000, 0x000000070e400000, 0x000000070e600000|  0%| F|  |TAMS 0x000000070e400000, 0x000000070e400000| Untracked 
|  96|0x000000070e600000, 0x000000070e600000, 0x000000070e800000|  0%| F|  |TAMS 0x000000070e600000, 0x000000070e600000| Untracked 
|  97|0x000000070e800000, 0x000000070e800000, 0x000000070ea00000|  0%| F|  |TAMS 0x000000070e800000, 0x000000070e800000| Untracked 
|  98|0x000000070ea00000, 0x000000070ea00000, 0x000000070ec00000|  0%| F|  |TAMS 0x000000070ea00000, 0x000000070ea00000| Untracked 
|  99|0x000000070ec00000, 0x000000070ec00000, 0x000000070ee00000|  0%| F|  |TAMS 0x000000070ec00000, 0x000000070ec00000| Untracked 
| 100|0x000000070ee00000, 0x000000070ee00000, 0x000000070f000000|  0%| F|  |TAMS 0x000000070ee00000, 0x000000070ee00000| Untracked 
| 101|0x000000070f000000, 0x000000070f000000, 0x000000070f200000|  0%| F|  |TAMS 0x000000070f000000, 0x000000070f000000| Untracked 
| 102|0x000000070f200000, 0x000000070f200000, 0x000000070f400000|  0%| F|  |TAMS 0x000000070f200000, 0x000000070f200000| Untracked 
| 103|0x000000070f400000, 0x000000070f400000, 0x000000070f600000|  0%| F|  |TAMS 0x000000070f400000, 0x000000070f400000| Untracked 
| 104|0x000000070f600000, 0x000000070f600000, 0x000000070f800000|  0%| F|  |TAMS 0x000000070f600000, 0x000000070f600000| Untracked 
| 105|0x000000070f800000, 0x000000070f800000, 0x000000070fa00000|  0%| F|  |TAMS 0x000000070f800000, 0x000000070f800000| Untracked 
| 106|0x000000070fa00000, 0x000000070fa00000, 0x000000070fc00000|  0%| F|  |TAMS 0x000000070fa00000, 0x000000070fa00000| Untracked 
| 107|0x000000070fc00000, 0x000000070fc00000, 0x000000070fe00000|  0%| F|  |TAMS 0x000000070fc00000, 0x000000070fc00000| Untracked 
| 108|0x000000070fe00000, 0x000000070fe00000, 0x0000000710000000|  0%| F|  |TAMS 0x000000070fe00000, 0x000000070fe00000| Untracked 
| 109|0x0000000710000000, 0x0000000710000000, 0x0000000710200000|  0%| F|  |TAMS 0x0000000710000000, 0x0000000710000000| Untracked 
| 110|0x0000000710200000, 0x0000000710200000, 0x0000000710400000|  0%| F|  |TAMS 0x0000000710200000, 0x0000000710200000| Untracked 
| 111|0x0000000710400000, 0x0000000710400000, 0x0000000710600000|  0%| F|  |TAMS 0x0000000710400000, 0x0000000710400000| Untracked 
| 112|0x0000000710600000, 0x0000000710600000, 0x0000000710800000|  0%| F|  |TAMS 0x0000000710600000, 0x0000000710600000| Untracked 
| 113|0x0000000710800000, 0x0000000710800000, 0x0000000710a00000|  0%| F|  |TAMS 0x0000000710800000, 0x0000000710800000| Untracked 
| 114|0x0000000710a00000, 0x0000000710a00000, 0x0000000710c00000|  0%| F|  |TAMS 0x0000000710a00000, 0x0000000710a00000| Untracked 
| 115|0x0000000710c00000, 0x0000000710c00000, 0x0000000710e00000|  0%| F|  |TAMS 0x0000000710c00000, 0x0000000710c00000| Untracked 
| 116|0x0000000710e00000, 0x0000000710e00000, 0x0000000711000000|  0%| F|  |TAMS 0x0000000710e00000, 0x0000000710e00000| Untracked 
| 117|0x0000000711000000, 0x0000000711000000, 0x0000000711200000|  0%| F|  |TAMS 0x0000000711000000, 0x0000000711000000| Untracked 
| 118|0x0000000711200000, 0x0000000711200000, 0x0000000711400000|  0%| F|  |TAMS 0x0000000711200000, 0x0000000711200000| Untracked 
| 119|0x0000000711400000, 0x0000000711400000, 0x0000000711600000|  0%| F|  |TAMS 0x0000000711400000, 0x0000000711400000| Untracked 
| 120|0x0000000711600000, 0x0000000711759f08, 0x0000000711800000| 67%| E|  |TAMS 0x0000000711600000, 0x0000000711600000| Complete 
| 121|0x0000000711800000, 0x0000000711a00000, 0x0000000711a00000|100%| E|CS|TAMS 0x0000000711800000, 0x0000000711800000| Complete 
| 122|0x0000000711a00000, 0x0000000711c00000, 0x0000000711c00000|100%| E|CS|TAMS 0x0000000711a00000, 0x0000000711a00000| Complete 
| 123|0x0000000711c00000, 0x0000000711e00000, 0x0000000711e00000|100%| E|CS|TAMS 0x0000000711c00000, 0x0000000711c00000| Complete 
| 124|0x0000000711e00000, 0x0000000712000000, 0x0000000712000000|100%| E|CS|TAMS 0x0000000711e00000, 0x0000000711e00000| Complete 
| 125|0x0000000712000000, 0x0000000712200000, 0x0000000712200000|100%| E|CS|TAMS 0x0000000712000000, 0x0000000712000000| Complete 
| 126|0x0000000712200000, 0x0000000712400000, 0x0000000712400000|100%| E|CS|TAMS 0x0000000712200000, 0x0000000712200000| Complete 

Card table byte_map: [0x0000023fafb90000,0x0000023fb0380000] _byte_map_base: 0x0000023fac37d000

Marking Bits (Prev, Next): (CMBitMap*) 0x0000023f9c6a5820, (CMBitMap*) 0x0000023f9c6a5860
 Prev Bits: [0x0000023fb0b70000, 0x0000023fb4ad8000)
 Next Bits: [0x0000023fb4ae0000, 0x0000023fb8a48000)

Polling page: 0x0000023f9a610000

Metaspace:

Usage:
  Non-class:     11.93 MB capacity,    11.85 MB (>99%) used,    68.29 KB ( <1%) free+waste,    15.25 KB ( <1%) overhead. 
      Class:      1.28 MB capacity,     1.21 MB ( 94%) used,    68.74 KB (  5%) free+waste,     5.38 KB ( <1%) overhead. 
       Both:     13.21 MB capacity,    13.06 MB ( 99%) used,   137.03 KB (  1%) free+waste,    20.63 KB ( <1%) overhead. 

Virtual space:
  Non-class space:       12.00 MB reserved,      12.00 MB (100%) committed 
      Class space:        1.00 GB reserved,       1.38 MB ( <1%) committed 
             Both:        1.01 GB reserved,      13.38 MB (  1%) committed 

Chunk freelists:
   Non-Class:  7.00 KB
       Class:  1.00 KB
        Both:  8.00 KB

MaxMetaspaceSize: 17179869184.00 GB
CompressedClassSpaceSize: 1.00 GB

CodeHeap 'non-profiled nmethods': size=120000Kb used=387Kb max_used=387Kb free=119612Kb
 bounds [0x0000023fa7b30000, 0x0000023fa7da0000, 0x0000023faf060000]
CodeHeap 'profiled nmethods': size=120000Kb used=2338Kb max_used=2338Kb free=117662Kb
 bounds [0x0000023fa0600000, 0x0000023fa0870000, 0x0000023fa7b30000]
CodeHeap 'non-nmethods': size=5760Kb used=1251Kb max_used=1268Kb free=4508Kb
 bounds [0x0000023fa0060000, 0x0000023fa02d0000, 0x0000023fa0600000]
 total_blobs=1913 nmethods=1379 adapters=447
 compilation: enabled
              stopped_count=0, restarted_count=0
 full_count=0

Compilation events (20 events):
Event: 5.140 Thread 0x0000023fbbd9bf50 nmethod 1362 0x0000023fa083f290 code [0x0000023fa083f420, 0x0000023fa083f598]
Event: 5.140 Thread 0x0000023fbbd9bf50 1363       3       java.util.concurrent.locks.AbstractQueuedSynchronizer$Node::clearStatus (12 bytes)
Event: 5.140 Thread 0x0000023fbbd9bf50 nmethod 1363 0x0000023fa083f610 code [0x0000023fa083f7c0, 0x0000023fa083f988]
Event: 5.197 Thread 0x0000023fbbd91490 1364       4       java.lang.StrictMath::floor (12 bytes)
Event: 5.198 Thread 0x0000023fbbd9bf50 1365       3       sun.font.FontDesignMetrics::getHeight (35 bytes)
Event: 5.198 Thread 0x0000023fbbd9bf50 nmethod 1365 0x0000023fa083fa10 code [0x0000023fa083fbc0, 0x0000023fa083fdb8]
Event: 5.198 Thread 0x0000023fbbd9bf50 1366       3       sun.awt.image.SurfaceManager::setManager (9 bytes)
Event: 5.199 Thread 0x0000023fbbd9bf50 nmethod 1366 0x0000023fa083fe90 code [0x0000023fa0840040, 0x0000023fa0840208]
Event: 5.199 Thread 0x0000023fbbd91490 nmethod 1364 0x0000023fa7b90310 code [0x0000023fa7b904c0, 0x0000023fa7b905d8]
Event: 5.210 Thread 0x0000023fbbd9bf50 1367       3       java.awt.Container::eventEnabled (49 bytes)
Event: 5.210 Thread 0x0000023fbbd9bf50 nmethod 1367 0x0000023fa0840310 code [0x0000023fa08404c0, 0x0000023fa08408c8]
Event: 5.210 Thread 0x0000023fbbd9bf50 1368       3       java.awt.Component::eventEnabled (9 bytes)
Event: 5.211 Thread 0x0000023fbbd9bf50 nmethod 1368 0x0000023fa0840a10 code [0x0000023fa0840bc0, 0x0000023fa0840d88]
Event: 5.246 Thread 0x0000023fbbd9bf50 1369       3       sun.awt.im.InputContext::dispatchEvent (173 bytes)
Event: 5.250 Thread 0x0000023fbbd9bf50 nmethod 1369 0x0000023fa0840e90 code [0x0000023fa0841220, 0x0000023fa0843428]
Event: 5.408 Thread 0x0000023fbbd9bf50 1370       3       java.awt.Component::eventTypeEnabled (487 bytes)
Event: 5.409 Thread 0x0000023fbbd9bf50 nmethod 1370 0x0000023fa0843a90 code [0x0000023fa0843c60, 0x0000023fa0844958]
Event: 154.357 Thread 0x0000023fbbd9bf50 1371       3       java.lang.invoke.DirectMethodHandle::maybeCompile (24 bytes)
Event: 154.358 Thread 0x0000023fbbd9bf50 nmethod 1371 0x0000023fa0844a10 code [0x0000023fa0844c60, 0x0000023fa0845418]
Event: 154.385 Thread 0x0000023fbbd91490 1373       4       jdk.internal.org.objectweb.asm.Symbol::<init> (38 bytes)

GC Heap History (0 events):
No events

Deoptimization events (20 events):
Event: 0.384 Thread 0x0000023fbc5e80b0 DEOPT PACKING pc=0x0000023fa070f981 sp=0x000000e63acfc4d0
Event: 0.384 Thread 0x0000023fbc5e80b0 DEOPT UNPACKING pc=0x0000023fa00ae23f sp=0x000000e63acfb940 mode 0
Event: 0.385 Thread 0x0000023fbc5e80b0 DEOPT PACKING pc=0x0000023fa070f981 sp=0x000000e63acfc4d0
Event: 0.385 Thread 0x0000023fbc5e80b0 DEOPT UNPACKING pc=0x0000023fa00ae23f sp=0x000000e63acfb940 mode 0
Event: 0.397 Thread 0x0000023fbc5e80b0 DEOPT PACKING pc=0x0000023fa0720743 sp=0x000000e63acfc490
Event: 0.397 Thread 0x0000023fbc5e80b0 DEOPT UNPACKING pc=0x0000023fa00ae23f sp=0x000000e63acfb978 mode 0
Event: 0.399 Thread 0x0000023fbc5e80b0 DEOPT PACKING pc=0x0000023fa0720743 sp=0x000000e63acfc490
Event: 0.399 Thread 0x0000023fbc5e80b0 DEOPT UNPACKING pc=0x0000023fa00ae23f sp=0x000000e63acfb978 mode 0
Event: 0.402 Thread 0x0000023fbc5e80b0 DEOPT PACKING pc=0x0000023fa0720743 sp=0x000000e63acfc490
Event: 0.402 Thread 0x0000023fbc5e80b0 DEOPT UNPACKING pc=0x0000023fa00ae23f sp=0x000000e63acfb978 mode 0
Event: 0.404 Thread 0x0000023fbc5e80b0 DEOPT PACKING pc=0x0000023fa0720743 sp=0x000000e63acfc490
Event: 0.404 Thread 0x0000023fbc5e80b0 DEOPT UNPACKING pc=0x0000023fa00ae23f sp=0x000000e63acfb978 mode 0
Event: 0.407 Thread 0x0000023fbc5e80b0 DEOPT PACKING pc=0x0000023fa0720743 sp=0x000000e63acfc490
Event: 0.407 Thread 0x0000023fbc5e80b0 DEOPT UNPACKING pc=0x0000023fa00ae23f sp=0x000000e63acfb978 mode 0
Event: 0.409 Thread 0x0000023fbc5e80b0 DEOPT PACKING pc=0x0000023fa0720743 sp=0x000000e63acfc490
Event: 0.409 Thread 0x0000023fbc5e80b0 DEOPT UNPACKING pc=0x0000023fa00ae23f sp=0x000000e63acfb978 mode 0
Event: 0.412 Thread 0x0000023fbc5e80b0 DEOPT PACKING pc=0x0000023fa0720743 sp=0x000000e63acfc490
Event: 0.412 Thread 0x0000023fbc5e80b0 DEOPT UNPACKING pc=0x0000023fa00ae23f sp=0x000000e63acfb978 mode 0
Event: 1.145 Thread 0x0000023fbc5e80b0 DEOPT PACKING pc=0x0000023fa0713087 sp=0x000000e63acfcf50
Event: 1.145 Thread 0x0000023fbc5e80b0 DEOPT UNPACKING pc=0x0000023fa00ae23f sp=0x000000e63acfc450 mode 0

Classes unloaded (0 events):
No events

Classes redefined (0 events):
No events

Internal exceptions (13 events):
Event: 0.090 Thread 0x0000023f9c651af0 Exception <a 'java/lang/NoSuchMethodError'{0x0000000712319ca8}: 'void java.lang.invoke.DirectMethodHandle$Holder.invokeSpecial(java.lang.Object, java.lang.Object, java.lang.Object)'> (0x0000000712319ca8) 
thrown [./open/src/hotspot/share/interpreter/linkResolver.cpp, line 782]
Event: 0.111 Thread 0x0000023f9c651af0 Exception <a 'java/lang/ClassNotFoundException'{0x0000000712339e60}: sun/awt/resources/spi/awtProvider> (0x0000000712339e60) 
thrown [./open/src/hotspot/share/classfile/systemDictionary.cpp, line 295]
Event: 0.131 Thread 0x0000023f9c651af0 Exception <a 'java/io/FileNotFoundException'{0x0000000712395fa0}> (0x0000000712395fa0) 
thrown [./open/src/hotspot/share/prims/jni.cpp, line 578]
Event: 0.136 Thread 0x0000023f9c651af0 Exception <a 'java/io/FileNotFoundException'{0x00000007123c4ab0}> (0x00000007123c4ab0) 
thrown [./open/src/hotspot/share/prims/jni.cpp, line 578]
Event: 0.137 Thread 0x0000023f9c651af0 Exception <a 'java/lang/NoSuchMethodError'{0x00000007123c5dc8}: 'java.lang.Object java.lang.invoke.DirectMethodHandle$Holder.invokeStatic(java.lang.Object)'> (0x00000007123c5dc8) 
thrown [./open/src/hotspot/share/interpreter/linkResolver.cpp, line 782]
Event: 0.169 Thread 0x0000023f9c651af0 Exception <a 'java/lang/NoSuchMethodError'{0x0000000712010478}: 'java.lang.Object java.lang.invoke.DirectMethodHandle$Holder.invokeStaticInit(java.lang.Object)'> (0x0000000712010478) 
thrown [./open/src/hotspot/share/interpreter/linkResolver.cpp, line 782]
Event: 0.201 Thread 0x0000023f9c651af0 Exception <a 'java/lang/NoSuchMethodError'{0x00000007120f3178}: 'java.lang.Object java.lang.invoke.DirectMethodHandle$Holder.newInvokeSpecial(java.lang.Object, java.lang.Object, java.lang.Object, java.lang.Object, java.lang.Object)'> (0x00000007120f3178) 
thrown [./open/src/hotspot/share/interpreter/linkResolver.cpp, line 782]
Event: 0.202 Thread 0x0000023f9c651af0 Exception <a 'java/lang/NoSuchMethodError'{0x00000007120fec08}: 'java.lang.Object java.lang.invoke.DirectMethodHandle$Holder.invokeStatic(java.lang.Object, int, java.lang.Object, java.lang.Object, java.lang.Object, java.lang.Object)'> (0x00000007120fec08) 
thrown [./open/src/hotspot/share/interpreter/linkResolver.cpp, line 782]
Event: 0.205 Thread 0x0000023f9c651af0 Exception <a 'java/lang/NoSuchMethodError'{0x0000000712124eb0}: 'java.lang.Object java.lang.invoke.DirectMethodHandle$Holder.invokeStatic(java.lang.Object, int, java.lang.Object)'> (0x0000000712124eb0) 
thrown [./open/src/hotspot/share/interpreter/linkResolver.cpp, line 782]
Event: 0.223 Thread 0x0000023f9c651af0 Exception <a 'java/lang/ClassNotFoundException'{0x00000007121dd270}: com/sun/swing/internal/plaf/metal/resources/spi/metalProvider> (0x00000007121dd270) 
thrown [./open/src/hotspot/share/classfile/systemDictionary.cpp, line 295]
Event: 0.223 Thread 0x0000023f9c651af0 Exception <a 'java/lang/ClassNotFoundException'{0x00000007121e1270}: com/sun/swing/internal/plaf/basic/resources/spi/basicProvider> (0x00000007121e1270) 
thrown [./open/src/hotspot/share/classfile/systemDictionary.cpp, line 295]
Event: 0.281 Thread 0x0000023f9c651af0 Exception <a 'java/lang/NoSuchMethodError'{0x0000000711e96100}: 'void java.lang.invoke.DirectMethodHandle$Holder.invokeStaticInit(java.lang.Object)'> (0x0000000711e96100) 
thrown [./open/src/hotspot/share/interpreter/linkResolver.cpp, line 782]
Event: 154.385 Thread 0x0000023fbc5e80b0 Exception <a 'java/lang/NoSuchMethodError'{0x000000071173fe20}: 'void java.lang.invoke.DirectMethodHandle$Holder.invokeVirtual(java.lang.Object, java.lang.Object)'> (0x000000071173fe20) 
thrown [./open/src/hotspot/share/interpreter/linkResolver.cpp, line 782]

Events (20 events):
Event: 1.088 loading class javax/swing/event/ChangeEvent done
Event: 1.423 Executing VM operation: HandshakeAllThreads
Event: 1.423 Executing VM operation: HandshakeAllThreads done
Event: 1.507 loading class java/awt/LightweightDispatcher$2
Event: 1.507 loading class java/awt/LightweightDispatcher$2 done
Event: 3.147 Loaded shared library C:\Users\riahi\.p2\pool\plugins\org.eclipse.justj.openjdk.hotspot.jre.full.win32.x86_64_15.0.2.v20210201-0955\jre\bin\java.dll
Event: 3.424 Executing VM operation: HandshakeAllThreads
Event: 3.424 Executing VM operation: HandshakeAllThreads done
Event: 6.320 loading class java/awt/KeyboardFocusManager$2
Event: 6.320 loading class java/awt/KeyboardFocusManager$2 done
Event: 6.320 loading class sun/awt/SunToolkit$1
Event: 6.320 loading class sun/awt/SunToolkit$1 done
Event: 6.426 Executing VM operation: HandshakeAllThreads
Event: 6.426 Executing VM operation: HandshakeAllThreads done
Event: 154.384 loading class java/util/Collections$SynchronizedSet
Event: 154.384 loading class java/util/Collections$SynchronizedSet done
Event: 154.385 loading class java/util/WeakHashMap$KeyIterator
Event: 154.385 loading class java/util/WeakHashMap$HashIterator
Event: 154.385 loading class java/util/WeakHashMap$HashIterator done
Event: 154.385 loading class java/util/WeakHashMap$KeyIterator done


Dynamic libraries:
0x00007ff733160000 - 0x00007ff73316d000 	C:\Users\riahi\.p2\pool\plugins\org.eclipse.justj.openjdk.hotspot.jre.full.win32.x86_64_15.0.2.v20210201-0955\jre\bin\javaw.exe
0x00007ffdafba0000 - 0x00007ffdafd90000 	C:\WINDOWS\SYSTEM32\ntdll.dll
0x00007ffdae890000 - 0x00007ffdae942000 	C:\WINDOWS\System32\KERNEL32.DLL
0x00007ffdad2b0000 - 0x00007ffdad555000 	C:\WINDOWS\System32\KERNELBASE.dll
0x00007ffdad9c0000 - 0x00007ffdadaba000 	C:\WINDOWS\System32\ucrtbase.dll
0x00007ffd9efb0000 - 0x00007ffd9efc9000 	C:\Users\riahi\.p2\pool\plugins\org.eclipse.justj.openjdk.hotspot.jre.full.win32.x86_64_15.0.2.v20210201-0955\jre\bin\VCRUNTIME140.dll
0x00007ffda4eb0000 - 0x00007ffda4ec8000 	C:\Users\riahi\.p2\pool\plugins\org.eclipse.justj.openjdk.hotspot.jre.full.win32.x86_64_15.0.2.v20210201-0955\jre\bin\jli.dll
0x00007ffdaf180000 - 0x00007ffdaf314000 	C:\WINDOWS\System32\USER32.dll
0x00007ffdadc20000 - 0x00007ffdadc41000 	C:\WINDOWS\System32\win32u.dll
0x00007ffd99060000 - 0x00007ffd992e4000 	C:\WINDOWS\WinSxS\amd64_microsoft.windows.common-controls_6595b64144ccf1df_6.0.18362.1500_none_9e79be6de462295c\COMCTL32.dll
0x00007ffdae210000 - 0x00007ffdae236000 	C:\WINDOWS\System32\GDI32.dll
0x00007ffdaf010000 - 0x00007ffdaf0ae000 	C:\WINDOWS\System32\msvcrt.dll
0x00007ffdad7c0000 - 0x00007ffdad958000 	C:\WINDOWS\System32\gdi32full.dll
0x00007ffdae410000 - 0x00007ffdae746000 	C:\WINDOWS\System32\combase.dll
0x00007ffdad560000 - 0x00007ffdad5fe000 	C:\WINDOWS\System32\msvcp_win.dll
0x00007ffdaeee0000 - 0x00007ffdaefff000 	C:\WINDOWS\System32\RPCRT4.dll
0x00007ffdad600000 - 0x00007ffdad681000 	C:\WINDOWS\System32\bcryptPrimitives.dll
0x00007ffdaf3d0000 - 0x00007ffdaf3fe000 	C:\WINDOWS\System32\IMM32.DLL
0x00007ffda4ef0000 - 0x00007ffda4efc000 	C:\Users\riahi\.p2\pool\plugins\org.eclipse.justj.openjdk.hotspot.jre.full.win32.x86_64_15.0.2.v20210201-0955\jre\bin\vcruntime140_1.dll
0x00007ffd76d60000 - 0x00007ffd76df1000 	C:\Users\riahi\.p2\pool\plugins\org.eclipse.justj.openjdk.hotspot.jre.full.win32.x86_64_15.0.2.v20210201-0955\jre\bin\msvcp140.dll
0x00007ffd41250000 - 0x00007ffd41dae000 	C:\Users\riahi\.p2\pool\plugins\org.eclipse.justj.openjdk.hotspot.jre.full.win32.x86_64_15.0.2.v20210201-0955\jre\bin\server\jvm.dll
0x00007ffdae160000 - 0x00007ffdae203000 	C:\WINDOWS\System32\ADVAPI32.dll
0x00007ffdae0c0000 - 0x00007ffdae157000 	C:\WINDOWS\System32\sechost.dll
0x00007ffdaf400000 - 0x00007ffdaf408000 	C:\WINDOWS\System32\PSAPI.DLL
0x00007ffd775e0000 - 0x00007ffd775e9000 	C:\WINDOWS\SYSTEM32\WSOCK32.dll
0x00007ffda6d40000 - 0x00007ffda6d64000 	C:\WINDOWS\SYSTEM32\WINMM.dll
0x00007ffd9efd0000 - 0x00007ffd9efda000 	C:\WINDOWS\SYSTEM32\VERSION.dll
0x00007ffdaeb90000 - 0x00007ffdaebff000 	C:\WINDOWS\System32\WS2_32.dll
0x00007ffda6d10000 - 0x00007ffda6d3d000 	C:\WINDOWS\SYSTEM32\winmmbase.dll
0x00007ffdad740000 - 0x00007ffdad78a000 	C:\WINDOWS\System32\cfgmgr32.dll
0x00007ffdacab0000 - 0x00007ffdacac1000 	C:\WINDOWS\System32\kernel.appcore.dll
0x00007ffd75cc0000 - 0x00007ffd75cca000 	C:\Users\riahi\.p2\pool\plugins\org.eclipse.justj.openjdk.hotspot.jre.full.win32.x86_64_15.0.2.v20210201-0955\jre\bin\jimage.dll
0x00007ffdab360000 - 0x00007ffdab554000 	C:\WINDOWS\SYSTEM32\DBGHELP.DLL
0x00007ffd8fb40000 - 0x00007ffd8fb6a000 	C:\WINDOWS\SYSTEM32\dbgcore.DLL
0x00007ffd41220000 - 0x00007ffd41245000 	C:\Users\riahi\.p2\pool\plugins\org.eclipse.justj.openjdk.hotspot.jre.full.win32.x86_64_15.0.2.v20210201-0955\jre\bin\java.dll
0x00007ffd41200000 - 0x00007ffd41218000 	C:\Users\riahi\.p2\pool\plugins\org.eclipse.justj.openjdk.hotspot.jre.full.win32.x86_64_15.0.2.v20210201-0955\jre\bin\zip.dll
0x00007ffdaf410000 - 0x00007ffdafaf8000 	C:\WINDOWS\System32\SHELL32.dll
0x00007ffdae7d0000 - 0x00007ffdae877000 	C:\WINDOWS\System32\shcore.dll
0x00007ffdacb30000 - 0x00007ffdad2ab000 	C:\WINDOWS\System32\windows.storage.dll
0x00007ffdacad0000 - 0x00007ffdacaee000 	C:\WINDOWS\System32\profapi.dll
0x00007ffdaca60000 - 0x00007ffdacaaa000 	C:\WINDOWS\System32\powrprof.dll
0x00007ffdaca50000 - 0x00007ffdaca60000 	C:\WINDOWS\System32\UMPDC.dll
0x00007ffdafb00000 - 0x00007ffdafb52000 	C:\WINDOWS\System32\shlwapi.dll
0x00007ffdacb10000 - 0x00007ffdacb27000 	C:\WINDOWS\System32\cryptsp.dll
0x00007ffd752e0000 - 0x00007ffd7545f000 	C:\Users\riahi\.p2\pool\plugins\org.eclipse.justj.openjdk.hotspot.jre.full.win32.x86_64_15.0.2.v20210201-0955\jre\bin\awt.dll
0x00007ffdaedb0000 - 0x00007ffdaee75000 	C:\WINDOWS\System32\OLEAUT32.dll
0x00007ffda7720000 - 0x00007ffda77af000 	C:\WINDOWS\SYSTEM32\apphelp.dll
0x00007ffdaad10000 - 0x00007ffdaad3d000 	C:\WINDOWS\system32\DWMAPI.DLL
0x00007ffdaa990000 - 0x00007ffdaaa29000 	C:\WINDOWS\system32\uxtheme.dll
0x00007ffd68710000 - 0x00007ffd68866000 	C:\WINDOWS\system32\opengl32.dll
0x00007ffd734c0000 - 0x00007ffd734ec000 	C:\WINDOWS\SYSTEM32\GLU32.dll
0x00007ffdab690000 - 0x00007ffdab6b0000 	C:\WINDOWS\SYSTEM32\dxcore.dll
0x00007ffdae9f0000 - 0x00007ffdaeb25000 	C:\WINDOWS\System32\MSCTF.dll
0x00007ffdae2b0000 - 0x00007ffdae407000 	C:\WINDOWS\System32\ole32.dll
0x00007ffd75250000 - 0x00007ffd752d5000 	C:\Users\riahi\.p2\pool\plugins\org.eclipse.justj.openjdk.hotspot.jre.full.win32.x86_64_15.0.2.v20210201-0955\jre\bin\freetype.dll
0x00007ffd67080000 - 0x00007ffd67129000 	C:\Users\riahi\.p2\pool\plugins\org.eclipse.justj.openjdk.hotspot.jre.full.win32.x86_64_15.0.2.v20210201-0955\jre\bin\fontmanager.dll
0x00007ffd411e0000 - 0x00007ffd411f9000 	C:\Users\riahi\.p2\pool\plugins\org.eclipse.justj.openjdk.hotspot.jre.full.win32.x86_64_15.0.2.v20210201-0955\jre\bin\net.dll
0x00007ffda37c0000 - 0x00007ffda38ba000 	C:\WINDOWS\SYSTEM32\WINHTTP.dll
0x00007ffdac290000 - 0x00007ffdac2f7000 	C:\WINDOWS\system32\mswsock.dll
0x00007ffd411c0000 - 0x00007ffd411d2000 	C:\Users\riahi\.p2\pool\plugins\org.eclipse.justj.openjdk.hotspot.jre.full.win32.x86_64_15.0.2.v20210201-0955\jre\bin\nio.dll
0x00007ffd7d1f0000 - 0x00007ffd7d28b000 	C:\WINDOWS\System32\TextInputFramework.dll
0x00007ffda70e0000 - 0x00007ffda71b4000 	C:\WINDOWS\System32\CoreMessaging.dll
0x00007ffda4300000 - 0x00007ffda462a000 	C:\WINDOWS\System32\CoreUIComponents.dll
0x00007ffdabc00000 - 0x00007ffdabc31000 	C:\WINDOWS\SYSTEM32\ntmarta.dll
0x00007ffda5100000 - 0x00007ffda5252000 	C:\WINDOWS\SYSTEM32\wintypes.dll
0x00007ffd92c40000 - 0x00007ffd92ee7000 	C:\WINDOWS\System32\iertutil.dll

dbghelp: loaded successfully - version: 4.0.5 - missing functions: none
symbol engine: initialized successfully - sym options: 0x614 - pdb path: .;C:\Users\riahi\.p2\pool\plugins\org.eclipse.justj.openjdk.hotspot.jre.full.win32.x86_64_15.0.2.v20210201-0955\jre\bin;C:\WINDOWS\SYSTEM32;C:\WINDOWS\WinSxS\amd64_microsoft.windows.common-controls_6595b64144ccf1df_6.0.18362.1500_none_9e79be6de462295c;C:\Users\riahi\.p2\pool\plugins\org.eclipse.justj.openjdk.hotspot.jre.full.win32.x86_64_15.0.2.v20210201-0955\jre\bin\server

VM Arguments:
jvm_args: -Dfile.encoding=Cp1252 -XX:+ShowCodeDetailsInExceptionMessages 
java_command: Board
java_class_path (initial): D:\isi\d04-h21-avril-groupe6\eclipse\bin
Launcher Type: SUN_STANDARD

[Global flags]
     intx CICompilerCount                          = 4                                         {product} {ergonomic}
     uint ConcGCThreads                            = 2                                         {product} {ergonomic}
     uint G1ConcRefinementThreads                  = 8                                         {product} {ergonomic}
   size_t G1HeapRegionSize                         = 2097152                                   {product} {ergonomic}
    uintx GCDrainStackTargetSize                   = 64                                        {product} {ergonomic}
   size_t InitialHeapSize                          = 266338304                                 {product} {ergonomic}
   size_t MarkStackSize                            = 4194304                                   {product} {ergonomic}
   size_t MaxHeapSize                              = 4255121408                                {product} {ergonomic}
   size_t MaxNewSize                               = 2552233984                                {product} {ergonomic}
   size_t MinHeapDeltaBytes                        = 2097152                                   {product} {ergonomic}
   size_t MinHeapSize                              = 8388608                                   {product} {ergonomic}
    uintx NonNMethodCodeHeapSize                   = 5839372                                {pd product} {ergonomic}
    uintx NonProfiledCodeHeapSize                  = 122909434                              {pd product} {ergonomic}
    uintx ProfiledCodeHeapSize                     = 122909434                              {pd product} {ergonomic}
    uintx ReservedCodeCacheSize                    = 251658240                              {pd product} {ergonomic}
     bool SegmentedCodeCache                       = true                                      {product} {ergonomic}
     bool ShowCodeDetailsInExceptionMessages       = true                                   {manageable} {command line}
   size_t SoftMaxHeapSize                          = 4255121408                             {manageable} {ergonomic}
     bool UseCompressedClassPointers               = true                                 {lp64_product} {ergonomic}
     bool UseCompressedOops                        = true                                 {lp64_product} {ergonomic}
     bool UseG1GC                                  = true                                      {product} {ergonomic}
     bool UseLargePagesIndividualAllocation        = false                                  {pd product} {ergonomic}

Logging:
Log output configuration:
 #0: stdout all=warning uptime,level,tags
 #1: stderr all=off uptime,level,tags

Environment Variables:
PATH=C:/Users/riahi/.p2/pool/plugins/org.eclipse.justj.openjdk.hotspot.jre.full.win32.x86_64_15.0.2.v20210201-0955/jre/bin/server;C:/Users/riahi/.p2/pool/plugins/org.eclipse.justj.openjdk.hotspot.jre.full.win32.x86_64_15.0.2.v20210201-0955/jre/bin;C:\Program Files (x86)\Common Files\Oracle\Java\javapath;C:\Program Files\Java\jdk-15.0.2\bin;C:\Windows\system32;C:\Windows;C:\Windows\System32\Wbem;C:\Windows\System32\WindowsPowerShell\v1.0\;C:\Windows\System32\OpenSSH\;C:\Program Files (x86)\NVIDIA Corporation\PhysX\Common;C:\Program Files\NVIDIA Corporation\NVIDIA NvDLISR;C:\WINDOWS\system32;C:\WINDOWS;C:\WINDOWS\System32\Wbem;C:\WINDOWS\System32\WindowsPowerShell\v1.0\;C:\WINDOWS\System32\OpenSSH\;C:\Program Files\dotnet\;C:\Program Files\Microsoft SQL Server\130\Tools\Binn\;C:\Program Files (x86)\Microsoft SQL Server\140\Tools\Binn\;C:\Program Files\Microsoft SQL Server\140\Tools\Binn\;C:\Program Files (x86)\Microsoft SQL Server\140\DTS\Binn\;C:\Program Files\Microsoft SQL Server\140\DTS\Binn\;C:\Program Files\Microsoft SQL Server\Client SDK\ODBC\130\Tools\Binn\;C:\Program Files (x86)\Microsoft SQL Server\150\DTS\Binn\;C:\Program Files (x86)\Microsoft SQL Server\110\DTS\Binn\;C:\Program Files (x86)\Microsoft SQL Server\120\DTS\Binn\;C:\Program Files (x86)\Microsoft SQL Server\130\DTS\Binn\;C:\Program Files\Git\cmd;C:\Users\riahi\AppData\Local\Microsoft\WindowsApps;C:\Users\riahi\.dotnet\tools;C:\Users\riahi\OneDrive\Desktop;
USERNAME=riahi
OS=Windows_NT
PROCESSOR_IDENTIFIER=Intel64 Family 6 Model 158 Stepping 10, GenuineIntel



---------------  S Y S T E M  ---------------

OS:
 Windows 10 , 64 bit Build 18362 (10.0.18362.1500)
OS uptime: 3 days 9:06 hours

CPU: total 8 (initial active 8) (4 cores per cpu, 2 threads per core) family 6 model 158 stepping 10 microcode 0xd6, cmov, cx8, fxsr, mmx, sse, sse2, sse3, ssse3, sse4.1, sse4.2, popcnt, vzeroupper, avx, avx2, aes, clmul, erms, 3dnowpref, lzcnt, ht, tsc, tscinvbit, bmi1, bmi2, adx, fma, clflush, clflushopt

Memory: 4k page, system-wide physical 16228M (7963M free)
TotalPageFile size 24228M (AvailPageFile size 0M)
current process WorkingSet (physical memory assigned to process): 70M, peak: 74M
current process commit charge ("private bytes"): 351M, peak: 355M

vm_info: OpenJDK 64-Bit Server VM (15.0.2+7-27) for windows-amd64 JRE (15.0.2+7-27), built on Dec  7 2020 20:02:38 by "mach5one" with unknown MS VC++:1925

END.
