#
# There is insufficient memory for the Java Runtime Environment to continue.
# Native memory allocation (malloc) failed to allocate 32744 bytes for ChunkPool::allocate
# Possible reasons:
#   The system is out of physical RAM or swap space
#   The process is running with CompressedOops enabled, and the Java Heap may be blocking the growth of the native heap
# Possible solutions:
#   Reduce memory load on the system
#   Increase physical memory or swap space
#   Check if swap backing store is full
#   Decrease Java heap size (-Xmx/-Xms)
#   Decrease number of Java threads
#   Decrease Java thread stack sizes (-Xss)
#   Set larger code cache with -XX:ReservedCodeCacheSize=
#   JVM is running with Zero Based Compressed Oops mode in which the Java heap is
#     placed in the first 32GB address space. The Java Heap base address is the
#     maximum limit for the native heap growth. Please use -XX:HeapBaseMinAddress
#     to set the Java Heap base and to place the Java Heap above 32GB virtual address.
# This output file may be truncated or incomplete.
#
#  Out of Memory Error (./open/src/hotspot/share/memory/arena.cpp:79), pid=42768, tid=40452
#
# JRE version: OpenJDK Runtime Environment (15.0.2+7) (build 15.0.2+7-27)
# Java VM: OpenJDK 64-Bit Server VM (15.0.2+7-27, mixed mode, tiered, compressed oops, g1 gc, windows-amd64)
# No core dump will be written. Minidumps are not enabled by default on client versions of Windows
#

---------------  S U M M A R Y ------------

Command Line: -Dfile.encoding=Cp1252 -XX:+ShowCodeDetailsInExceptionMessages Board

Host: Intel(R) Core(TM) i5-9300H CPU @ 2.40GHz, 8 cores, 15G,  Windows 10 , 64 bit Build 18362 (10.0.18362.1500)
Time: Wed May 12 22:30:30 2021 Est (heure d?été) elapsed time: 697.661385 seconds (0d 0h 11m 37s)

---------------  T H R E A D  ---------------

Current thread (0x00000208e35a0a00):  JavaThread "C2 CompilerThread0" daemon [_thread_in_native, id=40452, stack(0x0000006aac100000,0x0000006aac200000)]


Current CompileTask:
C2: 697661 1017       4       jdk.internal.org.objectweb.asm.SymbolTable::put (150 bytes)

Stack: [0x0000006aac100000,0x0000006aac200000]
Native frames: (J=compiled Java code, j=interpreted, Vv=VM code, C=native code)
V  [jvm.dll+0x62ae9a]
V  [jvm.dll+0x7817a9]
V  [jvm.dll+0x782f03]
V  [jvm.dll+0x783563]
V  [jvm.dll+0x216325]
V  [jvm.dll+0x982cf]
V  [jvm.dll+0x980ad]
V  [jvm.dll+0x609d14]
V  [jvm.dll+0x6552ca]
V  [jvm.dll+0x18e47d]
V  [jvm.dll+0x1ea822]
V  [jvm.dll+0x1e996e]
V  [jvm.dll+0x178567]
V  [jvm.dll+0x1f9225]
V  [jvm.dll+0x1f72cc]
V  [jvm.dll+0x74495d]
V  [jvm.dll+0x73d75a]
V  [jvm.dll+0x629c56]
C  [ucrtbase.dll+0x210b2]
C  [KERNEL32.DLL+0x17c24]
C  [ntdll.dll+0x6d721]


---------------  P R O C E S S  ---------------

Threads class SMR info:
_java_thread_list=0x00000208e3e68f00, length=15, elements={
0x00000208e3570010, 0x00000208e3575150, 0x00000208e3597730, 0x00000208e359a100,
0x00000208e359baf0, 0x00000208e35a0a00, 0x00000208e35aacc0, 0x00000208e35be530,
0x00000208e3735710, 0x00000208e3768120, 0x00000208e38ec060, 0x00000208e38e9eb0,
0x00000208e38e99e0, 0x00000208e38ea380, 0x00000208e38ea850
}

Java Threads: ( => current thread )
  0x00000208e3570010 JavaThread "Reference Handler" daemon [_thread_blocked, id=44504, stack(0x0000006aabc00000,0x0000006aabd00000)]
  0x00000208e3575150 JavaThread "Finalizer" daemon [_thread_blocked, id=3292, stack(0x0000006aabd00000,0x0000006aabe00000)]
  0x00000208e3597730 JavaThread "Signal Dispatcher" daemon [_thread_blocked, id=41172, stack(0x0000006aabe00000,0x0000006aabf00000)]
  0x00000208e359a100 JavaThread "Attach Listener" daemon [_thread_blocked, id=24904, stack(0x0000006aabf00000,0x0000006aac000000)]
  0x00000208e359baf0 JavaThread "Service Thread" daemon [_thread_blocked, id=8668, stack(0x0000006aac000000,0x0000006aac100000)]
=>0x00000208e35a0a00 JavaThread "C2 CompilerThread0" daemon [_thread_in_native, id=40452, stack(0x0000006aac100000,0x0000006aac200000)]
  0x00000208e35aacc0 JavaThread "C1 CompilerThread0" daemon [_thread_blocked, id=41604, stack(0x0000006aac200000,0x0000006aac300000)]
  0x00000208e35be530 JavaThread "Sweeper thread" daemon [_thread_blocked, id=28808, stack(0x0000006aac300000,0x0000006aac400000)]
  0x00000208e3735710 JavaThread "Notification Thread" daemon [_thread_blocked, id=7408, stack(0x0000006aac400000,0x0000006aac500000)]
  0x00000208e3768120 JavaThread "Common-Cleaner" daemon [_thread_blocked, id=35852, stack(0x0000006aac600000,0x0000006aac700000)]
  0x00000208e38ec060 JavaThread "Java2D Disposer" daemon [_thread_blocked, id=36228, stack(0x0000006aac700000,0x0000006aac800000)]
  0x00000208e38e9eb0 JavaThread "AWT-Shutdown" [_thread_blocked, id=44580, stack(0x0000006aac800000,0x0000006aac900000)]
  0x00000208e38e99e0 JavaThread "AWT-Windows" daemon [_thread_in_native, id=33816, stack(0x0000006aac900000,0x0000006aaca00000)]
  0x00000208e38ea380 JavaThread "AWT-EventQueue-0" [_thread_blocked, id=42640, stack(0x0000006aacb00000,0x0000006aacc00000)]
  0x00000208e38ea850 JavaThread "DestroyJavaVM" [_thread_blocked, id=36908, stack(0x0000006aab500000,0x0000006aab600000)]

Other Threads:
  0x00000208e353a440 VMThread "VM Thread" [stack: 0x0000006aabb00000,0x0000006aabc00000] [id=41092]
  0x00000208e3735be0 WatcherThread [stack: 0x0000006aac500000,0x0000006aac600000] [id=3820]
  0x00000208c3ed5950 GCTaskThread "GC Thread#0" [stack: 0x0000006aab600000,0x0000006aab700000] [id=34240]
  0x00000208c3ee7fe0 ConcurrentGCThread "G1 Main Marker" [stack: 0x0000006aab700000,0x0000006aab800000] [id=42220]
  0x00000208c3ee9be0 ConcurrentGCThread "G1 Conc#0" [stack: 0x0000006aab800000,0x0000006aab900000] [id=43388]
  0x00000208e2b720d0 ConcurrentGCThread "G1 Refine#0" [stack: 0x0000006aab900000,0x0000006aaba00000] [id=37456]
  0x00000208e2b72ae0 ConcurrentGCThread "G1 Young RemSet Sampling" [stack: 0x0000006aaba00000,0x0000006aabb00000] [id=44512]

Threads with active compile tasks:
C2 CompilerThread0   697690 1017       4       jdk.internal.org.objectweb.asm.SymbolTable::put (150 bytes)

VM state: not at safepoint (normal execution)

VM Mutex/Monitor currently owned by a thread: None

Heap address: 0x0000000702600000, size: 4058 MB, Compressed Oops mode: Zero based, Oop shift amount: 3
CDS disabled.
Compressed class space mapped at: 0x0000000800000000-0x0000000840000000, size: 1073741824
Narrow klass base: 0x0000000800000000, Narrow klass shift: 0, Narrow klass range: 0x40000000

GC Precious Log:
 CPUs: 8 total, 8 available
 Memory: 16228M
 Large Page Support: Disabled
 NUMA Support: Disabled
 Compressed Oops: Enabled (Zero based)
 Heap Region Size: 2M
 Heap Min Capacity: 8M
 Heap Initial Capacity: 254M
 Heap Max Capacity: 4058M
 Pre-touch: Disabled
 Parallel Workers: 8
 Concurrent Workers: 2
 Concurrent Refinement Workers: 8
 Periodic GC: Disabled

Heap:
 garbage-first heap   total 260096K, used 10240K [0x0000000702600000, 0x0000000800000000)
  region size 2048K, 5 young (10240K), 0 survivors (0K)
 Metaspace       used 12926K, capacity 13080K, committed 13184K, reserved 1060864K
  class space    used 1232K, capacity 1311K, committed 1408K, reserved 1048576K

Heap Regions: E=young(eden), S=young(survivor), O=old, HS=humongous(starts), HC=humongous(continues), CS=collection set, F=free, OA=open archive, CA=closed archive, TAMS=top-at-mark-start (previous, next)
|   0|0x0000000702600000, 0x0000000702800000, 0x0000000702800000|100%|HS|  |TAMS 0x0000000702600000, 0x0000000702600000| Complete 
|   1|0x0000000702800000, 0x0000000702800000, 0x0000000702a00000|  0%| F|  |TAMS 0x0000000702800000, 0x0000000702800000| Untracked 
|   2|0x0000000702a00000, 0x0000000702a00000, 0x0000000702c00000|  0%| F|  |TAMS 0x0000000702a00000, 0x0000000702a00000| Untracked 
|   3|0x0000000702c00000, 0x0000000702c00000, 0x0000000702e00000|  0%| F|  |TAMS 0x0000000702c00000, 0x0000000702c00000| Untracked 
|   4|0x0000000702e00000, 0x0000000702e00000, 0x0000000703000000|  0%| F|  |TAMS 0x0000000702e00000, 0x0000000702e00000| Untracked 
|   5|0x0000000703000000, 0x0000000703000000, 0x0000000703200000|  0%| F|  |TAMS 0x0000000703000000, 0x0000000703000000| Untracked 
|   6|0x0000000703200000, 0x0000000703200000, 0x0000000703400000|  0%| F|  |TAMS 0x0000000703200000, 0x0000000703200000| Untracked 
|   7|0x0000000703400000, 0x0000000703400000, 0x0000000703600000|  0%| F|  |TAMS 0x0000000703400000, 0x0000000703400000| Untracked 
|   8|0x0000000703600000, 0x0000000703600000, 0x0000000703800000|  0%| F|  |TAMS 0x0000000703600000, 0x0000000703600000| Untracked 
|   9|0x0000000703800000, 0x0000000703800000, 0x0000000703a00000|  0%| F|  |TAMS 0x0000000703800000, 0x0000000703800000| Untracked 
|  10|0x0000000703a00000, 0x0000000703a00000, 0x0000000703c00000|  0%| F|  |TAMS 0x0000000703a00000, 0x0000000703a00000| Untracked 
|  11|0x0000000703c00000, 0x0000000703c00000, 0x0000000703e00000|  0%| F|  |TAMS 0x0000000703c00000, 0x0000000703c00000| Untracked 
|  12|0x0000000703e00000, 0x0000000703e00000, 0x0000000704000000|  0%| F|  |TAMS 0x0000000703e00000, 0x0000000703e00000| Untracked 
|  13|0x0000000704000000, 0x0000000704000000, 0x0000000704200000|  0%| F|  |TAMS 0x0000000704000000, 0x0000000704000000| Untracked 
|  14|0x0000000704200000, 0x0000000704200000, 0x0000000704400000|  0%| F|  |TAMS 0x0000000704200000, 0x0000000704200000| Untracked 
|  15|0x0000000704400000, 0x0000000704400000, 0x0000000704600000|  0%| F|  |TAMS 0x0000000704400000, 0x0000000704400000| Untracked 
|  16|0x0000000704600000, 0x0000000704600000, 0x0000000704800000|  0%| F|  |TAMS 0x0000000704600000, 0x0000000704600000| Untracked 
|  17|0x0000000704800000, 0x0000000704800000, 0x0000000704a00000|  0%| F|  |TAMS 0x0000000704800000, 0x0000000704800000| Untracked 
|  18|0x0000000704a00000, 0x0000000704a00000, 0x0000000704c00000|  0%| F|  |TAMS 0x0000000704a00000, 0x0000000704a00000| Untracked 
|  19|0x0000000704c00000, 0x0000000704c00000, 0x0000000704e00000|  0%| F|  |TAMS 0x0000000704c00000, 0x0000000704c00000| Untracked 
|  20|0x0000000704e00000, 0x0000000704e00000, 0x0000000705000000|  0%| F|  |TAMS 0x0000000704e00000, 0x0000000704e00000| Untracked 
|  21|0x0000000705000000, 0x0000000705000000, 0x0000000705200000|  0%| F|  |TAMS 0x0000000705000000, 0x0000000705000000| Untracked 
|  22|0x0000000705200000, 0x0000000705200000, 0x0000000705400000|  0%| F|  |TAMS 0x0000000705200000, 0x0000000705200000| Untracked 
|  23|0x0000000705400000, 0x0000000705400000, 0x0000000705600000|  0%| F|  |TAMS 0x0000000705400000, 0x0000000705400000| Untracked 
|  24|0x0000000705600000, 0x0000000705600000, 0x0000000705800000|  0%| F|  |TAMS 0x0000000705600000, 0x0000000705600000| Untracked 
|  25|0x0000000705800000, 0x0000000705800000, 0x0000000705a00000|  0%| F|  |TAMS 0x0000000705800000, 0x0000000705800000| Untracked 
|  26|0x0000000705a00000, 0x0000000705a00000, 0x0000000705c00000|  0%| F|  |TAMS 0x0000000705a00000, 0x0000000705a00000| Untracked 
|  27|0x0000000705c00000, 0x0000000705c00000, 0x0000000705e00000|  0%| F|  |TAMS 0x0000000705c00000, 0x0000000705c00000| Untracked 
|  28|0x0000000705e00000, 0x0000000705e00000, 0x0000000706000000|  0%| F|  |TAMS 0x0000000705e00000, 0x0000000705e00000| Untracked 
|  29|0x0000000706000000, 0x0000000706000000, 0x0000000706200000|  0%| F|  |TAMS 0x0000000706000000, 0x0000000706000000| Untracked 
|  30|0x0000000706200000, 0x0000000706200000, 0x0000000706400000|  0%| F|  |TAMS 0x0000000706200000, 0x0000000706200000| Untracked 
|  31|0x0000000706400000, 0x0000000706400000, 0x0000000706600000|  0%| F|  |TAMS 0x0000000706400000, 0x0000000706400000| Untracked 
|  32|0x0000000706600000, 0x0000000706600000, 0x0000000706800000|  0%| F|  |TAMS 0x0000000706600000, 0x0000000706600000| Untracked 
|  33|0x0000000706800000, 0x0000000706800000, 0x0000000706a00000|  0%| F|  |TAMS 0x0000000706800000, 0x0000000706800000| Untracked 
|  34|0x0000000706a00000, 0x0000000706a00000, 0x0000000706c00000|  0%| F|  |TAMS 0x0000000706a00000, 0x0000000706a00000| Untracked 
|  35|0x0000000706c00000, 0x0000000706c00000, 0x0000000706e00000|  0%| F|  |TAMS 0x0000000706c00000, 0x0000000706c00000| Untracked 
|  36|0x0000000706e00000, 0x0000000706e00000, 0x0000000707000000|  0%| F|  |TAMS 0x0000000706e00000, 0x0000000706e00000| Untracked 
|  37|0x0000000707000000, 0x0000000707000000, 0x0000000707200000|  0%| F|  |TAMS 0x0000000707000000, 0x0000000707000000| Untracked 
|  38|0x0000000707200000, 0x0000000707200000, 0x0000000707400000|  0%| F|  |TAMS 0x0000000707200000, 0x0000000707200000| Untracked 
|  39|0x0000000707400000, 0x0000000707400000, 0x0000000707600000|  0%| F|  |TAMS 0x0000000707400000, 0x0000000707400000| Untracked 
|  40|0x0000000707600000, 0x0000000707600000, 0x0000000707800000|  0%| F|  |TAMS 0x0000000707600000, 0x0000000707600000| Untracked 
|  41|0x0000000707800000, 0x0000000707800000, 0x0000000707a00000|  0%| F|  |TAMS 0x0000000707800000, 0x0000000707800000| Untracked 
|  42|0x0000000707a00000, 0x0000000707a00000, 0x0000000707c00000|  0%| F|  |TAMS 0x0000000707a00000, 0x0000000707a00000| Untracked 
|  43|0x0000000707c00000, 0x0000000707c00000, 0x0000000707e00000|  0%| F|  |TAMS 0x0000000707c00000, 0x0000000707c00000| Untracked 
|  44|0x0000000707e00000, 0x0000000707e00000, 0x0000000708000000|  0%| F|  |TAMS 0x0000000707e00000, 0x0000000707e00000| Untracked 
|  45|0x0000000708000000, 0x0000000708000000, 0x0000000708200000|  0%| F|  |TAMS 0x0000000708000000, 0x0000000708000000| Untracked 
|  46|0x0000000708200000, 0x0000000708200000, 0x0000000708400000|  0%| F|  |TAMS 0x0000000708200000, 0x0000000708200000| Untracked 
|  47|0x0000000708400000, 0x0000000708400000, 0x0000000708600000|  0%| F|  |TAMS 0x0000000708400000, 0x0000000708400000| Untracked 
|  48|0x0000000708600000, 0x0000000708600000, 0x0000000708800000|  0%| F|  |TAMS 0x0000000708600000, 0x0000000708600000| Untracked 
|  49|0x0000000708800000, 0x0000000708800000, 0x0000000708a00000|  0%| F|  |TAMS 0x0000000708800000, 0x0000000708800000| Untracked 
|  50|0x0000000708a00000, 0x0000000708a00000, 0x0000000708c00000|  0%| F|  |TAMS 0x0000000708a00000, 0x0000000708a00000| Untracked 
|  51|0x0000000708c00000, 0x0000000708c00000, 0x0000000708e00000|  0%| F|  |TAMS 0x0000000708c00000, 0x0000000708c00000| Untracked 
|  52|0x0000000708e00000, 0x0000000708e00000, 0x0000000709000000|  0%| F|  |TAMS 0x0000000708e00000, 0x0000000708e00000| Untracked 
|  53|0x0000000709000000, 0x0000000709000000, 0x0000000709200000|  0%| F|  |TAMS 0x0000000709000000, 0x0000000709000000| Untracked 
|  54|0x0000000709200000, 0x0000000709200000, 0x0000000709400000|  0%| F|  |TAMS 0x0000000709200000, 0x0000000709200000| Untracked 
|  55|0x0000000709400000, 0x0000000709400000, 0x0000000709600000|  0%| F|  |TAMS 0x0000000709400000, 0x0000000709400000| Untracked 
|  56|0x0000000709600000, 0x0000000709600000, 0x0000000709800000|  0%| F|  |TAMS 0x0000000709600000, 0x0000000709600000| Untracked 
|  57|0x0000000709800000, 0x0000000709800000, 0x0000000709a00000|  0%| F|  |TAMS 0x0000000709800000, 0x0000000709800000| Untracked 
|  58|0x0000000709a00000, 0x0000000709a00000, 0x0000000709c00000|  0%| F|  |TAMS 0x0000000709a00000, 0x0000000709a00000| Untracked 
|  59|0x0000000709c00000, 0x0000000709c00000, 0x0000000709e00000|  0%| F|  |TAMS 0x0000000709c00000, 0x0000000709c00000| Untracked 
|  60|0x0000000709e00000, 0x0000000709e00000, 0x000000070a000000|  0%| F|  |TAMS 0x0000000709e00000, 0x0000000709e00000| Untracked 
|  61|0x000000070a000000, 0x000000070a000000, 0x000000070a200000|  0%| F|  |TAMS 0x000000070a000000, 0x000000070a000000| Untracked 
|  62|0x000000070a200000, 0x000000070a200000, 0x000000070a400000|  0%| F|  |TAMS 0x000000070a200000, 0x000000070a200000| Untracked 
|  63|0x000000070a400000, 0x000000070a400000, 0x000000070a600000|  0%| F|  |TAMS 0x000000070a400000, 0x000000070a400000| Untracked 
|  64|0x000000070a600000, 0x000000070a600000, 0x000000070a800000|  0%| F|  |TAMS 0x000000070a600000, 0x000000070a600000| Untracked 
|  65|0x000000070a800000, 0x000000070a800000, 0x000000070aa00000|  0%| F|  |TAMS 0x000000070a800000, 0x000000070a800000| Untracked 
|  66|0x000000070aa00000, 0x000000070aa00000, 0x000000070ac00000|  0%| F|  |TAMS 0x000000070aa00000, 0x000000070aa00000| Untracked 
|  67|0x000000070ac00000, 0x000000070ac00000, 0x000000070ae00000|  0%| F|  |TAMS 0x000000070ac00000, 0x000000070ac00000| Untracked 
|  68|0x000000070ae00000, 0x000000070ae00000, 0x000000070b000000|  0%| F|  |TAMS 0x000000070ae00000, 0x000000070ae00000| Untracked 
|  69|0x000000070b000000, 0x000000070b000000, 0x000000070b200000|  0%| F|  |TAMS 0x000000070b000000, 0x000000070b000000| Untracked 
|  70|0x000000070b200000, 0x000000070b200000, 0x000000070b400000|  0%| F|  |TAMS 0x000000070b200000, 0x000000070b200000| Untracked 
|  71|0x000000070b400000, 0x000000070b400000, 0x000000070b600000|  0%| F|  |TAMS 0x000000070b400000, 0x000000070b400000| Untracked 
|  72|0x000000070b600000, 0x000000070b600000, 0x000000070b800000|  0%| F|  |TAMS 0x000000070b600000, 0x000000070b600000| Untracked 
|  73|0x000000070b800000, 0x000000070b800000, 0x000000070ba00000|  0%| F|  |TAMS 0x000000070b800000, 0x000000070b800000| Untracked 
|  74|0x000000070ba00000, 0x000000070ba00000, 0x000000070bc00000|  0%| F|  |TAMS 0x000000070ba00000, 0x000000070ba00000| Untracked 
|  75|0x000000070bc00000, 0x000000070bc00000, 0x000000070be00000|  0%| F|  |TAMS 0x000000070bc00000, 0x000000070bc00000| Untracked 
|  76|0x000000070be00000, 0x000000070be00000, 0x000000070c000000|  0%| F|  |TAMS 0x000000070be00000, 0x000000070be00000| Untracked 
|  77|0x000000070c000000, 0x000000070c000000, 0x000000070c200000|  0%| F|  |TAMS 0x000000070c000000, 0x000000070c000000| Untracked 
|  78|0x000000070c200000, 0x000000070c200000, 0x000000070c400000|  0%| F|  |TAMS 0x000000070c200000, 0x000000070c200000| Untracked 
|  79|0x000000070c400000, 0x000000070c400000, 0x000000070c600000|  0%| F|  |TAMS 0x000000070c400000, 0x000000070c400000| Untracked 
|  80|0x000000070c600000, 0x000000070c600000, 0x000000070c800000|  0%| F|  |TAMS 0x000000070c600000, 0x000000070c600000| Untracked 
|  81|0x000000070c800000, 0x000000070c800000, 0x000000070ca00000|  0%| F|  |TAMS 0x000000070c800000, 0x000000070c800000| Untracked 
|  82|0x000000070ca00000, 0x000000070ca00000, 0x000000070cc00000|  0%| F|  |TAMS 0x000000070ca00000, 0x000000070ca00000| Untracked 
|  83|0x000000070cc00000, 0x000000070cc00000, 0x000000070ce00000|  0%| F|  |TAMS 0x000000070cc00000, 0x000000070cc00000| Untracked 
|  84|0x000000070ce00000, 0x000000070ce00000, 0x000000070d000000|  0%| F|  |TAMS 0x000000070ce00000, 0x000000070ce00000| Untracked 
|  85|0x000000070d000000, 0x000000070d000000, 0x000000070d200000|  0%| F|  |TAMS 0x000000070d000000, 0x000000070d000000| Untracked 
|  86|0x000000070d200000, 0x000000070d200000, 0x000000070d400000|  0%| F|  |TAMS 0x000000070d200000, 0x000000070d200000| Untracked 
|  87|0x000000070d400000, 0x000000070d400000, 0x000000070d600000|  0%| F|  |TAMS 0x000000070d400000, 0x000000070d400000| Untracked 
|  88|0x000000070d600000, 0x000000070d600000, 0x000000070d800000|  0%| F|  |TAMS 0x000000070d600000, 0x000000070d600000| Untracked 
|  89|0x000000070d800000, 0x000000070d800000, 0x000000070da00000|  0%| F|  |TAMS 0x000000070d800000, 0x000000070d800000| Untracked 
|  90|0x000000070da00000, 0x000000070da00000, 0x000000070dc00000|  0%| F|  |TAMS 0x000000070da00000, 0x000000070da00000| Untracked 
|  91|0x000000070dc00000, 0x000000070dc00000, 0x000000070de00000|  0%| F|  |TAMS 0x000000070dc00000, 0x000000070dc00000| Untracked 
|  92|0x000000070de00000, 0x000000070de00000, 0x000000070e000000|  0%| F|  |TAMS 0x000000070de00000, 0x000000070de00000| Untracked 
|  93|0x000000070e000000, 0x000000070e000000, 0x000000070e200000|  0%| F|  |TAMS 0x000000070e000000, 0x000000070e000000| Untracked 
|  94|0x000000070e200000, 0x000000070e200000, 0x000000070e400000|  0%| F|  |TAMS 0x000000070e200000, 0x000000070e200000| Untracked 
|  95|0x000000070e400000, 0x000000070e400000, 0x000000070e600000|  0%| F|  |TAMS 0x000000070e400000, 0x000000070e400000| Untracked 
|  96|0x000000070e600000, 0x000000070e600000, 0x000000070e800000|  0%| F|  |TAMS 0x000000070e600000, 0x000000070e600000| Untracked 
|  97|0x000000070e800000, 0x000000070e800000, 0x000000070ea00000|  0%| F|  |TAMS 0x000000070e800000, 0x000000070e800000| Untracked 
|  98|0x000000070ea00000, 0x000000070ea00000, 0x000000070ec00000|  0%| F|  |TAMS 0x000000070ea00000, 0x000000070ea00000| Untracked 
|  99|0x000000070ec00000, 0x000000070ec00000, 0x000000070ee00000|  0%| F|  |TAMS 0x000000070ec00000, 0x000000070ec00000| Untracked 
| 100|0x000000070ee00000, 0x000000070ee00000, 0x000000070f000000|  0%| F|  |TAMS 0x000000070ee00000, 0x000000070ee00000| Untracked 
| 101|0x000000070f000000, 0x000000070f000000, 0x000000070f200000|  0%| F|  |TAMS 0x000000070f000000, 0x000000070f000000| Untracked 
| 102|0x000000070f200000, 0x000000070f200000, 0x000000070f400000|  0%| F|  |TAMS 0x000000070f200000, 0x000000070f200000| Untracked 
| 103|0x000000070f400000, 0x000000070f400000, 0x000000070f600000|  0%| F|  |TAMS 0x000000070f400000, 0x000000070f400000| Untracked 
| 104|0x000000070f600000, 0x000000070f600000, 0x000000070f800000|  0%| F|  |TAMS 0x000000070f600000, 0x000000070f600000| Untracked 
| 105|0x000000070f800000, 0x000000070f800000, 0x000000070fa00000|  0%| F|  |TAMS 0x000000070f800000, 0x000000070f800000| Untracked 
| 106|0x000000070fa00000, 0x000000070fa00000, 0x000000070fc00000|  0%| F|  |TAMS 0x000000070fa00000, 0x000000070fa00000| Untracked 
| 107|0x000000070fc00000, 0x000000070fc00000, 0x000000070fe00000|  0%| F|  |TAMS 0x000000070fc00000, 0x000000070fc00000| Untracked 
| 108|0x000000070fe00000, 0x000000070fe00000, 0x0000000710000000|  0%| F|  |TAMS 0x000000070fe00000, 0x000000070fe00000| Untracked 
| 109|0x0000000710000000, 0x0000000710000000, 0x0000000710200000|  0%| F|  |TAMS 0x0000000710000000, 0x0000000710000000| Untracked 
| 110|0x0000000710200000, 0x0000000710200000, 0x0000000710400000|  0%| F|  |TAMS 0x0000000710200000, 0x0000000710200000| Untracked 
| 111|0x0000000710400000, 0x0000000710400000, 0x0000000710600000|  0%| F|  |TAMS 0x0000000710400000, 0x0000000710400000| Untracked 
| 112|0x0000000710600000, 0x0000000710600000, 0x0000000710800000|  0%| F|  |TAMS 0x0000000710600000, 0x0000000710600000| Untracked 
| 113|0x0000000710800000, 0x0000000710800000, 0x0000000710a00000|  0%| F|  |TAMS 0x0000000710800000, 0x0000000710800000| Untracked 
| 114|0x0000000710a00000, 0x0000000710a00000, 0x0000000710c00000|  0%| F|  |TAMS 0x0000000710a00000, 0x0000000710a00000| Untracked 
| 115|0x0000000710c00000, 0x0000000710c00000, 0x0000000710e00000|  0%| F|  |TAMS 0x0000000710c00000, 0x0000000710c00000| Untracked 
| 116|0x0000000710e00000, 0x0000000710e00000, 0x0000000711000000|  0%| F|  |TAMS 0x0000000710e00000, 0x0000000710e00000| Untracked 
| 117|0x0000000711000000, 0x0000000711000000, 0x0000000711200000|  0%| F|  |TAMS 0x0000000711000000, 0x0000000711000000| Untracked 
| 118|0x0000000711200000, 0x0000000711200000, 0x0000000711400000|  0%| F|  |TAMS 0x0000000711200000, 0x0000000711200000| Untracked 
| 119|0x0000000711400000, 0x0000000711400000, 0x0000000711600000|  0%| F|  |TAMS 0x0000000711400000, 0x0000000711400000| Untracked 
| 120|0x0000000711600000, 0x0000000711600000, 0x0000000711800000|  0%| F|  |TAMS 0x0000000711600000, 0x0000000711600000| Untracked 
| 121|0x0000000711800000, 0x0000000711800000, 0x0000000711a00000|  0%| F|  |TAMS 0x0000000711800000, 0x0000000711800000| Untracked 
| 122|0x0000000711a00000, 0x0000000711c00000, 0x0000000711c00000|100%| E|  |TAMS 0x0000000711a00000, 0x0000000711a00000| Complete 
| 123|0x0000000711c00000, 0x0000000711e00000, 0x0000000711e00000|100%| E|CS|TAMS 0x0000000711c00000, 0x0000000711c00000| Complete 
| 124|0x0000000711e00000, 0x0000000712000000, 0x0000000712000000|100%| E|CS|TAMS 0x0000000711e00000, 0x0000000711e00000| Complete 
| 125|0x0000000712000000, 0x0000000712200000, 0x0000000712200000|100%| E|CS|TAMS 0x0000000712000000, 0x0000000712000000| Complete 
| 126|0x0000000712200000, 0x0000000712400000, 0x0000000712400000|100%| E|CS|TAMS 0x0000000712200000, 0x0000000712200000| Complete 

Card table byte_map: [0x00000208d73b0000,0x00000208d7ba0000] _byte_map_base: 0x00000208d3b9d000

Marking Bits (Prev, Next): (CMBitMap*) 0x00000208c3ed7150, (CMBitMap*) 0x00000208c3ed7190
 Prev Bits: [0x00000208d8390000, 0x00000208dc2f8000)
 Next Bits: [0x00000208dc300000, 0x00000208e0268000)

Polling page: 0x00000208c1d40000

Metaspace:

Usage:
  Non-class:     11.49 MB capacity,    11.42 MB (>99%) used,    60.34 KB ( <1%) free+waste,    14.81 KB ( <1%) overhead. 
      Class:      1.28 MB capacity,     1.20 MB ( 94%) used,    73.23 KB (  6%) free+waste,     5.38 KB ( <1%) overhead. 
       Both:     12.77 MB capacity,    12.62 MB ( 99%) used,   133.56 KB (  1%) free+waste,    20.19 KB ( <1%) overhead. 

Virtual space:
  Non-class space:       12.00 MB reserved,      11.50 MB ( 96%) committed 
      Class space:        1.00 GB reserved,       1.38 MB ( <1%) committed 
             Both:        1.01 GB reserved,      12.88 MB (  1%) committed 

Chunk freelists:
   Non-Class:  7.00 KB
       Class:  1.00 KB
        Both:  8.00 KB

MaxMetaspaceSize: 17179869184.00 GB
CompressedClassSpaceSize: 1.00 GB

CodeHeap 'non-profiled nmethods': size=120000Kb used=338Kb max_used=338Kb free=119661Kb
 bounds [0x00000208cf360000, 0x00000208cf5d0000, 0x00000208d6890000]
CodeHeap 'profiled nmethods': size=120000Kb used=1390Kb max_used=1390Kb free=118610Kb
 bounds [0x00000208c7e30000, 0x00000208c80a0000, 0x00000208cf360000]
CodeHeap 'non-nmethods': size=5760Kb used=1249Kb max_used=1276Kb free=4510Kb
 bounds [0x00000208c7890000, 0x00000208c7b00000, 0x00000208c7e30000]
 total_blobs=1549 nmethods=1020 adapters=442
 compilation: enabled
              stopped_count=0, restarted_count=0
 full_count=0

Compilation events (20 events):
Event: 0.446 Thread 0x00000208e35aacc0 nmethod 1005 0x00000208c7f87910 code [0x00000208c7f87b00, 0x00000208c7f87fb8]
Event: 0.448 Thread 0x00000208e35aacc0 1006       1       sun.util.locale.BaseLocale::getLanguage (5 bytes)
Event: 0.448 Thread 0x00000208e35aacc0 nmethod 1006 0x00000208cf3af510 code [0x00000208cf3af6a0, 0x00000208cf3af758]
Event: 0.448 Thread 0x00000208e35aacc0 1007       3       sun.util.locale.LocaleUtils::isUpper (18 bytes)
Event: 0.448 Thread 0x00000208e35aacc0 nmethod 1007 0x00000208c7f88210 code [0x00000208c7f883a0, 0x00000208c7f88518]
Event: 0.448 Thread 0x00000208e35aacc0 1008       3       java.util.concurrent.ConcurrentHashMap$Traverser::advance (188 bytes)
Event: 0.449 Thread 0x00000208e35a0a00 nmethod 913 0x00000208cf3af810 code [0x00000208cf3afba0, 0x00000208cf3b1510]
Event: 0.449 Thread 0x00000208e35aacc0 nmethod 1008 0x00000208c7f88590 code [0x00000208c7f887c0, 0x00000208c7f893a8]
Event: 0.451 Thread 0x00000208e3d87f90 nmethod 1000% 0x00000208cf3b2290 code [0x00000208cf3b2460, 0x00000208cf3b2df8]
Event: 0.455 Thread 0x00000208e35aacc0 1009       1       java.awt.AWTEvent::getID (5 bytes)
Event: 0.455 Thread 0x00000208e35aacc0 nmethod 1009 0x00000208cf3b3390 code [0x00000208cf3b3520, 0x00000208cf3b35d8]
Event: 10.292 Thread 0x00000208e35aacc0 1010       1       java.util.concurrent.locks.AbstractOwnableSynchronizer::setExclusiveOwnerThread (6 bytes)
Event: 10.293 Thread 0x00000208e35aacc0 nmethod 1010 0x00000208cf3b3690 code [0x00000208cf3b3820, 0x00000208cf3b3938]
Event: 10.293 Thread 0x00000208e35aacc0 1011       3       jdk.internal.loader.NativeLibraries$NativeLibraryImpl::find (6 bytes)
Event: 10.293 Thread 0x00000208e35aacc0 nmethod 1011 0x00000208c7f89610 code [0x00000208c7f897c0, 0x00000208c7f898e8]
Event: 662.799 Thread 0x00000208e35aacc0 1013       3       sun.awt.AWTAutoShutdown::getInstance (4 bytes)
Event: 662.799 Thread 0x00000208e35aacc0 nmethod 1013 0x00000208c7f89990 code [0x00000208c7f89b20, 0x00000208c7f89c18]
Event: 697.542 Thread 0x00000208e35aacc0 1014       3       java.lang.invoke.DirectMethodHandle::maybeCompile (24 bytes)
Event: 697.543 Thread 0x00000208e35aacc0 nmethod 1014 0x00000208c7f89c90 code [0x00000208c7f89ee0, 0x00000208c7f8a698]
Event: 697.548 Thread 0x00000208e35a0a00 1017       4       jdk.internal.org.objectweb.asm.SymbolTable::put (150 bytes)

GC Heap History (0 events):
No events

Deoptimization events (20 events):
Event: 0.414 Thread 0x00000208e38ea380 DEOPT PACKING pc=0x00000208c7f33401 sp=0x0000006aacbfc420
Event: 0.414 Thread 0x00000208e38ea380 DEOPT UNPACKING pc=0x00000208c78de23f sp=0x0000006aacbfb890 mode 0
Event: 0.415 Thread 0x00000208e38ea380 DEOPT PACKING pc=0x00000208c7f33401 sp=0x0000006aacbfc420
Event: 0.415 Thread 0x00000208e38ea380 DEOPT UNPACKING pc=0x00000208c78de23f sp=0x0000006aacbfb890 mode 0
Event: 0.427 Thread 0x00000208e38ea380 DEOPT PACKING pc=0x00000208c7f42f43 sp=0x0000006aacbfc3e0
Event: 0.427 Thread 0x00000208e38ea380 DEOPT UNPACKING pc=0x00000208c78de23f sp=0x0000006aacbfb8c8 mode 0
Event: 0.429 Thread 0x00000208e38ea380 DEOPT PACKING pc=0x00000208c7f42f43 sp=0x0000006aacbfc3e0
Event: 0.429 Thread 0x00000208e38ea380 DEOPT UNPACKING pc=0x00000208c78de23f sp=0x0000006aacbfb8c8 mode 0
Event: 0.432 Thread 0x00000208e38ea380 DEOPT PACKING pc=0x00000208c7f42f43 sp=0x0000006aacbfc3e0
Event: 0.432 Thread 0x00000208e38ea380 DEOPT UNPACKING pc=0x00000208c78de23f sp=0x0000006aacbfb8c8 mode 0
Event: 0.434 Thread 0x00000208e38ea380 DEOPT PACKING pc=0x00000208c7f42f43 sp=0x0000006aacbfc3e0
Event: 0.434 Thread 0x00000208e38ea380 DEOPT UNPACKING pc=0x00000208c78de23f sp=0x0000006aacbfb8c8 mode 0
Event: 0.436 Thread 0x00000208e38ea380 DEOPT PACKING pc=0x00000208c7f42f43 sp=0x0000006aacbfc3e0
Event: 0.436 Thread 0x00000208e38ea380 DEOPT UNPACKING pc=0x00000208c78de23f sp=0x0000006aacbfb8c8 mode 0
Event: 0.439 Thread 0x00000208e38ea380 DEOPT PACKING pc=0x00000208c7f42f43 sp=0x0000006aacbfc3e0
Event: 0.439 Thread 0x00000208e38ea380 DEOPT UNPACKING pc=0x00000208c78de23f sp=0x0000006aacbfb8c8 mode 0
Event: 0.441 Thread 0x00000208e38ea380 DEOPT PACKING pc=0x00000208c7f42f43 sp=0x0000006aacbfc3e0
Event: 0.441 Thread 0x00000208e38ea380 DEOPT UNPACKING pc=0x00000208c78de23f sp=0x0000006aacbfb8c8 mode 0
Event: 0.443 Thread 0x00000208e38ea380 DEOPT PACKING pc=0x00000208c7f42f43 sp=0x0000006aacbfc3e0
Event: 0.443 Thread 0x00000208e38ea380 DEOPT UNPACKING pc=0x00000208c78de23f sp=0x0000006aacbfb8c8 mode 0

Classes unloaded (0 events):
No events

Classes redefined (0 events):
No events

Internal exceptions (13 events):
Event: 0.132 Thread 0x00000208c3e83bd0 Exception <a 'java/lang/NoSuchMethodError'{0x0000000712319c58}: 'void java.lang.invoke.DirectMethodHandle$Holder.invokeSpecial(java.lang.Object, java.lang.Object, java.lang.Object)'> (0x0000000712319c58) 
thrown [./open/src/hotspot/share/interpreter/linkResolver.cpp, line 782]
Event: 0.158 Thread 0x00000208c3e83bd0 Exception <a 'java/lang/ClassNotFoundException'{0x0000000712339d88}: sun/awt/resources/spi/awtProvider> (0x0000000712339d88) 
thrown [./open/src/hotspot/share/classfile/systemDictionary.cpp, line 295]
Event: 0.180 Thread 0x00000208c3e83bd0 Exception <a 'java/io/FileNotFoundException'{0x0000000712395ee8}> (0x0000000712395ee8) 
thrown [./open/src/hotspot/share/prims/jni.cpp, line 578]
Event: 0.185 Thread 0x00000208c3e83bd0 Exception <a 'java/io/FileNotFoundException'{0x00000007123c49f0}> (0x00000007123c49f0) 
thrown [./open/src/hotspot/share/prims/jni.cpp, line 578]
Event: 0.186 Thread 0x00000208c3e83bd0 Exception <a 'java/lang/NoSuchMethodError'{0x00000007123c5d08}: 'java.lang.Object java.lang.invoke.DirectMethodHandle$Holder.invokeStatic(java.lang.Object)'> (0x00000007123c5d08) 
thrown [./open/src/hotspot/share/interpreter/linkResolver.cpp, line 782]
Event: 0.222 Thread 0x00000208c3e83bd0 Exception <a 'java/lang/NoSuchMethodError'{0x00000007120102c8}: 'java.lang.Object java.lang.invoke.DirectMethodHandle$Holder.invokeStaticInit(java.lang.Object)'> (0x00000007120102c8) 
thrown [./open/src/hotspot/share/interpreter/linkResolver.cpp, line 782]
Event: 0.256 Thread 0x00000208c3e83bd0 Exception <a 'java/lang/NoSuchMethodError'{0x00000007120f3178}: 'java.lang.Object java.lang.invoke.DirectMethodHandle$Holder.newInvokeSpecial(java.lang.Object, java.lang.Object, java.lang.Object, java.lang.Object, java.lang.Object)'> (0x00000007120f3178) 
thrown [./open/src/hotspot/share/interpreter/linkResolver.cpp, line 782]
Event: 0.257 Thread 0x00000208c3e83bd0 Exception <a 'java/lang/NoSuchMethodError'{0x00000007120fec08}: 'java.lang.Object java.lang.invoke.DirectMethodHandle$Holder.invokeStatic(java.lang.Object, int, java.lang.Object, java.lang.Object, java.lang.Object, java.lang.Object)'> (0x00000007120fec08) 
thrown [./open/src/hotspot/share/interpreter/linkResolver.cpp, line 782]
Event: 0.260 Thread 0x00000208c3e83bd0 Exception <a 'java/lang/NoSuchMethodError'{0x0000000712124eb0}: 'java.lang.Object java.lang.invoke.DirectMethodHandle$Holder.invokeStatic(java.lang.Object, int, java.lang.Object)'> (0x0000000712124eb0) 
thrown [./open/src/hotspot/share/interpreter/linkResolver.cpp, line 782]
Event: 0.276 Thread 0x00000208c3e83bd0 Exception <a 'java/lang/ClassNotFoundException'{0x00000007121dd270}: com/sun/swing/internal/plaf/metal/resources/spi/metalProvider> (0x00000007121dd270) 
thrown [./open/src/hotspot/share/classfile/systemDictionary.cpp, line 295]
Event: 0.277 Thread 0x00000208c3e83bd0 Exception <a 'java/lang/ClassNotFoundException'{0x00000007121e11a8}: com/sun/swing/internal/plaf/basic/resources/spi/basicProvider> (0x00000007121e11a8) 
thrown [./open/src/hotspot/share/classfile/systemDictionary.cpp, line 295]
Event: 0.321 Thread 0x00000208c3e83bd0 Exception <a 'java/lang/NoSuchMethodError'{0x0000000711e95820}: 'void java.lang.invoke.DirectMethodHandle$Holder.invokeStaticInit(java.lang.Object)'> (0x0000000711e95820) 
thrown [./open/src/hotspot/share/interpreter/linkResolver.cpp, line 782]
Event: 697.548 Thread 0x00000208e38ea380 Exception <a 'java/lang/NoSuchMethodError'{0x0000000711bc2680}: 'void java.lang.invoke.DirectMethodHandle$Holder.invokeVirtual(java.lang.Object, java.lang.Object)'> (0x0000000711bc2680) 
thrown [./open/src/hotspot/share/interpreter/linkResolver.cpp, line 782]

Events (20 events):
Event: 0.453 loading class java/awt/TextComponent done
Event: 0.453 Executing VM operation: HandshakeAllThreads
Event: 0.453 Executing VM operation: HandshakeAllThreads done
Event: 0.453 loading class javax/swing/text/JTextComponent
Event: 0.454 loading class javax/swing/Scrollable
Event: 0.454 loading class javax/swing/Scrollable done
Event: 0.454 loading class javax/swing/text/JTextComponent done
Event: 1.453 Executing VM operation: HandshakeAllThreads
Event: 1.453 Executing VM operation: HandshakeAllThreads done
Event: 5.455 Thread 0x00000208e3d87f90 Thread exited: 0x00000208e3d87f90
Event: 10.279 loading class java/awt/KeyboardFocusManager$2
Event: 10.279 loading class java/awt/KeyboardFocusManager$2 done
Event: 10.279 loading class sun/awt/SunToolkit$1
Event: 10.280 loading class sun/awt/SunToolkit$1 done
Event: 697.545 loading class java/util/Collections$SynchronizedSet
Event: 697.546 loading class java/util/Collections$SynchronizedSet done
Event: 697.546 loading class java/util/WeakHashMap$KeyIterator
Event: 697.546 loading class java/util/WeakHashMap$HashIterator
Event: 697.546 loading class java/util/WeakHashMap$HashIterator done
Event: 697.546 loading class java/util/WeakHashMap$KeyIterator done


Dynamic libraries:
0x00007ff733160000 - 0x00007ff73316d000 	C:\Users\riahi\.p2\pool\plugins\org.eclipse.justj.openjdk.hotspot.jre.full.win32.x86_64_15.0.2.v20210201-0955\jre\bin\javaw.exe
0x00007ffdafba0000 - 0x00007ffdafd90000 	C:\WINDOWS\SYSTEM32\ntdll.dll
0x00007ffdae890000 - 0x00007ffdae942000 	C:\WINDOWS\System32\KERNEL32.DLL
0x00007ffdad2b0000 - 0x00007ffdad555000 	C:\WINDOWS\System32\KERNELBASE.dll
0x00007ffdad9c0000 - 0x00007ffdadaba000 	C:\WINDOWS\System32\ucrtbase.dll
0x00007ffda4eb0000 - 0x00007ffda4ec8000 	C:\Users\riahi\.p2\pool\plugins\org.eclipse.justj.openjdk.hotspot.jre.full.win32.x86_64_15.0.2.v20210201-0955\jre\bin\jli.dll
0x00007ffd9efb0000 - 0x00007ffd9efc9000 	C:\Users\riahi\.p2\pool\plugins\org.eclipse.justj.openjdk.hotspot.jre.full.win32.x86_64_15.0.2.v20210201-0955\jre\bin\VCRUNTIME140.dll
0x00007ffdaf180000 - 0x00007ffdaf314000 	C:\WINDOWS\System32\USER32.dll
0x00007ffd99060000 - 0x00007ffd992e4000 	C:\WINDOWS\WinSxS\amd64_microsoft.windows.common-controls_6595b64144ccf1df_6.0.18362.1500_none_9e79be6de462295c\COMCTL32.dll
0x00007ffdadc20000 - 0x00007ffdadc41000 	C:\WINDOWS\System32\win32u.dll
0x00007ffdaf010000 - 0x00007ffdaf0ae000 	C:\WINDOWS\System32\msvcrt.dll
0x00007ffdae210000 - 0x00007ffdae236000 	C:\WINDOWS\System32\GDI32.dll
0x00007ffdae410000 - 0x00007ffdae746000 	C:\WINDOWS\System32\combase.dll
0x00007ffdad7c0000 - 0x00007ffdad958000 	C:\WINDOWS\System32\gdi32full.dll
0x00007ffdaeee0000 - 0x00007ffdaefff000 	C:\WINDOWS\System32\RPCRT4.dll
0x00007ffdad560000 - 0x00007ffdad5fe000 	C:\WINDOWS\System32\msvcp_win.dll
0x00007ffdad600000 - 0x00007ffdad681000 	C:\WINDOWS\System32\bcryptPrimitives.dll
0x00007ffdaf3d0000 - 0x00007ffdaf3fe000 	C:\WINDOWS\System32\IMM32.DLL
0x00007ffda4ef0000 - 0x00007ffda4efc000 	C:\Users\riahi\.p2\pool\plugins\org.eclipse.justj.openjdk.hotspot.jre.full.win32.x86_64_15.0.2.v20210201-0955\jre\bin\vcruntime140_1.dll
0x00007ffd76d60000 - 0x00007ffd76df1000 	C:\Users\riahi\.p2\pool\plugins\org.eclipse.justj.openjdk.hotspot.jre.full.win32.x86_64_15.0.2.v20210201-0955\jre\bin\msvcp140.dll
0x00007ffd41250000 - 0x00007ffd41dae000 	C:\Users\riahi\.p2\pool\plugins\org.eclipse.justj.openjdk.hotspot.jre.full.win32.x86_64_15.0.2.v20210201-0955\jre\bin\server\jvm.dll
0x00007ffdae160000 - 0x00007ffdae203000 	C:\WINDOWS\System32\ADVAPI32.dll
0x00007ffdae0c0000 - 0x00007ffdae157000 	C:\WINDOWS\System32\sechost.dll
0x00007ffdaf400000 - 0x00007ffdaf408000 	C:\WINDOWS\System32\PSAPI.DLL
0x00007ffd775e0000 - 0x00007ffd775e9000 	C:\WINDOWS\SYSTEM32\WSOCK32.dll
0x00007ffda6d40000 - 0x00007ffda6d64000 	C:\WINDOWS\SYSTEM32\WINMM.dll
0x00007ffd9efd0000 - 0x00007ffd9efda000 	C:\WINDOWS\SYSTEM32\VERSION.dll
0x00007ffdaeb90000 - 0x00007ffdaebff000 	C:\WINDOWS\System32\WS2_32.dll
0x00007ffda6d10000 - 0x00007ffda6d3d000 	C:\WINDOWS\SYSTEM32\winmmbase.dll
0x00007ffdad740000 - 0x00007ffdad78a000 	C:\WINDOWS\System32\cfgmgr32.dll
0x00007ffdacab0000 - 0x00007ffdacac1000 	C:\WINDOWS\System32\kernel.appcore.dll
0x00007ffd75cc0000 - 0x00007ffd75cca000 	C:\Users\riahi\.p2\pool\plugins\org.eclipse.justj.openjdk.hotspot.jre.full.win32.x86_64_15.0.2.v20210201-0955\jre\bin\jimage.dll
0x00007ffdab360000 - 0x00007ffdab554000 	C:\WINDOWS\SYSTEM32\DBGHELP.DLL
0x00007ffd8fb40000 - 0x00007ffd8fb6a000 	C:\WINDOWS\SYSTEM32\dbgcore.DLL
0x00007ffd41220000 - 0x00007ffd41245000 	C:\Users\riahi\.p2\pool\plugins\org.eclipse.justj.openjdk.hotspot.jre.full.win32.x86_64_15.0.2.v20210201-0955\jre\bin\java.dll
0x00007ffd41200000 - 0x00007ffd41218000 	C:\Users\riahi\.p2\pool\plugins\org.eclipse.justj.openjdk.hotspot.jre.full.win32.x86_64_15.0.2.v20210201-0955\jre\bin\zip.dll
0x00007ffdaf410000 - 0x00007ffdafaf8000 	C:\WINDOWS\System32\SHELL32.dll
0x00007ffdae7d0000 - 0x00007ffdae877000 	C:\WINDOWS\System32\shcore.dll
0x00007ffdacb30000 - 0x00007ffdad2ab000 	C:\WINDOWS\System32\windows.storage.dll
0x00007ffdacad0000 - 0x00007ffdacaee000 	C:\WINDOWS\System32\profapi.dll
0x00007ffdaca60000 - 0x00007ffdacaaa000 	C:\WINDOWS\System32\powrprof.dll
0x00007ffdaca50000 - 0x00007ffdaca60000 	C:\WINDOWS\System32\UMPDC.dll
0x00007ffdafb00000 - 0x00007ffdafb52000 	C:\WINDOWS\System32\shlwapi.dll
0x00007ffdacb10000 - 0x00007ffdacb27000 	C:\WINDOWS\System32\cryptsp.dll
0x00007ffd752e0000 - 0x00007ffd7545f000 	C:\Users\riahi\.p2\pool\plugins\org.eclipse.justj.openjdk.hotspot.jre.full.win32.x86_64_15.0.2.v20210201-0955\jre\bin\awt.dll
0x00007ffdaedb0000 - 0x00007ffdaee75000 	C:\WINDOWS\System32\OLEAUT32.dll
0x00007ffda7720000 - 0x00007ffda77af000 	C:\WINDOWS\SYSTEM32\apphelp.dll
0x00007ffdaad10000 - 0x00007ffdaad3d000 	C:\WINDOWS\system32\DWMAPI.DLL
0x00007ffdaa990000 - 0x00007ffdaaa29000 	C:\WINDOWS\system32\uxtheme.dll
0x00007ffd68710000 - 0x00007ffd68866000 	C:\WINDOWS\system32\opengl32.dll
0x00007ffd734c0000 - 0x00007ffd734ec000 	C:\WINDOWS\SYSTEM32\GLU32.dll
0x00007ffdab690000 - 0x00007ffdab6b0000 	C:\WINDOWS\SYSTEM32\dxcore.dll
0x00007ffdae9f0000 - 0x00007ffdaeb25000 	C:\WINDOWS\System32\MSCTF.dll
0x00007ffdae2b0000 - 0x00007ffdae407000 	C:\WINDOWS\System32\ole32.dll
0x00007ffd75250000 - 0x00007ffd752d5000 	C:\Users\riahi\.p2\pool\plugins\org.eclipse.justj.openjdk.hotspot.jre.full.win32.x86_64_15.0.2.v20210201-0955\jre\bin\freetype.dll
0x00007ffd67080000 - 0x00007ffd67129000 	C:\Users\riahi\.p2\pool\plugins\org.eclipse.justj.openjdk.hotspot.jre.full.win32.x86_64_15.0.2.v20210201-0955\jre\bin\fontmanager.dll
0x00007ffd7d1f0000 - 0x00007ffd7d28b000 	C:\WINDOWS\System32\TextInputFramework.dll
0x00007ffda4300000 - 0x00007ffda462a000 	C:\WINDOWS\System32\CoreUIComponents.dll
0x00007ffda70e0000 - 0x00007ffda71b4000 	C:\WINDOWS\System32\CoreMessaging.dll
0x00007ffdabc00000 - 0x00007ffdabc31000 	C:\WINDOWS\SYSTEM32\ntmarta.dll
0x00007ffda5100000 - 0x00007ffda5252000 	C:\WINDOWS\SYSTEM32\wintypes.dll
0x00007ffd411e0000 - 0x00007ffd411f9000 	C:\Users\riahi\.p2\pool\plugins\org.eclipse.justj.openjdk.hotspot.jre.full.win32.x86_64_15.0.2.v20210201-0955\jre\bin\net.dll
0x00007ffda37c0000 - 0x00007ffda38ba000 	C:\WINDOWS\SYSTEM32\WINHTTP.dll
0x00007ffdac290000 - 0x00007ffdac2f7000 	C:\WINDOWS\system32\mswsock.dll
0x00007ffd411c0000 - 0x00007ffd411d2000 	C:\Users\riahi\.p2\pool\plugins\org.eclipse.justj.openjdk.hotspot.jre.full.win32.x86_64_15.0.2.v20210201-0955\jre\bin\nio.dll
0x00007ffd92c40000 - 0x00007ffd92ee7000 	C:\WINDOWS\System32\iertutil.dll

dbghelp: loaded successfully - version: 4.0.5 - missing functions: none
symbol engine: initialized successfully - sym options: 0x614 - pdb path: .;C:\Users\riahi\.p2\pool\plugins\org.eclipse.justj.openjdk.hotspot.jre.full.win32.x86_64_15.0.2.v20210201-0955\jre\bin;C:\WINDOWS\SYSTEM32;C:\WINDOWS\WinSxS\amd64_microsoft.windows.common-controls_6595b64144ccf1df_6.0.18362.1500_none_9e79be6de462295c;C:\Users\riahi\.p2\pool\plugins\org.eclipse.justj.openjdk.hotspot.jre.full.win32.x86_64_15.0.2.v20210201-0955\jre\bin\server

VM Arguments:
jvm_args: -Dfile.encoding=Cp1252 -XX:+ShowCodeDetailsInExceptionMessages 
java_command: Board
java_class_path (initial): D:\isi\d04-h21-avril-groupe6\eclipse\bin
Launcher Type: SUN_STANDARD

[Global flags]
     intx CICompilerCount                          = 4                                         {product} {ergonomic}
     uint ConcGCThreads                            = 2                                         {product} {ergonomic}
     uint G1ConcRefinementThreads                  = 8                                         {product} {ergonomic}
   size_t G1HeapRegionSize                         = 2097152                                   {product} {ergonomic}
    uintx GCDrainStackTargetSize                   = 64                                        {product} {ergonomic}
   size_t InitialHeapSize                          = 266338304                                 {product} {ergonomic}
   size_t MarkStackSize                            = 4194304                                   {product} {ergonomic}
   size_t MaxHeapSize                              = 4255121408                                {product} {ergonomic}
   size_t MaxNewSize                               = 2552233984                                {product} {ergonomic}
   size_t MinHeapDeltaBytes                        = 2097152                                   {product} {ergonomic}
   size_t MinHeapSize                              = 8388608                                   {product} {ergonomic}
    uintx NonNMethodCodeHeapSize                   = 5839372                                {pd product} {ergonomic}
    uintx NonProfiledCodeHeapSize                  = 122909434                              {pd product} {ergonomic}
    uintx ProfiledCodeHeapSize                     = 122909434                              {pd product} {ergonomic}
    uintx ReservedCodeCacheSize                    = 251658240                              {pd product} {ergonomic}
     bool SegmentedCodeCache                       = true                                      {product} {ergonomic}
     bool ShowCodeDetailsInExceptionMessages       = true                                   {manageable} {command line}
   size_t SoftMaxHeapSize                          = 4255121408                             {manageable} {ergonomic}
     bool UseCompressedClassPointers               = true                                 {lp64_product} {ergonomic}
     bool UseCompressedOops                        = true                                 {lp64_product} {ergonomic}
     bool UseG1GC                                  = true                                      {product} {ergonomic}
     bool UseLargePagesIndividualAllocation        = false                                  {pd product} {ergonomic}

Logging:
Log output configuration:
 #0: stdout all=warning uptime,level,tags
 #1: stderr all=off uptime,level,tags

Environment Variables:
PATH=C:/Users/riahi/.p2/pool/plugins/org.eclipse.justj.openjdk.hotspot.jre.full.win32.x86_64_15.0.2.v20210201-0955/jre/bin/server;C:/Users/riahi/.p2/pool/plugins/org.eclipse.justj.openjdk.hotspot.jre.full.win32.x86_64_15.0.2.v20210201-0955/jre/bin;C:\Program Files (x86)\Common Files\Oracle\Java\javapath;C:\Program Files\Java\jdk-15.0.2\bin;C:\Windows\system32;C:\Windows;C:\Windows\System32\Wbem;C:\Windows\System32\WindowsPowerShell\v1.0\;C:\Windows\System32\OpenSSH\;C:\Program Files (x86)\NVIDIA Corporation\PhysX\Common;C:\Program Files\NVIDIA Corporation\NVIDIA NvDLISR;C:\WINDOWS\system32;C:\WINDOWS;C:\WINDOWS\System32\Wbem;C:\WINDOWS\System32\WindowsPowerShell\v1.0\;C:\WINDOWS\System32\OpenSSH\;C:\Program Files\dotnet\;C:\Program Files\Microsoft SQL Server\130\Tools\Binn\;C:\Program Files (x86)\Microsoft SQL Server\140\Tools\Binn\;C:\Program Files\Microsoft SQL Server\140\Tools\Binn\;C:\Program Files (x86)\Microsoft SQL Server\140\DTS\Binn\;C:\Program Files\Microsoft SQL Server\140\DTS\Binn\;C:\Program Files\Microsoft SQL Server\Client SDK\ODBC\130\Tools\Binn\;C:\Program Files (x86)\Microsoft SQL Server\150\DTS\Binn\;C:\Program Files (x86)\Microsoft SQL Server\110\DTS\Binn\;C:\Program Files (x86)\Microsoft SQL Server\120\DTS\Binn\;C:\Program Files (x86)\Microsoft SQL Server\130\DTS\Binn\;C:\Program Files\Git\cmd;C:\Users\riahi\AppData\Local\Microsoft\WindowsApps;C:\Users\riahi\.dotnet\tools;C:\Users\riahi\OneDrive\Desktop;
USERNAME=riahi
OS=Windows_NT
PROCESSOR_IDENTIFIER=Intel64 Family 6 Model 158 Stepping 10, GenuineIntel



---------------  S Y S T E M  ---------------

OS:
 Windows 10 , 64 bit Build 18362 (10.0.18362.1500)
OS uptime: 3 days 9:06 hours

CPU: total 8 (initial active 8) (4 cores per cpu, 2 threads per core) family 6 model 158 stepping 10 microcode 0xd6, cmov, cx8, fxsr, mmx, sse, sse2, sse3, ssse3, sse4.1, sse4.2, popcnt, vzeroupper, avx, avx2, aes, clmul, erms, 3dnowpref, lzcnt, ht, tsc, tscinvbit, bmi1, bmi2, adx, fma, clflush, clflushopt

Memory: 4k page, system-wide physical 16228M (7963M free)
TotalPageFile size 24228M (AvailPageFile size 0M)
current process WorkingSet (physical memory assigned to process): 65M, peak: 67M
current process commit charge ("private bytes"): 350M, peak: 353M

vm_info: OpenJDK 64-Bit Server VM (15.0.2+7-27) for windows-amd64 JRE (15.0.2+7-27), built on Dec  7 2020 20:02:38 by "mach5one" with unknown MS VC++:1925

END.
